This is pdfTeX, Version 3.141592653-2.6-1.40.22 (MiKTeX 21.2) (preloaded format=pdflatex 2021.3.5)  9 MAR 2021 23:13
entering extended mode
**./SURI_First_Paper_NonlinearBending.tex
(SURI_First_Paper_NonlinearBending.tex
LaTeX2e <2020-10-01> patch level 4
L3 programming layer <2021-02-18> xparse <2020-03-03>
(C:\Users\suri\AppData\Local\Programs\MiKTeX\tex/latex/elsarticle\elsarticle.cl
s
Document Class: elsarticle 2020/11/20, 3.3: Elsevier Ltd
(C:\Users\suri\AppData\Local\Programs\MiKTeX\tex/latex/l3kernel\expl3.sty
Package: expl3 2021-02-18 L3 programming layer (loader) 

(C:\Users\suri\AppData\Local\Programs\MiKTeX\tex/latex/l3backend\l3backend-pdft
ex.def
File: l3backend-pdftex.def 2021-03-02 L3 backend support: PDF output (pdfTeX)
\l__color_backend_stack_int=\count179
\l__pdf_internal_box=\box47
))
(C:\Users\suri\AppData\Local\Programs\MiKTeX\tex/latex/l3packages/xparse\xparse
.sty
Package: xparse 2020-10-27 L3 Experimental document command parser

(C:\Users\suri\AppData\Local\Programs\MiKTeX\tex/latex/l3packages/xparse\xparse
-generic.tex))
(C:\Users\suri\AppData\Local\Programs\MiKTeX\tex/latex/etoolbox\etoolbox.sty
Package: etoolbox 2020/10/05 v2.5k e-TeX tools for LaTeX (JAW)
\etb@tempcnta=\count180
)
\@bls=\dimen138

(C:\Users\suri\AppData\Local\Programs\MiKTeX\tex/latex/base\article.cls
Document Class: article 2020/04/10 v1.4m Standard LaTeX document class
(C:\Users\suri\AppData\Local\Programs\MiKTeX\tex/latex/base\size12.clo
File: size12.clo 2020/04/10 v1.4m Standard LaTeX file (size option)
)
\c@part=\count181
\c@section=\count182
\c@subsection=\count183
\c@subsubsection=\count184
\c@paragraph=\count185
\c@subparagraph=\count186
\c@figure=\count187
\c@table=\count188
\abovecaptionskip=\skip47
\belowcaptionskip=\skip48
\bibindent=\dimen139
)
(C:\Users\suri\AppData\Local\Programs\MiKTeX\tex/latex/graphics\graphicx.sty
Package: graphicx 2020/09/09 v1.2b Enhanced LaTeX Graphics (DPC,SPQR)

(C:\Users\suri\AppData\Local\Programs\MiKTeX\tex/latex/graphics\keyval.sty
Package: keyval 2014/10/28 v1.15 key=value parser (DPC)
\KV@toks@=\toks15
)
(C:\Users\suri\AppData\Local\Programs\MiKTeX\tex/latex/graphics\graphics.sty
Package: graphics 2020/08/30 v1.4c Standard LaTeX Graphics (DPC,SPQR)

(C:\Users\suri\AppData\Local\Programs\MiKTeX\tex/latex/graphics\trig.sty
Package: trig 2016/01/03 v1.10 sin cos tan (DPC)
)
(C:\Users\suri\AppData\Local\Programs\MiKTeX\tex/latex/graphics-cfg\graphics.cf
g
File: graphics.cfg 2016/06/04 v1.11 sample graphics configuration
)
Package graphics Info: Driver file: pdftex.def on input line 105.

(C:\Users\suri\AppData\Local\Programs\MiKTeX\tex/latex/graphics-def\pdftex.def
File: pdftex.def 2020/10/05 v1.2a Graphics/color driver for pdftex
))
\Gin@req@height=\dimen140
\Gin@req@width=\dimen141
)
\c@tnote=\count189
\c@fnote=\count190
\c@cnote=\count191
\c@ead=\count192
\c@author=\count193
\@eadauthor=\toks16
\c@affn=\count194
\absbox=\box48
\elsarticlehighlightsbox=\box49
\elsarticlegrabsbox=\box50
\keybox=\box51
\Columnwidth=\dimen142
\space@left=\dimen143
\els@boxa=\box52
\els@boxb=\box53
\leftMargin=\dimen144
\@enLab=\toks17
\@sep=\skip49
\@@sep=\skip50
 (SURI_First_Paper_NonlinearBending.spl)
(C:\Users\suri\AppData\Local\Programs\MiKTeX\tex/latex/natbib\natbib.sty
Package: natbib 2010/09/13 8.31b (PWD, AO)
\bibhang=\skip51
\bibsep=\skip52
LaTeX Info: Redefining \cite on input line 694.
\c@NAT@ctr=\count195
)
\splwrite=\write3
\openout3 = `SURI_First_Paper_NonlinearBending.spl'.


(C:\Users\suri\AppData\Local\Programs\MiKTeX\tex/latex/geometry\geometry.sty
Package: geometry 2020/01/02 v5.9 Page Geometry

(C:\Users\suri\AppData\Local\Programs\MiKTeX\tex/generic/iftex\ifvtex.sty
Package: ifvtex 2019/10/25 v1.7 ifvtex legacy package. Use iftex instead.

(C:\Users\suri\AppData\Local\Programs\MiKTeX\tex/generic/iftex\iftex.sty
Package: iftex 2020/03/06 v1.0d TeX engine tests
))
\Gm@cnth=\count196
\Gm@cntv=\count197
\c@Gm@tempcnt=\count198
\Gm@bindingoffset=\dimen145
\Gm@wd@mp=\dimen146
\Gm@odd@mp=\dimen147
\Gm@even@mp=\dimen148
\Gm@layoutwidth=\dimen149
\Gm@layoutheight=\dimen150
\Gm@layouthoffset=\dimen151
\Gm@layoutvoffset=\dimen152
\Gm@dimlist=\toks18

(C:\Users\suri\AppData\Local\Programs\MiKTeX\tex/latex/geometry\geometry.cfg))
\appnamewidth=\dimen153
) (C:\Users\suri\AppData\Local\Programs\MiKTeX\tex/latex/psnfss\mathptmx.sty
Package: mathptmx 2020/03/25 PSNFSS-v9.3 Times w/ Math, improved (SPQR, WaS) 
LaTeX Font Info:    Redeclaring symbol font `operators' on input line 28.
LaTeX Font Info:    Overwriting symbol font `operators' in version `normal'
(Font)                  OT1/cmr/m/n --> OT1/ztmcm/m/n on input line 28.
LaTeX Font Info:    Overwriting symbol font `operators' in version `bold'
(Font)                  OT1/cmr/bx/n --> OT1/ztmcm/m/n on input line 28.
LaTeX Font Info:    Redeclaring symbol font `letters' on input line 29.
LaTeX Font Info:    Overwriting symbol font `letters' in version `normal'
(Font)                  OML/cmm/m/it --> OML/ztmcm/m/it on input line 29.
LaTeX Font Info:    Overwriting symbol font `letters' in version `bold'
(Font)                  OML/cmm/b/it --> OML/ztmcm/m/it on input line 29.
LaTeX Font Info:    Redeclaring symbol font `symbols' on input line 30.
LaTeX Font Info:    Overwriting symbol font `symbols' in version `normal'
(Font)                  OMS/cmsy/m/n --> OMS/ztmcm/m/n on input line 30.
LaTeX Font Info:    Overwriting symbol font `symbols' in version `bold'
(Font)                  OMS/cmsy/b/n --> OMS/ztmcm/m/n on input line 30.
LaTeX Font Info:    Redeclaring symbol font `largesymbols' on input line 31.
LaTeX Font Info:    Overwriting symbol font `largesymbols' in version `normal'
(Font)                  OMX/cmex/m/n --> OMX/ztmcm/m/n on input line 31.
LaTeX Font Info:    Overwriting symbol font `largesymbols' in version `bold'
(Font)                  OMX/cmex/m/n --> OMX/ztmcm/m/n on input line 31.
\symbold=\mathgroup4
\symitalic=\mathgroup5
LaTeX Font Info:    Redeclaring math alphabet \mathbf on input line 34.
LaTeX Font Info:    Overwriting math alphabet `\mathbf' in version `normal'
(Font)                  OT1/cmr/bx/n --> OT1/ptm/bx/n on input line 34.
LaTeX Font Info:    Overwriting math alphabet `\mathbf' in version `bold'
(Font)                  OT1/cmr/bx/n --> OT1/ptm/bx/n on input line 34.
LaTeX Font Info:    Redeclaring math alphabet \mathit on input line 35.
LaTeX Font Info:    Overwriting math alphabet `\mathit' in version `normal'
(Font)                  OT1/cmr/m/it --> OT1/ptm/m/it on input line 35.
LaTeX Font Info:    Overwriting math alphabet `\mathit' in version `bold'
(Font)                  OT1/cmr/bx/it --> OT1/ptm/m/it on input line 35.
LaTeX Info: Redefining \hbar on input line 50.
)
(C:\Users\suri\AppData\Local\Programs\MiKTeX\tex/latex/base\fontenc.sty
Package: fontenc 2020/08/10 v2.0s Standard LaTeX package
LaTeX Font Info:    Trying to load font information for T1+ptm on input line 11
2.

(C:\Users\suri\AppData\Local\Programs\MiKTeX\tex/latex/psnfss\t1ptm.fd
File: t1ptm.fd 2001/06/04 font definitions for T1/ptm.
))
(C:\Users\suri\AppData\Local\Programs\MiKTeX\tex/latex/base\inputenc.sty
Package: inputenc 2020/08/01 v1.3d Input encoding file
\inpenc@prehook=\toks19
\inpenc@posthook=\toks20
)
(C:\Users\suri\AppData\Local\Programs\MiKTeX\tex/latex/graphics\color.sty
Package: color 2020/02/24 v1.2b Standard LaTeX Color (DPC)

(C:\Users\suri\AppData\Local\Programs\MiKTeX\tex/latex/graphics-cfg\color.cfg
File: color.cfg 2016/01/02 v1.6 sample color configuration
)
Package color Info: Driver file: pdftex.def on input line 147.
) (C:\Users\suri\AppData\Local\Programs\MiKTeX\tex/latex/latex-tools\array.sty
Package: array 2020/10/01 v2.5c Tabular extension package (FMi)
\col@sep=\dimen154
\ar@mcellbox=\box54
\extrarowheight=\dimen155
\NC@list=\toks21
\extratabsurround=\skip53
\backup@length=\skip54
\ar@cellbox=\box55
)
(C:\Users\suri\AppData\Local\Programs\MiKTeX\tex/latex/float\float.sty
Package: float 2001/11/08 v1.3d Float enhancements (AL)
\c@float@type=\count199
\float@exts=\toks22
\float@box=\box56
\@float@everytoks=\toks23
\@floatcapt=\box57
)
(C:\Users\suri\AppData\Local\Programs\MiKTeX\tex/latex/multirow\multirow.sty
Package: multirow 2021/01/29 v2.7 Span multiple rows of a table
\multirow@colwidth=\skip55
\multirow@cntb=\count266
\multirow@dima=\skip56
\bigstrutjot=\dimen156
)
(C:\Users\suri\AppData\Local\Programs\MiKTeX\tex/latex/amsmath\amsmath.sty
Package: amsmath 2020/09/23 v2.17i AMS math features
\@mathmargin=\skip57

For additional information on amsmath, use the `?' option.
(C:\Users\suri\AppData\Local\Programs\MiKTeX\tex/latex/amsmath\amstext.sty
Package: amstext 2000/06/29 v2.01 AMS text

(C:\Users\suri\AppData\Local\Programs\MiKTeX\tex/latex/amsmath\amsgen.sty
File: amsgen.sty 1999/11/30 v2.0 generic functions
\@emptytoks=\toks24
\ex@=\dimen157
))
(C:\Users\suri\AppData\Local\Programs\MiKTeX\tex/latex/amsmath\amsbsy.sty
Package: amsbsy 1999/11/29 v1.2d Bold Symbols
\pmbraise@=\dimen158
)
(C:\Users\suri\AppData\Local\Programs\MiKTeX\tex/latex/amsmath\amsopn.sty
Package: amsopn 2016/03/08 v2.02 operator names
)
\inf@bad=\count267
LaTeX Info: Redefining \frac on input line 234.
\uproot@=\count268
\leftroot@=\count269
LaTeX Info: Redefining \overline on input line 399.
\classnum@=\count270
\DOTSCASE@=\count271
LaTeX Info: Redefining \ldots on input line 496.
LaTeX Info: Redefining \dots on input line 499.
LaTeX Info: Redefining \cdots on input line 620.
\Mathstrutbox@=\box58
\strutbox@=\box59
\big@size=\dimen159
LaTeX Font Info:    Redeclaring font encoding OML on input line 743.
LaTeX Font Info:    Redeclaring font encoding OMS on input line 744.
\macc@depth=\count272
\c@MaxMatrixCols=\count273
\dotsspace@=\muskip16
\c@parentequation=\count274
\dspbrk@lvl=\count275
\tag@help=\toks25
\row@=\count276
\column@=\count277
\maxfields@=\count278
\andhelp@=\toks26
\eqnshift@=\dimen160
\alignsep@=\dimen161
\tagshift@=\dimen162
\tagwidth@=\dimen163
\totwidth@=\dimen164
\lineht@=\dimen165
\@envbody=\toks27
\multlinegap=\skip58
\multlinetaggap=\skip59
\mathdisplay@stack=\toks28
LaTeX Info: Redefining \[ on input line 2923.
LaTeX Info: Redefining \] on input line 2924.
)
(C:\Users\suri\AppData\Local\Programs\MiKTeX\tex/latex/amsfonts\amssymb.sty
Package: amssymb 2013/01/14 v3.01 AMS font symbols

(C:\Users\suri\AppData\Local\Programs\MiKTeX\tex/latex/amsfonts\amsfonts.sty
Package: amsfonts 2013/01/14 v3.01 Basic AMSFonts support
\symAMSa=\mathgroup6
\symAMSb=\mathgroup7
LaTeX Font Info:    Overwriting math alphabet `\mathfrak' in version `bold'
(Font)                  U/euf/m/n --> U/euf/b/n on input line 106.
))
(C:\Users\suri\AppData\Local\Programs\MiKTeX\tex/latex/rotfloat\rotfloat.sty
Package: rotfloat 2004/01/04 v1.2 Combining float+rotating package (AS)

(C:\Users\suri\AppData\Local\Programs\MiKTeX\tex/latex/graphics\rotating.sty
Package: rotating 2016/08/11 v2.16d rotated objects in LaTeX

(C:\Users\suri\AppData\Local\Programs\MiKTeX\tex/latex/base\ifthen.sty
Package: ifthen 2014/09/29 v1.1c Standard LaTeX ifthen package (DPC)
)
\c@r@tfl@t=\count279
\rotFPtop=\skip60
\rotFPbot=\skip61
\rot@float@box=\box60
\rot@mess@toks=\toks29
)
Package rotfloat Info: float package v1.3 detected on input line 74.
)
(C:\Users\suri\AppData\Local\Programs\MiKTeX\tex/latex/hyperref\hyperref.sty
Package: hyperref 2021-02-27 v7.00k Hypertext links for LaTeX

(C:\Users\suri\AppData\Local\Programs\MiKTeX\tex/generic/ltxcmds\ltxcmds.sty
Package: ltxcmds 2020-05-10 v1.25 LaTeX kernel commands for general use (HO)
)
(C:\Users\suri\AppData\Local\Programs\MiKTeX\tex/generic/pdftexcmds\pdftexcmds.
sty
Package: pdftexcmds 2020-06-27 v0.33 Utility functions of pdfTeX for LuaTeX (HO
)

(C:\Users\suri\AppData\Local\Programs\MiKTeX\tex/generic/infwarerr\infwarerr.st
y
Package: infwarerr 2019/12/03 v1.5 Providing info/warning/error messages (HO)
)
Package pdftexcmds Info: \pdf@primitive is available.
Package pdftexcmds Info: \pdf@ifprimitive is available.
Package pdftexcmds Info: \pdfdraftmode found.
)
(C:\Users\suri\AppData\Local\Programs\MiKTeX\tex/generic/kvsetkeys\kvsetkeys.st
y
Package: kvsetkeys 2019/12/15 v1.18 Key value parser (HO)
)
(C:\Users\suri\AppData\Local\Programs\MiKTeX\tex/generic/kvdefinekeys\kvdefinek
eys.sty
Package: kvdefinekeys 2019-12-19 v1.6 Define keys (HO)
)
(C:\Users\suri\AppData\Local\Programs\MiKTeX\tex/generic/pdfescape\pdfescape.st
y
Package: pdfescape 2019/12/09 v1.15 Implements pdfTeX's escape features (HO)
) (C:\Users\suri\AppData\Local\Programs\MiKTeX\tex/latex/hycolor\hycolor.sty
Package: hycolor 2020-01-27 v1.10 Color options for hyperref/bookmark (HO)
)
(C:\Users\suri\AppData\Local\Programs\MiKTeX\tex/latex/letltxmacro\letltxmacro.
sty
Package: letltxmacro 2019/12/03 v1.6 Let assignment for LaTeX macros (HO)
) (C:\Users\suri\AppData\Local\Programs\MiKTeX\tex/latex/auxhook\auxhook.sty
Package: auxhook 2019-12-17 v1.6 Hooks for auxiliary files (HO)
)
(C:\Users\suri\AppData\Local\Programs\MiKTeX\tex/latex/kvoptions\kvoptions.sty
Package: kvoptions 2020-10-07 v3.14 Key value format for package options (HO)
)
\@linkdim=\dimen166
\Hy@linkcounter=\count280
\Hy@pagecounter=\count281
(C:\Users\suri\AppData\Local\Programs\MiKTeX\tex/latex/hyperref\pd1enc.def
File: pd1enc.def 2021-02-27 v7.00k Hyperref: PDFDocEncoding definition (HO)
Now handling font encoding PD1 ...
... no UTF-8 mapping file for font encoding PD1
)
(C:\Users\suri\AppData\Local\Programs\MiKTeX\tex/latex/hyperref\hyperref-langpa
tches.def
File: hyperref-langpatches.def 2021-02-27 v7.00k Hyperref: patches for babel la
nguages
)
(C:\Users\suri\AppData\Local\Programs\MiKTeX\tex/generic/intcalc\intcalc.sty
Package: intcalc 2019/12/15 v1.3 Expandable calculations with integers (HO)
)
(C:\Users\suri\AppData\Local\Programs\MiKTeX\tex/generic/etexcmds\etexcmds.sty
Package: etexcmds 2019/12/15 v1.7 Avoid name clashes with e-TeX commands (HO)
)
\Hy@SavedSpaceFactor=\count282
(C:\Users\suri\AppData\Local\Programs\MiKTeX\tex/latex/hyperref\puenc.def
File: puenc.def 2021-02-27 v7.00k Hyperref: PDF Unicode definition (HO)
Now handling font encoding PU ...
... no UTF-8 mapping file for font encoding PU
)
Package hyperref Info: Option `unicode' set `true' on input line 4073.
Package hyperref Info: Option `bookmarks' set `true' on input line 4073.
Package hyperref Info: Option `bookmarksnumbered' set `true' on input line 4073
.
Package hyperref Info: Option `bookmarksopen' set `false' on input line 4073.
Package hyperref Info: Option `breaklinks' set `false' on input line 4073.
Package hyperref Info: Option `colorlinks' set `true' on input line 4073.
Package hyperref Info: Hyper figures OFF on input line 4192.
Package hyperref Info: Link nesting OFF on input line 4197.
Package hyperref Info: Hyper index ON on input line 4200.
Package hyperref Info: Plain pages OFF on input line 4207.
Package hyperref Info: Backreferencing OFF on input line 4212.
Package hyperref Info: Implicit mode ON; LaTeX internals redefined.
Package hyperref Info: Bookmarks ON on input line 4445.
\c@Hy@tempcnt=\count283

(C:\Users\suri\AppData\Local\Programs\MiKTeX\tex/latex/url\url.sty
\Urlmuskip=\muskip17
Package: url 2013/09/16  ver 3.4  Verb mode for urls, etc.
)
LaTeX Info: Redefining \url on input line 4804.
\XeTeXLinkMargin=\dimen167

(C:\Users\suri\AppData\Local\Programs\MiKTeX\tex/generic/bitset\bitset.sty
Package: bitset 2019/12/09 v1.3 Handle bit-vector datatype (HO)

(C:\Users\suri\AppData\Local\Programs\MiKTeX\tex/generic/bigintcalc\bigintcalc.
sty
Package: bigintcalc 2019/12/15 v1.5 Expandable calculations on big integers (HO
)
))
\Fld@menulength=\count284
\Field@Width=\dimen168
\Fld@charsize=\dimen169
Package hyperref Info: Hyper figures OFF on input line 6075.
Package hyperref Info: Link nesting OFF on input line 6080.
Package hyperref Info: Hyper index ON on input line 6083.
Package hyperref Info: backreferencing OFF on input line 6090.
Package hyperref Info: Link coloring ON on input line 6093.
Package hyperref Info: Link coloring with OCG OFF on input line 6100.
Package hyperref Info: PDF/A mode OFF on input line 6105.
LaTeX Info: Redefining \ref on input line 6145.
LaTeX Info: Redefining \pageref on input line 6149.

(C:\Users\suri\AppData\Local\Programs\MiKTeX\tex/latex/base\atbegshi-ltx.sty
Package: atbegshi-ltx 2020/08/17 v1.0a Emulation of the original atbegshi packa
ge
with kernel methods
)
\Hy@abspage=\count285
\c@Item=\count286
\c@Hfootnote=\count287
)
Package hyperref Info: Driver (autodetected): hpdftex.

(C:\Users\suri\AppData\Local\Programs\MiKTeX\tex/latex/hyperref\hpdftex.def
File: hpdftex.def 2021-02-27 v7.00k Hyperref driver for pdfTeX

(C:\Users\suri\AppData\Local\Programs\MiKTeX\tex/latex/base\atveryend-ltx.sty
Package: atveryend-ltx 2020/08/19 v1.0a Emulation of the original atvery packag
e
with kernel methods
)
\Fld@listcount=\count288
\c@bookmark@seq@number=\count289

(C:\Users\suri\AppData\Local\Programs\MiKTeX\tex/latex/rerunfilecheck\rerunfile
check.sty
Package: rerunfilecheck 2019/12/05 v1.9 Rerun checks for auxiliary files (HO)

(C:\Users\suri\AppData\Local\Programs\MiKTeX\tex/generic/uniquecounter\uniqueco
unter.sty
Package: uniquecounter 2019/12/15 v1.4 Provide unlimited unique counter (HO)
)
Package uniquecounter Info: New unique counter `rerunfilecheck' on input line 2
86.
)
\Hy@SectionHShift=\skip62
)
(C:\Users\suri\AppData\Local\Programs\MiKTeX\tex/latex/latex-tools\bm.sty
Package: bm 2019/07/24 v1.2d Bold Symbol Support (DPC/FMi)
LaTeX Info: Redefining \bm on input line 209.
)
(C:\Users\suri\AppData\Local\Programs\MiKTeX\tex/latex/base\fontenc.sty
Package: fontenc 2020/08/10 v2.0s Standard LaTeX package
)
(C:\Users\suri\AppData\Local\Programs\MiKTeX\tex/latex/lineno\lineno.sty
Package: lineno 2005/11/02 line numbers on paragraphs v4.41
\linenopenalty=\count290
\output=\toks30
\linenoprevgraf=\count291
\linenumbersep=\dimen170
\linenumberwidth=\dimen171
\c@linenumber=\count292
\c@pagewiselinenumber=\count293
\c@LN@truepage=\count294
\c@internallinenumber=\count295
\c@internallinenumbers=\count296
\quotelinenumbersep=\dimen172
\bframerule=\dimen173
\bframesep=\dimen174
\bframebox=\box61
LaTeX Info: Redefining \\ on input line 3056.
)
(C:\Users\suri\AppData\Local\Programs\MiKTeX\tex/latex/cleveref\cleveref.sty
Package: cleveref 2018/03/27 v0.21.4 Intelligent cross-referencing
Package cleveref Info: `hyperref' support loaded on input line 2370.
LaTeX Info: Redefining \cref on input line 2370.
LaTeX Info: Redefining \Cref on input line 2370.
LaTeX Info: Redefining \crefrange on input line 2370.
LaTeX Info: Redefining \Crefrange on input line 2370.
LaTeX Info: Redefining \cpageref on input line 2370.
LaTeX Info: Redefining \Cpageref on input line 2370.
LaTeX Info: Redefining \cpagerefrange on input line 2370.
LaTeX Info: Redefining \Cpagerefrange on input line 2370.
LaTeX Info: Redefining \labelcref on input line 2370.
LaTeX Info: Redefining \labelcpageref on input line 2370.
Package cleveref Info: include cross-reference names in hyperlinks on input lin
e 7836.
Package cleveref Info: no abbreviation of names on input line 7852.
Package cleveref Info: include cross-reference names in hyperlinks on input lin
e 7852.
)
(C:\Users\suri\AppData\Local\Programs\MiKTeX\tex/latex/caption\caption.sty
Package: caption 2020/10/26 v3.5g Customizing captions (AR)

(C:\Users\suri\AppData\Local\Programs\MiKTeX\tex/latex/caption\caption3.sty
Package: caption3 2020/10/21 v2.2e caption3 kernel (AR)
\captionmargin=\dimen175
\captionmargin@=\dimen176
\captionwidth=\dimen177
\caption@tempdima=\dimen178
\caption@indent=\dimen179
\caption@parindent=\dimen180
\caption@hangindent=\dimen181
Package caption Info: elsarticle document class detected.

(C:\Users\suri\AppData\Local\Programs\MiKTeX\tex/latex/caption\caption-elsartic
le.sto
File: caption-elsarticle.sto 2020/08/22 v2.0 Adaption of the caption package to
 the elsarticle document class (AR)
))
\c@caption@flags=\count297
\c@continuedfloat=\count298
Package caption Info: float package is loaded.
Package caption Info: hyperref package is loaded.
Package caption Info: rotating package is loaded.
)
(C:\Users\suri\AppData\Local\Programs\MiKTeX\tex/latex/subfig\subfig.sty
Package: subfig 2005/06/28 ver: 1.3 subfig package
\c@KVtest=\count299
\sf@farskip=\skip63
\sf@captopadj=\dimen182
\sf@capskip=\skip64
\sf@nearskip=\skip65
\c@subfigure=\count300
\c@subfigure@save=\count301
\c@lofdepth=\count302
\c@subtable=\count303
\c@subtable@save=\count304
\c@lotdepth=\count305
\sf@top=\skip66
\sf@bottom=\skip67
)
(SURI_First_Paper_NonlinearBending.aux)
\openout1 = `SURI_First_Paper_NonlinearBending.aux'.

LaTeX Font Info:    Checking defaults for OML/cmm/m/it on input line 101.
LaTeX Font Info:    ... okay on input line 101.
LaTeX Font Info:    Checking defaults for OMS/cmsy/m/n on input line 101.
LaTeX Font Info:    ... okay on input line 101.
LaTeX Font Info:    Checking defaults for OT1/cmr/m/n on input line 101.
LaTeX Font Info:    ... okay on input line 101.
LaTeX Font Info:    Checking defaults for T1/cmr/m/n on input line 101.
LaTeX Font Info:    ... okay on input line 101.
LaTeX Font Info:    Checking defaults for TS1/cmr/m/n on input line 101.
LaTeX Font Info:    ... okay on input line 101.
LaTeX Font Info:    Checking defaults for OMX/cmex/m/n on input line 101.
LaTeX Font Info:    ... okay on input line 101.
LaTeX Font Info:    Checking defaults for U/cmr/m/n on input line 101.
LaTeX Font Info:    ... okay on input line 101.
LaTeX Font Info:    Checking defaults for PD1/pdf/m/n on input line 101.
LaTeX Font Info:    ... okay on input line 101.
LaTeX Font Info:    Checking defaults for PU/pdf/m/n on input line 101.
LaTeX Font Info:    ... okay on input line 101.

(C:\Users\suri\AppData\Local\Programs\MiKTeX\tex/context/base/mkii\supp-pdf.mki
i
[Loading MPS to PDF converter (version 2006.09.02).]
\scratchcounter=\count306
\scratchdimen=\dimen183
\scratchbox=\box62
\nofMPsegments=\count307
\nofMParguments=\count308
\everyMPshowfont=\toks31
\MPscratchCnt=\count309
\MPscratchDim=\dimen184
\MPnumerator=\count310
\makeMPintoPDFobject=\count311
\everyMPtoPDFconversion=\toks32
)
(C:\Users\suri\AppData\Local\Programs\MiKTeX\tex/latex/epstopdf-pkg\epstopdf-ba
se.sty
Package: epstopdf-base 2020-01-24 v2.11 Base part for package epstopdf
Package epstopdf-base Info: Redefining graphics rule for `.eps' on input line 4
85.
)
*geometry* driver: auto-detecting
*geometry* detected driver: pdftex
*geometry* verbose mode - [ preamble ] result:
* driver: pdftex
* paper: custom
* layout: <same size as paper>
* layoutoffset:(h,v)=(0.0pt,0.0pt)
* hratio: 1:1
* vratio: 1:1
* modes: 
* h-part:(L,W,R)=(64.75394pt, 468.0pt, 64.75394pt)
* v-part:(T,H,B)=(111.52342pt, 622.0pt, 111.52342pt)
* \paperwidth=597.50787pt
* \paperheight=845.04684pt
* \textwidth=468.0pt
* \textheight=622.0pt
* \oddsidemargin=-7.51605pt
* \evensidemargin=-7.51605pt
* \topmargin=-22.74657pt
* \headheight=50.0pt
* \headsep=12.0pt
* \topskip=12.0pt
* \footskip=18.0pt
* \marginparwidth=44.0pt
* \marginparsep=10.0pt
* \columnsep=24.0pt
* \skip\footins=24.0pt plus 2.0pt minus 12.0pt
* \hoffset=0.0pt
* \voffset=0.0pt
* \mag=1000
* \@twocolumnfalse
* \@twosidefalse
* \@mparswitchfalse
* \@reversemarginfalse
* (1in=72.27pt=25.4mm, 1cm=28.453pt)

Package hyperref Info: Link coloring ON on input line 101.
(C:\Users\suri\AppData\Local\Programs\MiKTeX\tex/latex/hyperref\nameref.sty
Package: nameref 2021-04-02 v2.47 Cross-referencing by name of section

(C:\Users\suri\AppData\Local\Programs\MiKTeX\tex/latex/refcount\refcount.sty
Package: refcount 2019/12/15 v3.6 Data extraction from label references (HO)
)
(C:\Users\suri\AppData\Local\Programs\MiKTeX\tex/generic/gettitlestring\gettitl
estring.sty
Package: gettitlestring 2019/12/15 v1.6 Cleanup title references (HO)
)
\c@section@level=\count312
)
LaTeX Info: Redefining \ref on input line 101.
LaTeX Info: Redefining \pageref on input line 101.
LaTeX Info: Redefining \nameref on input line 101.
 (SURI_First_Paper_NonlinearBending.out)
(SURI_First_Paper_NonlinearBending.out)
\@outlinefile=\write4
\openout4 = `SURI_First_Paper_NonlinearBending.out'.

Package caption Info: Begin \AtBeginDocument code.
Package caption Info: subfig package v1.3 is loaded.
Package caption Info: End \AtBeginDocument code.
LaTeX Font Info:    Trying to load font information for OT1+ztmcm on input line
 139.

(C:\Users\suri\AppData\Local\Programs\MiKTeX\tex/latex/psnfss\ot1ztmcm.fd
File: ot1ztmcm.fd 2000/01/03 Fontinst v1.801 font definitions for OT1/ztmcm.
)
LaTeX Font Info:    Trying to load font information for OML+ztmcm on input line
 139.

(C:\Users\suri\AppData\Local\Programs\MiKTeX\tex/latex/psnfss\omlztmcm.fd
File: omlztmcm.fd 2000/01/03 Fontinst v1.801 font definitions for OML/ztmcm.
)
LaTeX Font Info:    Trying to load font information for OMS+ztmcm on input line
 139.

(C:\Users\suri\AppData\Local\Programs\MiKTeX\tex/latex/psnfss\omsztmcm.fd
File: omsztmcm.fd 2000/01/03 Fontinst v1.801 font definitions for OMS/ztmcm.
)
LaTeX Font Info:    Trying to load font information for OMX+ztmcm on input line
 139.

(C:\Users\suri\AppData\Local\Programs\MiKTeX\tex/latex/psnfss\omxztmcm.fd
File: omxztmcm.fd 2000/01/03 Fontinst v1.801 font definitions for OMX/ztmcm.
)
LaTeX Font Info:    Trying to load font information for OT1+ptm on input line 1
39.

(C:\Users\suri\AppData\Local\Programs\MiKTeX\tex/latex/psnfss\ot1ptm.fd
File: ot1ptm.fd 2001/06/04 font definitions for OT1/ptm.
)
LaTeX Font Info:    Font shape `OT1/ptm/bx/n' in size <12> not available
(Font)              Font shape `OT1/ptm/b/n' tried instead on input line 139.
LaTeX Font Info:    Font shape `OT1/ptm/bx/n' in size <9> not available
(Font)              Font shape `OT1/ptm/b/n' tried instead on input line 139.
LaTeX Font Info:    Font shape `OT1/ptm/bx/n' in size <7> not available
(Font)              Font shape `OT1/ptm/b/n' tried instead on input line 139.
LaTeX Font Info:    Font shape `OT1/ptm/bx/n' in size <5> not available
(Font)              Font shape `OT1/ptm/b/n' tried instead on input line 160.
LaTeX Font Info:    Font shape `OT1/ptm/bx/n' in size <10> not available
(Font)              Font shape `OT1/ptm/b/n' tried instead on input line 160.
LaTeX Font Info:    Font shape `OT1/ptm/bx/n' in size <7.4> not available
(Font)              Font shape `OT1/ptm/b/n' tried instead on input line 160.
LaTeX Font Info:    Font shape `OT1/ptm/bx/n' in size <6> not available
(Font)              Font shape `OT1/ptm/b/n' tried instead on input line 160.
LaTeX Font Info:    Calculating math sizes for size <7.4> on input line 160.
LaTeX Font Info:    Font shape `OT1/ptm/bx/n' in size <5.47603> not available
(Font)              Font shape `OT1/ptm/b/n' tried instead on input line 160.
LaTeX Font Info:    Font shape `OT1/ptm/bx/n' in size <4.44003> not available
(Font)              Font shape `OT1/ptm/b/n' tried instead on input line 160.
LaTeX Font Info:    Trying to load font information for T1+cmtt on input line 1
60.

(C:\Users\suri\AppData\Local\Programs\MiKTeX\tex/latex/base\t1cmtt.fd
File: t1cmtt.fd 2019/12/16 v2.5j Standard LaTeX font definitions
)

Package mathptmx Warning: There are no bold math fonts on input line 162.


Overfull \hbox (2.28003pt too wide) has occurred while \output is active
[] 
 []


Package hyperref Warning: Token not allowed in a PDF string (Unicode):
(hyperref)                removing `\<let>-command' on input line 182.


Package hyperref Warning: Token not allowed in a PDF string (Unicode):
(hyperref)                removing `\comma' on input line 182.


Package hyperref Warning: Token not allowed in a PDF string (Unicode):
(hyperref)                removing `\<def>-command' on input line 182.


Package hyperref Warning: Token not allowed in a PDF string (Unicode):
(hyperref)                removing `\@fnmark' on input line 182.


Package hyperref Warning: Token not allowed in a PDF string (Unicode):
(hyperref)                removing `\<def>-command' on input line 182.


Package hyperref Warning: Token not allowed in a PDF string (Unicode):
(hyperref)                removing `\cnotenum' on input line 182.


Package hyperref Warning: Token not allowed in a PDF string (Unicode):
(hyperref)                removing `\<def>-command' on input line 182.


Package hyperref Warning: Token not allowed in a PDF string (Unicode):
(hyperref)                removing `\@corref' on input line 182.


Package hyperref Warning: Token not allowed in a PDF string (Unicode):
(hyperref)                removing `\<let>-command' on input line 182.


Package hyperref Warning: Token not allowed in a PDF string (Unicode):
(hyperref)                removing `\comma' on input line 182.


Package hyperref Warning: Token not allowed in a PDF string (Unicode):
(hyperref)                removing `\<def>-command' on input line 182.


Package hyperref Warning: Token not allowed in a PDF string (Unicode):
(hyperref)                removing `\@fnmark' on input line 182.


Package hyperref Warning: Token not allowed in a PDF string (Unicode):
(hyperref)                removing `\<def>-command' on input line 182.


Package hyperref Warning: Token not allowed in a PDF string (Unicode):
(hyperref)                removing `\cnotenum' on input line 182.


Package hyperref Warning: Token not allowed in a PDF string (Unicode):
(hyperref)                removing `\<def>-command' on input line 182.


Package hyperref Warning: Token not allowed in a PDF string (Unicode):
(hyperref)                removing `\@corref' on input line 182.


Package hyperref Warning: Token not allowed in a PDF string (Unicode):
(hyperref)                removing `\<let>-command' on input line 182.


Package hyperref Warning: Token not allowed in a PDF string (Unicode):
(hyperref)                removing `\comma' on input line 182.


Package hyperref Warning: Token not allowed in a PDF string (Unicode):
(hyperref)                removing `\<def>-command' on input line 182.


Package hyperref Warning: Token not allowed in a PDF string (Unicode):
(hyperref)                removing `\@fnmark' on input line 182.


Package hyperref Warning: Token not allowed in a PDF string (Unicode):
(hyperref)                removing `\<let>-command' on input line 182.


Package hyperref Warning: Token not allowed in a PDF string (Unicode):
(hyperref)                removing `\comma' on input line 182.


Package hyperref Warning: Token not allowed in a PDF string (Unicode):
(hyperref)                removing `\<def>-command' on input line 182.


Package hyperref Warning: Token not allowed in a PDF string (Unicode):
(hyperref)                removing `\@fnmark' on input line 182.

[1

{C:/Users/suri/AppData/Local/MiKTeX/pdftex/config/pdftex.map}] [2] [3]
[4] [5]

pdfTeX warning: pdflatex.exe (file ./Plots/Laminated_Composite_Plate_AIAA_2020.
pdf): PDF inclusion: found PDF version <1.7>, but at most version <1.5> allowed

<Plots/Laminated_Composite_Plate_AIAA_2020.pdf, id=272, 687.56876pt x 707.64375
pt>
File: Plots/Laminated_Composite_Plate_AIAA_2020.pdf Graphic file (type pdf)
<use Plots/Laminated_Composite_Plate_AIAA_2020.pdf>
Package pdftex.def Info: Plots/Laminated_Composite_Plate_AIAA_2020.pdf  used on
 input line 378.
(pdftex.def)             Requested size: 227.62204pt x 234.2682pt.
[6 <./Plots/Laminated_Composite_Plate_AIAA_2020.pdf>] [7]
Overfull \hbox (33.6002pt too wide) detected at line 537
[][][] \OT1/ztmcm/m/n/12 = []
 []

[8]
Overfull \hbox (11.48483pt too wide) detected at line 625
[] [] \OT1/ztmcm/m/n/12 = [][] [] [] \OML/ztmcm/m/it/12 dz
 []


Overfull \hbox (32.99815pt too wide) detected at line 637
[] [][] [] \OML/ztmcm/m/it/12 dV \OT1/ztmcm/m/n/12 = [][] \OML/ztmcm/m/it/12 w
[]PdA
 []

[9]
Overfull \hbox (9.35826pt too wide) detected at line 658
[] \OT1/ztmcm/m/n/12 = [][] [] \OML/ztmcm/m/it/12 dzdA
 []

<Plots/Q9IsoparametricElement.pdf, id=329, 616.3025pt x 229.85875pt>
File: Plots/Q9IsoparametricElement.pdf Graphic file (type pdf)
<use Plots/Q9IsoparametricElement.pdf>
Package pdftex.def Info: Plots/Q9IsoparametricElement.pdf  used on input line 6
90.
(pdftex.def)             Requested size: 369.78435pt x 137.91629pt.
[10] [11 <./Plots/Q9IsoparametricElement.pdf>]
Overfull \hbox (30.73495pt too wide) detected at line 788
[] \OT1/ztmcm/m/n/12 = [][] [] \OML/ztmcm/m/it/12 dzdA
 []

[12] [13]

pdfTeX warning: pdflatex.exe (file ./All_Images/Classification of Patch.pdf): P
DF inclusion: found PDF version <1.7>, but at most version <1.5> allowed
<All_Images/Classification of Patch.pdf, id=420, 480.79625pt x 471.7625pt>
File: All_Images/Classification of Patch.pdf Graphic file (type pdf)
<use All_Images/Classification of Patch.pdf>
Package pdftex.def Info: All_Images/Classification of Patch.pdf  used on input 
line 908.
(pdftex.def)             Requested size: 240.39752pt x 235.88066pt.


pdfTeX warning: pdflatex.exe (file ./All_Images/Patch.pdf): PDF inclusion: foun
d PDF version <1.7>, but at most version <1.5> allowed
<All_Images/Patch.pdf, id=421, 851.18pt x 340.27126pt>
File: All_Images/Patch.pdf Graphic file (type pdf)
<use All_Images/Patch.pdf>
Package pdftex.def Info: All_Images/Patch.pdf  used on input line 910.
(pdftex.def)             Requested size: 383.02745pt x 153.12064pt.
[14] [15 <./All_Images/Classification of Patch.pdf> <./All_Images/Patch.pdf>]

pdfTeX warning: pdflatex.exe (file ./All_Images/Assembly.pdf): PDF inclusion: f
ound PDF version <1.7>, but at most version <1.5> allowed
<All_Images/Assembly.pdf, id=514, 641.39626pt x 462.72874pt>
File: All_Images/Assembly.pdf Graphic file (type pdf)
<use All_Images/Assembly.pdf>
Package pdftex.def Info: All_Images/Assembly.pdf  used on input line 984.
(pdftex.def)             Requested size: 384.84071pt x 277.63939pt.
[16] [17 <./All_Images/Assembly.pdf>]
LaTeX Font Info:    Trying to load font information for TS1+ptm on input line 1
008.

(C:\Users\suri\AppData\Local\Programs\MiKTeX\tex/latex/psnfss\ts1ptm.fd
File: ts1ptm.fd 2001/06/04 font definitions for TS1/ptm.
)
[18]
Overfull \hbox (36.06099pt too wide) in paragraph at lines 1102--1110
[]\T1/ptm/m/n/12 In or-der to val-i-date the present for-mu-la-tion, a sim-ply 
sup-ported $[]$ four lay-ered $[]$
 []

[19]
Overfull \hbox (20.72417pt too wide) in paragraph at lines 1138--1168
 [][] 
 []

[20]
Overfull \hbox (10.11862pt too wide) in paragraph at lines 1181--1203
\T1/ptm/m/n/12 (SSL), $\OML/ztmcm/m/it/12 P \OT1/ztmcm/m/n/12 = \OML/ztmcm/m/it
/12 P[]sin [] sin []$\T1/ptm/m/n/12 , are con-sid-ered for in-ves-ti-ga-tion. T
he plate is made of $\OML/ztmcm/m/it/12 Material \OMS/ztmcm/m/n/12  
 []

LaTeX Font Info:    Trying to load font information for T1+cmss on input line 1
217.
(C:\Users\suri\AppData\Local\Programs\MiKTeX\tex/latex/base\t1cmss.fd
File: t1cmss.fd 2019/12/16 v2.5j Standard LaTeX font definitions
)
Overfull \hbox (41.88263pt too wide) in paragraph at lines 1213--1253
 [][] 
 []

[21]
Overfull \vbox (5.08307pt too high) has occurred while \output is active []


[22] [23]

pdfTeX warning: pdflatex.exe (file ./Plots/Problem_NL_1.pdf): PDF inclusion: fo
und PDF version <1.7>, but at most version <1.5> allowed
<Plots/Problem_NL_1.pdf, id=665, 481.8pt x 479.7925pt>
File: Plots/Problem_NL_1.pdf Graphic file (type pdf)
<use Plots/Problem_NL_1.pdf>
Package pdftex.def Info: Plots/Problem_NL_1.pdf  used on input line 1319.
(pdftex.def)             Requested size: 240.8994pt x 239.89565pt.


pdfTeX warning: pdflatex.exe (file ./Plots/Problem_NL_1_Stress_xx.pdf): PDF inc
lusion: found PDF version <1.7>, but at most version <1.5> allowed
<Plots/Problem_NL_1_Stress_xx.pdf, id=666, 476.78125pt x 474.77374pt>
File: Plots/Problem_NL_1_Stress_xx.pdf Graphic file (type pdf)
<use Plots/Problem_NL_1_Stress_xx.pdf>
Package pdftex.def Info: Plots/Problem_NL_1_Stress_xx.pdf  used on input line 1
320.
(pdftex.def)             Requested size: 238.39003pt x 237.38629pt.

Overfull \hbox (11.28943pt too wide) in paragraph at lines 1319--1321
 [][][][] 
 []

[24 <./Plots/Problem_NL_1.pdf> <./Plots/Problem_NL_1_Stress_xx.pdf>]

pdfTeX warning: pdflatex.exe (file ./Plots/Problem_NL_5_0.pdf): PDF inclusion: 
found PDF version <1.7>, but at most version <1.5> allowed
<Plots/Problem_NL_5_0.pdf, id=695, 486.81876pt x 479.7925pt>
File: Plots/Problem_NL_5_0.pdf Graphic file (type pdf)
<use Plots/Problem_NL_5_0.pdf>
Package pdftex.def Info: Plots/Problem_NL_5_0.pdf  used on input line 1369.
(pdftex.def)             Requested size: 243.40878pt x 239.89565pt.


pdfTeX warning: pdflatex.exe (file ./Plots/Problem_NL_5_1.pdf): PDF inclusion: 
found PDF version <1.7>, but at most version <1.5> allowed
<Plots/Problem_NL_5_1.pdf, id=696, 486.81876pt x 479.7925pt>
File: Plots/Problem_NL_5_1.pdf Graphic file (type pdf)
<use Plots/Problem_NL_5_1.pdf>
Package pdftex.def Info: Plots/Problem_NL_5_1.pdf  used on input line 1369.
(pdftex.def)             Requested size: 243.40878pt x 239.89565pt.

Overfull \hbox (27.81757pt too wide) in paragraph at lines 1369--1370
 [][][][] 
 []



pdfTeX warning: pdflatex.exe (file ./Plots/Problem_NL_5_2.pdf): PDF inclusion: 
found PDF version <1.7>, but at most version <1.5> allowed
<Plots/Problem_NL_5_2.pdf, id=697, 486.81876pt x 479.7925pt>
File: Plots/Problem_NL_5_2.pdf Graphic file (type pdf)
<use Plots/Problem_NL_5_2.pdf>
Package pdftex.def Info: Plots/Problem_NL_5_2.pdf  used on input line 1371.
(pdftex.def)             Requested size: 243.40878pt x 239.89565pt.


pdfTeX warning: pdflatex.exe (file ./Plots/Problem_NL_5_4.pdf): PDF inclusion: 
found PDF version <1.7>, but at most version <1.5> allowed
<Plots/Problem_NL_5_4.pdf, id=698, 486.81876pt x 479.7925pt>
File: Plots/Problem_NL_5_4.pdf Graphic file (type pdf)
<use Plots/Problem_NL_5_4.pdf>
Package pdftex.def Info: Plots/Problem_NL_5_4.pdf  used on input line 1371.
(pdftex.def)             Requested size: 243.40878pt x 239.89565pt.

Overfull \hbox (18.81757pt too wide) in paragraph at lines 1371--1373
 [][][][] 
 []

[25] [26 <./Plots/Problem_NL_5_0.pdf> <./Plots/Problem_NL_5_1.pdf> <./Plots/Pro
blem_NL_5_2.pdf> <./Plots/Problem_NL_5_4.pdf>]

pdfTeX warning: pdflatex.exe (file ./Plots/Problem_NL_6_1.pdf): PDF inclusion: 
found PDF version <1.7>, but at most version <1.5> allowed
<Plots/Problem_NL_6_1.pdf, id=779, 480.79625pt x 479.7925pt>
File: Plots/Problem_NL_6_1.pdf Graphic file (type pdf)
<use Plots/Problem_NL_6_1.pdf>
Package pdftex.def Info: Plots/Problem_NL_6_1.pdf  used on input line 1402.
(pdftex.def)             Requested size: 240.39752pt x 239.89565pt.


pdfTeX warning: pdflatex.exe (file ./Plots/Problem_NL_6_2.pdf): PDF inclusion: 
found PDF version <1.7>, but at most version <1.5> allowed
<Plots/Problem_NL_6_2.pdf, id=780, 480.79625pt x 479.7925pt>
File: Plots/Problem_NL_6_2.pdf Graphic file (type pdf)
<use Plots/Problem_NL_6_2.pdf>
Package pdftex.def Info: Plots/Problem_NL_6_2.pdf  used on input line 1402.
(pdftex.def)             Requested size: 240.39752pt x 239.89565pt.

Overfull \hbox (12.79504pt too wide) in paragraph at lines 1402--1403
 [][][][] 
 []

[27 <./Plots/Problem_NL_6_1.pdf> <./Plots/Problem_NL_6_2.pdf>] [28] [29]
[30] [31]

pdfTeX warning: pdflatex.exe (file ./Plots/Problem_NL_8_1_0_90_90_0.pdf): PDF i
nclusion: found PDF version <1.7>, but at most version <1.5> allowed
<Plots/Problem_NL_8_1_0_90_90_0.pdf, id=869, 490.83376pt x 480.79625pt>
File: Plots/Problem_NL_8_1_0_90_90_0.pdf Graphic file (type pdf)
<use Plots/Problem_NL_8_1_0_90_90_0.pdf>
Package pdftex.def Info: Plots/Problem_NL_8_1_0_90_90_0.pdf  used on input line
 1565.
(pdftex.def)             Requested size: 196.33002pt x 192.31508pt.


pdfTeX warning: pdflatex.exe (file ./Plots/Problem_NL_8_2_0_90_90_0.pdf): PDF i
nclusion: found PDF version <1.7>, but at most version <1.5> allowed
<Plots/Problem_NL_8_2_0_90_90_0.pdf, id=870, 490.83376pt x 480.79625pt>
File: Plots/Problem_NL_8_2_0_90_90_0.pdf Graphic file (type pdf)
<use Plots/Problem_NL_8_2_0_90_90_0.pdf>
Package pdftex.def Info: Plots/Problem_NL_8_2_0_90_90_0.pdf  used on input line
 1565.
(pdftex.def)             Requested size: 196.33002pt x 192.31508pt.


pdfTeX warning: pdflatex.exe (file ./Plots/Problem_NL_8_4_0_90_90_0.pdf): PDF i
nclusion: found PDF version <1.7>, but at most version <1.5> allowed
<Plots/Problem_NL_8_4_0_90_90_0.pdf, id=871, 496.85625pt x 480.79625pt>
File: Plots/Problem_NL_8_4_0_90_90_0.pdf Graphic file (type pdf)
<use Plots/Problem_NL_8_4_0_90_90_0.pdf>
Package pdftex.def Info: Plots/Problem_NL_8_4_0_90_90_0.pdf  used on input line
 1568.
(pdftex.def)             Requested size: 203.71237pt x 197.12773pt.


pdfTeX warning: pdflatex.exe (file ./Plots/Problem_NL_8_5_0_90_90_0.pdf): PDF i
nclusion: found PDF version <1.7>, but at most version <1.5> allowed
<Plots/Problem_NL_8_5_0_90_90_0.pdf, id=872, 490.83376pt x 480.79625pt>
File: Plots/Problem_NL_8_5_0_90_90_0.pdf Graphic file (type pdf)
<use Plots/Problem_NL_8_5_0_90_90_0.pdf>
Package pdftex.def Info: Plots/Problem_NL_8_5_0_90_90_0.pdf  used on input line
 1568.
(pdftex.def)             Requested size: 201.24313pt x 197.12773pt.


pdfTeX warning: pdflatex.exe (file ./Plots/Problem_NL_8_3_0_90_90_0.pdf): PDF i
nclusion: found PDF version <1.7>, but at most version <1.5> allowed
<Plots/Problem_NL_8_3_0_90_90_0.pdf, id=873, 496.85625pt x 480.79625pt>
File: Plots/Problem_NL_8_3_0_90_90_0.pdf Graphic file (type pdf)
<use Plots/Problem_NL_8_3_0_90_90_0.pdf>
Package pdftex.def Info: Plots/Problem_NL_8_3_0_90_90_0.pdf  used on input line
 1571.
(pdftex.def)             Requested size: 198.73897pt x 192.31508pt.
[32]
Overfull \vbox (114.55757pt too high) has occurred while \output is active []


[33 <./Plots/Problem_NL_8_1_0_90_90_0.pdf> <./Plots/Problem_NL_8_2_0_90_90_0.pd
f> <./Plots/Problem_NL_8_4_0_90_90_0.pdf> <./Plots/Problem_NL_8_5_0_90_90_0.pdf
> <./Plots/Problem_NL_8_3_0_90_90_0.pdf>] [34] [35]

pdfTeX warning: pdflatex.exe (file ./Plots/Problem_NL_10_1.pdf): PDF inclusion:
 found PDF version <1.7>, but at most version <1.5> allowed
<Plots/Problem_NL_10_1.pdf, id=1039, 470.75874pt x 468.75125pt>
File: Plots/Problem_NL_10_1.pdf Graphic file (type pdf)
<use Plots/Problem_NL_10_1.pdf>
Package pdftex.def Info: Plots/Problem_NL_10_1.pdf  used on input line 1685.
(pdftex.def)             Requested size: 235.3788pt x 234.37505pt.


pdfTeX warning: pdflatex.exe (file ./Plots/Problem_NL_10_2.pdf): PDF inclusion:
 found PDF version <1.7>, but at most version <1.5> allowed
<Plots/Problem_NL_10_2.pdf, id=1040, 470.75874pt x 474.77374pt>
File: Plots/Problem_NL_10_2.pdf Graphic file (type pdf)
<use Plots/Problem_NL_10_2.pdf>
Package pdftex.def Info: Plots/Problem_NL_10_2.pdf  used on input line 1686.
(pdftex.def)             Requested size: 235.3788pt x 237.38629pt.

Overfull \hbox (2.7576pt too wide) in paragraph at lines 1685--1687
 [][][][] 
 []



pdfTeX warning: pdflatex.exe (file ./Plots/Problem_NL_10_3.pdf): PDF inclusion:
 found PDF version <1.7>, but at most version <1.5> allowed
<Plots/Problem_NL_10_3.pdf, id=1041, 470.75874pt x 474.77374pt>
File: Plots/Problem_NL_10_3.pdf Graphic file (type pdf)
<use Plots/Problem_NL_10_3.pdf>
Package pdftex.def Info: Plots/Problem_NL_10_3.pdf  used on input line 1689.
(pdftex.def)             Requested size: 235.3788pt x 237.38629pt.
[36] [37 <./Plots/Problem_NL_10_1.pdf> <./Plots/Problem_NL_10_2.pdf> <./Plots/P
roblem_NL_10_3.pdf>]

pdfTeX warning: pdflatex.exe (file ./Plots/Problem_NL_9_1_1.pdf): PDF inclusion
: found PDF version <1.7>, but at most version <1.5> allowed
<Plots/Problem_NL_9_1_1.pdf, id=1071, 486.81876pt x 479.7925pt>
File: Plots/Problem_NL_9_1_1.pdf Graphic file (type pdf)
<use Plots/Problem_NL_9_1_1.pdf>
Package pdftex.def Info: Plots/Problem_NL_9_1_1.pdf  used on input line 1713.
(pdftex.def)             Requested size: 243.40878pt x 239.89565pt.


pdfTeX warning: pdflatex.exe (file ./Plots/Problem_NL_9_1_2.pdf): PDF inclusion
: found PDF version <1.7>, but at most version <1.5> allowed
<Plots/Problem_NL_9_1_2.pdf, id=1072, 469.755pt x 479.7925pt>
File: Plots/Problem_NL_9_1_2.pdf Graphic file (type pdf)
<use Plots/Problem_NL_9_1_2.pdf>
Package pdftex.def Info: Plots/Problem_NL_9_1_2.pdf  used on input line 1713.
(pdftex.def)             Requested size: 234.87692pt x 239.89565pt.

Overfull \hbox (10.2857pt too wide) in paragraph at lines 1713--1716
 [][][][] 
 []

[38 <./Plots/Problem_NL_9_1_1.pdf> <./Plots/Problem_NL_9_1_2.pdf>]

pdfTeX warning: pdflatex.exe (file ./Plots/Problem_NL_9_2_1.pdf): PDF inclusion
: found PDF version <1.7>, but at most version <1.5> allowed
<Plots/Problem_NL_9_2_1.pdf, id=1120, 486.81876pt x 479.7925pt>
File: Plots/Problem_NL_9_2_1.pdf Graphic file (type pdf)
<use Plots/Problem_NL_9_2_1.pdf>
Package pdftex.def Info: Plots/Problem_NL_9_2_1.pdf  used on input line 1731.
(pdftex.def)             Requested size: 243.40878pt x 239.89565pt.


pdfTeX warning: pdflatex.exe (file ./Plots/Problem_NL_9_2_2.pdf): PDF inclusion
: found PDF version <1.7>, but at most version <1.5> allowed
<Plots/Problem_NL_9_2_2.pdf, id=1121, 469.755pt x 479.7925pt>
File: Plots/Problem_NL_9_2_2.pdf Graphic file (type pdf)
<use Plots/Problem_NL_9_2_2.pdf>
Package pdftex.def Info: Plots/Problem_NL_9_2_2.pdf  used on input line 1731.
(pdftex.def)             Requested size: 234.87692pt x 239.89565pt.

Overfull \hbox (10.2857pt too wide) in paragraph at lines 1731--1735
 [][][][] 
 []



pdfTeX warning: pdflatex.exe (file ./Plots/Problem_NL_9_3_1.pdf): PDF inclusion
: found PDF version <1.7>, but at most version <1.5> allowed
<Plots/Problem_NL_9_3_1.pdf, id=1123, 483.8075pt x 473.77pt>
File: Plots/Problem_NL_9_3_1.pdf Graphic file (type pdf)
<use Plots/Problem_NL_9_3_1.pdf>
Package pdftex.def Info: Plots/Problem_NL_9_3_1.pdf  used on input line 1751.
(pdftex.def)             Requested size: 241.90315pt x 236.88441pt.


pdfTeX warning: pdflatex.exe (file ./Plots/Problem_NL_9_3_2.pdf): PDF inclusion
: found PDF version <1.7>, but at most version <1.5> allowed
<Plots/Problem_NL_9_3_2.pdf, id=1124, 466.74374pt x 473.77pt>
File: Plots/Problem_NL_9_3_2.pdf Graphic file (type pdf)
<use Plots/Problem_NL_9_3_2.pdf>
Package pdftex.def Info: Plots/Problem_NL_9_3_2.pdf  used on input line 1754.
(pdftex.def)             Requested size: 233.37129pt x 236.88441pt.

Overfull \hbox (25.27444pt too wide) in paragraph at lines 1751--1757
 [][][][] 
 []

[39 <./Plots/Problem_NL_9_2_1.pdf> <./Plots/Problem_NL_9_2_2.pdf>]

pdfTeX warning: pdflatex.exe (file ./Plots/Problem_NL_11_1.pdf): PDF inclusion:
 found PDF version <1.7>, but at most version <1.5> allowed
<Plots/Problem_NL_11_1.pdf, id=1186, 487.8225pt x 474.77374pt>
File: Plots/Problem_NL_11_1.pdf Graphic file (type pdf)
<use Plots/Problem_NL_11_1.pdf>
Package pdftex.def Info: Plots/Problem_NL_11_1.pdf  used on input line 1787.
(pdftex.def)             Requested size: 243.91064pt x 237.38629pt.
[40 <./Plots/Problem_NL_9_3_1.pdf> <./Plots/Problem_NL_9_3_2.pdf>]

pdfTeX warning: pdflatex.exe (file ./Plots/Problem_NL_11_2.pdf): PDF inclusion:
 found PDF version <1.7>, but at most version <1.5> allowed
<Plots/Problem_NL_11_2.pdf, id=1205, 488.82625pt x 480.79625pt>
File: Plots/Problem_NL_11_2.pdf Graphic file (type pdf)
<use Plots/Problem_NL_11_2.pdf>
Package pdftex.def Info: Plots/Problem_NL_11_2.pdf  used on input line 1797.
(pdftex.def)             Requested size: 244.41252pt x 240.39752pt.
[41 <./Plots/Problem_NL_11_1.pdf> <./Plots/Problem_NL_11_2.pdf>]

Package hyperref Warning: Token not allowed in a PDF string (Unicode):
(hyperref)                removing `math shift' on input line 1855.


Package hyperref Warning: Token not allowed in a PDF string (Unicode):
(hyperref)                removing `subscript' on input line 1855.


Package hyperref Warning: Token not allowed in a PDF string (Unicode):
(hyperref)                removing `math shift' on input line 1855.


Package hyperref Warning: Token not allowed in a PDF string (Unicode):
(hyperref)                removing `math shift' on input line 1855.


Package hyperref Warning: Token not allowed in a PDF string (Unicode):
(hyperref)                removing `subscript' on input line 1855.


Package hyperref Warning: Token not allowed in a PDF string (Unicode):
(hyperref)                removing `math shift' on input line 1855.

[42]

Package hyperref Warning: Token not allowed in a PDF string (Unicode):
(hyperref)                removing `math shift' on input line 1899.


Package hyperref Warning: Token not allowed in a PDF string (Unicode):
(hyperref)                removing `\left' on input line 1899.


Package hyperref Warning: Token not allowed in a PDF string (Unicode):
(hyperref)                removing `\right' on input line 1899.


Package hyperref Warning: Token not allowed in a PDF string (Unicode):
(hyperref)                removing `math shift' on input line 1899.

[43] (SURI_First_Paper_NonlinearBending.bbl [44] [45] [46] [47] [48] [49])
[50] (SURI_First_Paper_NonlinearBending.aux)
Package rerunfilecheck Info: File `SURI_First_Paper_NonlinearBending.out' has n
ot changed.
(rerunfilecheck)             Checksum: A3DD5040B7BF3A14FC41507C6D5855B7;9351.
 ) 
Here is how much of TeX's memory you used:
 15292 strings out of 479334
 249516 string characters out of 2857560
 588275 words of memory out of 3000000
 32210 multiletter control sequences out of 15000+200000
 474831 words of font info for 159 fonts, out of 3000000 for 9000
 1141 hyphenation exceptions out of 8191
 83i,16n,88p,763b,645s stack positions out of 5000i,500n,10000p,200000b,50000s
 <C:\Users\suri\AppData\Local\MiKTeX\fonts/pk/ljfour/jknappen/ec/dpi600\ecss1
200.pk> <C:\Users\suri\AppData\Local\MiKTeX\fonts/pk/ljfour/jknappen/ec/dpi600\
ectt1000.pk>{C:/Users/suri/AppData/Local/Programs/MiKTeX/fonts/enc/dvips/base/8
r.enc}<C:/Users/suri/AppData/Local/Programs/MiKTeX/fonts/type1/public/amsfonts/
cm/cmex10.pfb><C:/Users/suri/AppData/Local/Programs/MiKTeX/fonts/type1/public/a
msfonts/cm/cmmi10.pfb><C:/Users/suri/AppData/Local/Programs/MiKTeX/fonts/type1/
public/amsfonts/cm/cmr10.pfb><C:/Users/suri/AppData/Local/Programs/MiKTeX/fonts
/type1/public/amsfonts/cm/cmsy10.pfb><C:/Users/suri/AppData/Local/Programs/MiKT
eX/fonts/type1/public/amsfonts/symbols/msbm10.pfb><C:/Users/suri/AppData/Local/
Programs/MiKTeX/fonts/type1/public/rsfs/rsfs10.pfb><C:/Users/suri/AppData/Local
/Programs/MiKTeX/fonts/type1/urw/symbol/usyr.pfb><C:/Users/suri/AppData/Local/P
rograms/MiKTeX/fonts/type1/urw/symbol/usyr.pfb><C:/Users/suri/AppData/Local/Pro
grams/MiKTeX/fonts/type1/urw/times/utmb8a.pfb><C:/Users/suri/AppData/Local/Prog
rams/MiKTeX/fonts/type1/urw/times/utmr8a.pfb><C:/Users/suri/AppData/Local/Progr
ams/MiKTeX/fonts/type1/urw/times/utmri8a.pfb>
Output written on SURI_First_Paper_NonlinearBending.pdf (50 pages, 2194853 byte
s).
PDF statistics:
 1540 PDF objects out of 1728 (max. 8388607)
 241 named destinations out of 1000 (max. 500000)
 370 words of extra memory for PDF output out of 10000 (max. 10000000)

