This is pdfTeX, Version 3.141592653-2.6-1.40.24 (MiKTeX 22.3) (preloaded format=pdflatex 2022.6.18)  23 JUN 2022 11:15
entering extended mode
 restricted \write18 enabled.
 %&-line parsing enabled.
**./Draft_sage.tex
(Draft_sage.tex
LaTeX2e <2022-06-01> pre-release-0 (develop 2022-6-18 branch)
L3 programming layer <2022-06-02> (sagej.cls
Document Class: sagej 2017/01/17 v1.20\ sagej.cls
(C:\Users\suri\AppData\Local\Programs\MiKTeX\tex/latex/base\article.cls
Document Class: article 2021/10/04 v1.4n Standard LaTeX document class
(C:\Users\suri\AppData\Local\Programs\MiKTeX\tex/latex/base\size10.clo
File: size10.clo 2021/10/04 v1.4n Standard LaTeX file (size option)
)
\c@part=\count185
\c@section=\count186
\c@subsection=\count187
\c@subsubsection=\count188
\c@paragraph=\count189
\c@subparagraph=\count190
\c@figure=\count191
\c@table=\count192
\abovecaptionskip=\skip47
\belowcaptionskip=\skip48
\bibindent=\dimen138
)
(C:\Users\suri\AppData\Local\Programs\MiKTeX\tex/latex/psnfss\times.sty
Package: times 2020/03/25 PSNFSS-v9.3 (SPQR) 
)
(C:\Users\suri\AppData\Local\Programs\MiKTeX\tex/latex/psnfss\helvet.sty
Package: helvet 2020/03/25 PSNFSS-v9.3 (WaS) 

(C:\Users\suri\AppData\Local\Programs\MiKTeX\tex/latex/graphics\keyval.sty
Package: keyval 2022/05/29 v1.15 key=value parser (DPC)
\KV@toks@=\toks16
))
(C:\Users\suri\AppData\Local\Programs\MiKTeX\tex/latex/graphics\graphicx.sty
Package: graphicx 2021/09/16 v1.2d Enhanced LaTeX Graphics (DPC,SPQR)

(C:\Users\suri\AppData\Local\Programs\MiKTeX\tex/latex/graphics\graphics.sty
Package: graphics 2022/03/10 v1.4e Standard LaTeX Graphics (DPC,SPQR)

(C:\Users\suri\AppData\Local\Programs\MiKTeX\tex/latex/graphics\trig.sty
Package: trig 2021/08/11 v1.11 sin cos tan (DPC)
)
(C:\Users\suri\AppData\Local\Programs\MiKTeX\tex/latex/graphics-cfg\graphics.cf
g
File: graphics.cfg 2016/06/04 v1.11 sample graphics configuration
)
Package graphics Info: Driver file: pdftex.def on input line 107.

(C:\Users\suri\AppData\Local\Programs\MiKTeX\tex/latex/graphics-def\pdftex.def
File: pdftex.def 2020/10/05 v1.2a Graphics/color driver for pdftex
))
\Gin@req@height=\dimen139
\Gin@req@width=\dimen140
) (C:\Users\suri\AppData\Local\Programs\MiKTeX\tex/latex/base\latexsym.sty
Package: latexsym 1998/08/17 v2.2e Standard LaTeX package (lasy symbols)
\symlasy=\mathgroup4
LaTeX Font Info:    Overwriting symbol font `lasy' in version `bold'
(Font)                  U/lasy/m/n --> U/lasy/b/n on input line 52.
)
(C:\Users\suri\AppData\Local\Programs\MiKTeX\tex/latex/base\ifthen.sty
Package: ifthen 2022/04/13 v1.1d Standard LaTeX ifthen package (DPC)
)
(C:\Users\suri\AppData\Local\Programs\MiKTeX\tex/latex/graphics\rotating.sty
Package: rotating 2016/08/11 v2.16d rotated objects in LaTeX
\c@r@tfl@t=\count193
\rotFPtop=\skip49
\rotFPbot=\skip50
\rot@float@box=\box51
\rot@mess@toks=\toks17
)
(C:\Users\suri\AppData\Local\Programs\MiKTeX\tex/latex/tools\calc.sty
Package: calc 2017/05/25 v4.3 Infix arithmetic (KKT,FJ)
\calc@Acount=\count194
\calc@Bcount=\count195
\calc@Adimen=\dimen141
\calc@Bdimen=\dimen142
\calc@Askip=\skip51
\calc@Bskip=\skip52
LaTeX Info: Redefining \setlength on input line 80.
LaTeX Info: Redefining \addtolength on input line 81.
\calc@Ccount=\count196
\calc@Cskip=\skip53
)
(C:\Users\suri\AppData\Local\Programs\MiKTeX\tex/latex/textcase\textcase.sty
Package: textcase 2019/09/14 v1.00 Text only upper/lower case changing (DPC)
)
(C:\Users\suri\AppData\Local\Programs\MiKTeX\tex/latex/booktabs\booktabs.sty
Package: booktabs 2020/01/12 v1.61803398 Publication quality tables
\heavyrulewidth=\dimen143
\lightrulewidth=\dimen144
\cmidrulewidth=\dimen145
\belowrulesep=\dimen146
\belowbottomsep=\dimen147
\aboverulesep=\dimen148
\abovetopsep=\dimen149
\cmidrulesep=\dimen150
\cmidrulekern=\dimen151
\defaultaddspace=\dimen152
\@cmidla=\count197
\@cmidlb=\count198
\@aboverulesep=\dimen153
\@belowrulesep=\dimen154
\@thisruleclass=\count199
\@lastruleclass=\count266
\@thisrulewidth=\dimen155
)
(C:\Users\suri\AppData\Local\Programs\MiKTeX\tex/latex/graphics\color.sty
Package: color 2022/01/06 v1.3d Standard LaTeX Color (DPC)

(C:\Users\suri\AppData\Local\Programs\MiKTeX\tex/latex/graphics-cfg\color.cfg
File: color.cfg 2016/01/02 v1.6 sample color configuration
)
Package color Info: Driver file: pdftex.def on input line 149.

(C:\Users\suri\AppData\Local\Programs\MiKTeX\tex/latex-dev/graphics\mathcolor.l
tx))
(C:\Users\suri\AppData\Local\Programs\MiKTeX\tex/latex/endnotes\endnotes.sty
Package: endnotes 2020-01-02 endnotes package
\c@endnote=\count267
\endnotesep=\dimen156
\@enotes=\write3
)
(C:\Users\suri\AppData\Local\Programs\MiKTeX\tex/latex/amsfonts\amsfonts.sty
Package: amsfonts 2013/01/14 v3.01 Basic AMSFonts support
\@emptytoks=\toks18
\symAMSa=\mathgroup5
\symAMSb=\mathgroup6
LaTeX Font Info:    Redeclaring math symbol \hbar on input line 98.
LaTeX Font Info:    Overwriting math alphabet `\mathfrak' in version `bold'
(Font)                  U/euf/m/n --> U/euf/b/n on input line 106.
)
(C:\Users\suri\AppData\Local\Programs\MiKTeX\tex/latex/amsfonts\amssymb.sty
Package: amssymb 2013/01/14 v3.01 AMS font symbols
)
(C:\Users\suri\AppData\Local\Programs\MiKTeX\tex/latex/amsmath\amsbsy.sty
Package: amsbsy 1999/11/29 v1.2d Bold Symbols

(C:\Users\suri\AppData\Local\Programs\MiKTeX\tex/latex/amsmath\amsgen.sty
File: amsgen.sty 1999/11/30 v2.0 generic functions
\@emptytoks=\toks19
\ex@=\dimen157
)
\pmbraise@=\dimen158
)
(C:\Users\suri\AppData\Local\Programs\MiKTeX\tex/latex/amsmath\amsmath.sty
Package: amsmath 2022/04/08 v2.17n AMS math features
\@mathmargin=\skip54

For additional information on amsmath, use the `?' option.
(C:\Users\suri\AppData\Local\Programs\MiKTeX\tex/latex/amsmath\amstext.sty
Package: amstext 2021/08/26 v2.01 AMS text
)
(C:\Users\suri\AppData\Local\Programs\MiKTeX\tex/latex/amsmath\amsopn.sty
Package: amsopn 2022/04/08 v2.04 operator names
)
\inf@bad=\count268
LaTeX Info: Redefining \frac on input line 234.
\uproot@=\count269
\leftroot@=\count270
LaTeX Info: Redefining \overline on input line 399.
LaTeX Info: Redefining \colon on input line 410.
\classnum@=\count271
\DOTSCASE@=\count272
LaTeX Info: Redefining \ldots on input line 496.
LaTeX Info: Redefining \dots on input line 499.
LaTeX Info: Redefining \cdots on input line 620.
\Mathstrutbox@=\box52
\strutbox@=\box53
LaTeX Info: Redefining \big on input line 722.
LaTeX Info: Redefining \Big on input line 723.
LaTeX Info: Redefining \bigg on input line 724.
LaTeX Info: Redefining \Bigg on input line 725.
\big@size=\dimen159
LaTeX Font Info:    Redeclaring font encoding OML on input line 743.
LaTeX Font Info:    Redeclaring font encoding OMS on input line 744.
\macc@depth=\count273
LaTeX Info: Redefining \bmod on input line 905.
LaTeX Info: Redefining \pmod on input line 910.
LaTeX Info: Redefining \smash on input line 940.
LaTeX Info: Redefining \relbar on input line 970.
LaTeX Info: Redefining \Relbar on input line 971.
\c@MaxMatrixCols=\count274
\dotsspace@=\muskip16
\c@parentequation=\count275
\dspbrk@lvl=\count276
\tag@help=\toks20
\row@=\count277
\column@=\count278
\maxfields@=\count279
\andhelp@=\toks21
\eqnshift@=\dimen160
\alignsep@=\dimen161
\tagshift@=\dimen162
\tagwidth@=\dimen163
\totwidth@=\dimen164
\lineht@=\dimen165
\@envbody=\toks22
\multlinegap=\skip55
\multlinetaggap=\skip56
\mathdisplay@stack=\toks23
LaTeX Info: Redefining \[ on input line 2953.
LaTeX Info: Redefining \] on input line 2954.
)
(C:\Users\suri\AppData\Local\Programs\MiKTeX\tex/latex/amscls\amsthm.sty
Package: amsthm 2020/05/29 v2.20.6
\thm@style=\toks24
\thm@bodyfont=\toks25
\thm@headfont=\toks26
\thm@notefont=\toks27
\thm@headpunct=\toks28
\thm@preskip=\skip57
\thm@postskip=\skip58
\thm@headsep=\skip59
\dth@everypar=\toks29
)
(C:\Users\suri\AppData\Local\Programs\MiKTeX\tex/latex/base\tracefnt.sty
Package: tracefnt 2020/12/22 v3.0n Standard LaTeX package (font tracing)
\tracingfonts=\count280
LaTeX Info: Redefining \selectfont on input line 107.
Applying: [2021/06/01] Add hook to \selectfont  on input line 142.
Already applied: [0000/00/00] Add hook to \selectfont  on input line 145.
)
(C:\Users\suri\AppData\Local\Programs\MiKTeX\tex/latex/geometry\geometry.sty
Package: geometry 2020/01/02 v5.9 Page Geometry

(C:\Users\suri\AppData\Local\Programs\MiKTeX\tex/generic/iftex\ifvtex.sty
Package: ifvtex 2019/10/25 v1.7 ifvtex legacy package. Use iftex instead.

(C:\Users\suri\AppData\Local\Programs\MiKTeX\tex/generic/iftex\iftex.sty
Package: iftex 2022/02/03 v1.0f TeX engine tests
))
\Gm@cnth=\count281
\Gm@cntv=\count282
\c@Gm@tempcnt=\count283
\Gm@bindingoffset=\dimen166
\Gm@wd@mp=\dimen167
\Gm@odd@mp=\dimen168
\Gm@even@mp=\dimen169
\Gm@layoutwidth=\dimen170
\Gm@layoutheight=\dimen171
\Gm@layouthoffset=\dimen172
\Gm@layoutvoffset=\dimen173
\Gm@dimlist=\toks30

(C:\Users\suri\AppData\Local\Programs\MiKTeX\tex/latex/geometry\geometry.cfg))
(C:\Users\suri\AppData\Local\Programs\MiKTeX\tex/latex/tools\ftnright.sty
Package: ftnright 2014/10/28 v1.1f footnote layout package (FMi)
\rcol@footinsskip=\skip60
\ftn@amount=\dimen174
)
\absbox=\box54
\@bls=\dimen175

(C:\Users\suri\AppData\Local\Programs\MiKTeX\tex/latex/caption\caption.sty
Package: caption 2022/03/01 v3.6b Customizing captions (AR)

(C:\Users\suri\AppData\Local\Programs\MiKTeX\tex/latex/caption\caption3.sty
Package: caption3 2022/03/17 v2.3b caption3 kernel (AR)
\caption@tempdima=\dimen176
\captionmargin=\dimen177
\caption@leftmargin=\dimen178
\caption@rightmargin=\dimen179
\caption@width=\dimen180
\caption@indent=\dimen181
\caption@parindent=\dimen182
\caption@hangindent=\dimen183
Package caption Info: Standard document class detected.
)
\c@caption@flags=\count284
\c@continuedfloat=\count285
Package caption Info: rotating package is loaded.
)
(C:\Users\suri\AppData\Local\Programs\MiKTeX\tex/latex/natbib\natbib.sty
Package: natbib 2010/09/13 8.31b (PWD, AO)
\bibhang=\skip61
\bibsep=\skip62
LaTeX Info: Redefining \cite on input line 694.
\c@NAT@ctr=\count286
))
(C:\Users\suri\AppData\Local\Programs\MiKTeX\tex/latex/moreverb\moreverb.sty
Package: moreverb 2008/06/03 v2.3a `more' verbatim facilities

(C:\Users\suri\AppData\Local\Programs\MiKTeX\tex/latex/tools\verbatim.sty
Package: verbatim 2020-07-07 v1.5u LaTeX2e package for verbatim enhancements
\every@verbatim=\toks31
\verbatim@line=\toks32
\verbatim@in@stream=\read2
)
\tab@position=\count287
\tab@size=\count288
\listing@line=\count289
)
(C:\Users\suri\AppData\Local\Programs\MiKTeX\tex/latex/url\url.sty
\Urlmuskip=\muskip17
Package: url 2013/09/16  ver 3.4  Verb mode for urls, etc.
)
(C:\Users\suri\AppData\Local\Programs\MiKTeX\tex/latex/epstopdf-pkg\epstopdf.st
y
Package: epstopdf 2020-01-24 v2.11 Conversion with epstopdf on the fly (HO)

(C:\Users\suri\AppData\Local\Programs\MiKTeX\tex/generic/infwarerr\infwarerr.st
y
Package: infwarerr 2019/12/03 v1.5 Providing info/warning/error messages (HO)
) (C:\Users\suri\AppData\Local\Programs\MiKTeX\tex/latex/grfext\grfext.sty
Package: grfext 2019/12/03 v1.3 Manage graphics extensions (HO)

(C:\Users\suri\AppData\Local\Programs\MiKTeX\tex/generic/kvdefinekeys\kvdefinek
eys.sty
Package: kvdefinekeys 2019-12-19 v1.6 Define keys (HO)
))
(C:\Users\suri\AppData\Local\Programs\MiKTeX\tex/latex/kvoptions\kvoptions.sty
Package: kvoptions 2020-10-07 v3.14 Key value format for package options (HO)

(C:\Users\suri\AppData\Local\Programs\MiKTeX\tex/generic/ltxcmds\ltxcmds.sty
Package: ltxcmds 2020-05-10 v1.25 LaTeX kernel commands for general use (HO)
)
(C:\Users\suri\AppData\Local\Programs\MiKTeX\tex/generic/kvsetkeys\kvsetkeys.st
y
Package: kvsetkeys 2019/12/15 v1.18 Key value parser (HO)
))
(C:\Users\suri\AppData\Local\Programs\MiKTeX\tex/generic/pdftexcmds\pdftexcmds.
sty
Package: pdftexcmds 2020-06-27 v0.33 Utility functions of pdfTeX for LuaTeX (HO
)
Package pdftexcmds Info: \pdf@primitive is available.
Package pdftexcmds Info: \pdf@ifprimitive is available.
Package pdftexcmds Info: \pdfdraftmode found.
)
(C:\Users\suri\AppData\Local\Programs\MiKTeX\tex/latex/epstopdf-pkg\epstopdf-ba
se.sty
Package: epstopdf-base 2020-01-24 v2.11 Base part for package epstopdf
Package epstopdf-base Info: Redefining graphics rule for `.eps' on input line 4
85.
Package grfext Info: Graphics extension search list:
(grfext)             [.pdf,.png,.jpg,.mps,.jpeg,.jbig2,.jb2,.PDF,.PNG,.JPG,.JPE
G,.JBIG2,.JB2,.eps]
(grfext)             \AppendGraphicsExtensions on input line 504.

(C:\Users\suri\AppData\Local\Programs\MiKTeX\tex/latex/00miktex\epstopdf-sys.cf
g
File: epstopdf-sys.cfg 2021/03/18 v2.0 Configuration of epstopdf for MiKTeX
)))
(C:\Users\suri\AppData\Local\Programs\MiKTeX\tex/latex/hyperref\hyperref.sty
Package: hyperref 2022-05-17 v7.00q Hypertext links for LaTeX

(C:\Users\suri\AppData\Local\Programs\MiKTeX\tex/generic/pdfescape\pdfescape.st
y
Package: pdfescape 2019/12/09 v1.15 Implements pdfTeX's escape features (HO)
) (C:\Users\suri\AppData\Local\Programs\MiKTeX\tex/latex/hycolor\hycolor.sty
Package: hycolor 2020-01-27 v1.10 Color options for hyperref/bookmark (HO)
)
(C:\Users\suri\AppData\Local\Programs\MiKTeX\tex/latex/letltxmacro\letltxmacro.
sty
Package: letltxmacro 2019/12/03 v1.6 Let assignment for LaTeX macros (HO)
) (C:\Users\suri\AppData\Local\Programs\MiKTeX\tex/latex/auxhook\auxhook.sty
Package: auxhook 2019-12-17 v1.6 Hooks for auxiliary files (HO)
) (C:\Users\suri\AppData\Local\Programs\MiKTeX\tex/latex/hyperref\nameref.sty
Package: nameref 2022-05-17 v2.50 Cross-referencing by name of section

(C:\Users\suri\AppData\Local\Programs\MiKTeX\tex/latex/refcount\refcount.sty
Package: refcount 2019/12/15 v3.6 Data extraction from label references (HO)
)
(C:\Users\suri\AppData\Local\Programs\MiKTeX\tex/generic/gettitlestring\gettitl
estring.sty
Package: gettitlestring 2019/12/15 v1.6 Cleanup title references (HO)
)
\c@section@level=\count290
)
\@linkdim=\dimen184
\Hy@linkcounter=\count291
\Hy@pagecounter=\count292

(C:\Users\suri\AppData\Local\Programs\MiKTeX\tex/latex/hyperref\pd1enc.def
File: pd1enc.def 2022-05-17 v7.00q Hyperref: PDFDocEncoding definition (HO)
Now handling font encoding PD1 ...
... no UTF-8 mapping file for font encoding PD1
)
(C:\Users\suri\AppData\Local\Programs\MiKTeX\tex/generic/intcalc\intcalc.sty
Package: intcalc 2019/12/15 v1.3 Expandable calculations with integers (HO)
)
(C:\Users\suri\AppData\Local\Programs\MiKTeX\tex/generic/etexcmds\etexcmds.sty
Package: etexcmds 2019/12/15 v1.7 Avoid name clashes with e-TeX commands (HO)
)
\Hy@SavedSpaceFactor=\count293
(C:\Users\suri\AppData\Local\Programs\MiKTeX\tex/latex/hyperref\puenc.def
File: puenc.def 2022-05-17 v7.00q Hyperref: PDF Unicode definition (HO)
Now handling font encoding PU ...
... no UTF-8 mapping file for font encoding PU
)
Package hyperref Info: Option `colorlinks' set `true' on input line 4020.
Package hyperref Info: Option `bookmarksopen' set `true' on input line 4020.
Package hyperref Info: Option `bookmarksnumbered' set `true' on input line 4020
.
Package hyperref Info: Hyper figures OFF on input line 4139.
Package hyperref Info: Link nesting OFF on input line 4144.
Package hyperref Info: Hyper index ON on input line 4147.
Package hyperref Info: Plain pages OFF on input line 4154.
Package hyperref Info: Backreferencing OFF on input line 4159.
Package hyperref Info: Implicit mode ON; LaTeX internals redefined.
Package hyperref Info: Bookmarks ON on input line 4385.
\c@Hy@tempcnt=\count294
LaTeX Info: Redefining \url on input line 4723.
\XeTeXLinkMargin=\dimen185

(C:\Users\suri\AppData\Local\Programs\MiKTeX\tex/generic/bitset\bitset.sty
Package: bitset 2019/12/09 v1.3 Handle bit-vector datatype (HO)

(C:\Users\suri\AppData\Local\Programs\MiKTeX\tex/generic/bigintcalc\bigintcalc.
sty
Package: bigintcalc 2019/12/15 v1.5 Expandable calculations on big integers (HO
)
))
\Fld@menulength=\count295
\Field@Width=\dimen186
\Fld@charsize=\dimen187
Package hyperref Info: Hyper figures OFF on input line 6001.
Package hyperref Info: Link nesting OFF on input line 6006.
Package hyperref Info: Hyper index ON on input line 6009.
Package hyperref Info: backreferencing OFF on input line 6016.
Package hyperref Info: Link coloring ON on input line 6019.
Package hyperref Info: Link coloring with OCG OFF on input line 6026.
Package hyperref Info: PDF/A mode OFF on input line 6031.

(C:\Users\suri\AppData\Local\Programs\MiKTeX\tex/latex/base\atbegshi-ltx.sty
Package: atbegshi-ltx 2021/01/10 v1.0c Emulation of the original atbegshi
package with kernel methods
)
\Hy@abspage=\count296
\c@Item=\count297
\c@Hfootnote=\count298
)
Package hyperref Info: Driver (autodetected): hpdftex.

(C:\Users\suri\AppData\Local\Programs\MiKTeX\tex/latex/hyperref\hpdftex.def
File: hpdftex.def 2022-05-17 v7.00q Hyperref driver for pdfTeX

(C:\Users\suri\AppData\Local\Programs\MiKTeX\tex/latex/base\atveryend-ltx.sty
Package: atveryend-ltx 2020/08/19 v1.0a Emulation of the original atveryend pac
kage
with kernel methods
)
\Fld@listcount=\count299
\c@bookmark@seq@number=\count300

(C:\Users\suri\AppData\Local\Programs\MiKTeX\tex/latex/rerunfilecheck\rerunfile
check.sty
Package: rerunfilecheck 2019/12/05 v1.9 Rerun checks for auxiliary files (HO)

(C:\Users\suri\AppData\Local\Programs\MiKTeX\tex/generic/uniquecounter\uniqueco
unter.sty
Package: uniquecounter 2019/12/15 v1.4 Provide unlimited unique counter (HO)
)
Package uniquecounter Info: New unique counter `rerunfilecheck' on input line 2
86.
)
\Hy@SectionHShift=\skip63
)
(C:\Users\suri\AppData\Local\Programs\MiKTeX\tex/latex/caption\subcaption.sty
Package: subcaption 2022/01/07 v1.5 Sub-captions (AR)
\c@subfigure=\count301
\c@subtable=\count302
)
(C:\Users\suri\AppData\Local\Programs\MiKTeX\tex/latex/base\inputenc.sty
Package: inputenc 2021/02/14 v1.3d Input encoding file
\inpenc@prehook=\toks33
\inpenc@posthook=\toks34
)
(C:\Users\suri\AppData\Local\Programs\MiKTeX\tex/latex/base\fontenc.sty
Package: fontenc 2021/04/29 v2.0v Standard LaTeX package
LaTeX Font Info:    Trying to load font information for T1+ptm on input line 11
2.

(C:\Users\suri\AppData\Local\Programs\MiKTeX\tex/latex/psnfss\t1ptm.fd
File: t1ptm.fd 2001/06/04 font definitions for T1/ptm.
))
(C:\Users\suri\AppData\Local\Programs\MiKTeX\tex/latex/l3packages/xparse\xparse
.sty (C:\Users\suri\AppData\Local\Programs\MiKTeX\tex/latex/l3kernel\expl3.sty
Package: expl3 2022-06-02 L3 programming layer (loader) 

(C:\Users\suri\AppData\Local\Programs\MiKTeX\tex/latex/l3backend\l3backend-pdft
ex.def
File: l3backend-pdftex.def 2022-04-20 L3 backend support: PDF output (pdfTeX)
\l__color_backend_stack_int=\count303
\l__pdf_internal_box=\box55
))
Package: xparse 2022-06-07 L3 Experimental document command parser
)
(C:\Users\suri\AppData\Local\Programs\MiKTeX\tex/latex/algorithms\algorithm.sty
Package: algorithm 2009/08/24 v0.1 Document Style `algorithm' - floating enviro
nment
(C:\Users\suri\AppData\Local\Programs\MiKTeX\tex/latex/float\float.sty
Package: float 2001/11/08 v1.3d Float enhancements (AL)
\c@float@type=\count304
\float@exts=\toks35
\float@box=\box56
\@float@everytoks=\toks36
\@floatcapt=\box57
)
\@float@every@algorithm=\toks37
\c@algorithm=\count305
)
(C:\Users\suri\AppData\Local\Programs\MiKTeX\tex/latex/algorithms\algorithmic.s
ty
Package: algorithmic 2009/08/24 v0.1 Document Style `algorithmic'
\c@ALC@unique=\count306
\c@ALC@line=\count307
\c@ALC@rem=\count308
\c@ALC@depth=\count309
\ALC@tlm=\skip64
\algorithmicindent=\skip65
) (C:\Users\suri\AppData\Local\Programs\MiKTeX\tex/latex/preprint\balance.sty
Package: balance 1999/02/23 4.3 (PWD)
\oldvsize=\dimen188
) (C:\Users\suri\AppData\Local\Programs\MiKTeX\tex/latex/lastpage\lastpage.sty
Package: lastpage 2021/09/03 v1.2n Refers to last page's name (HMM; JPG)
) (C:\Users\suri\AppData\Local\Programs\MiKTeX\tex/latex/tools\array.sty
Package: array 2021/10/04 v2.5f Tabular extension package (FMi)
\col@sep=\dimen189
\ar@mcellbox=\box58
\extrarowheight=\dimen190
\NC@list=\toks38
\extratabsurround=\skip66
\backup@length=\skip67
\ar@cellbox=\box59
)
(C:\Users\suri\AppData\Local\Programs\MiKTeX\tex/latex/tools\tabularx.sty
Package: tabularx 2020/01/15 v2.11c `tabularx' package (DPC)
\TX@col@width=\dimen191
\TX@old@table=\dimen192
\TX@old@col=\dimen193
\TX@target=\dimen194
\TX@delta=\dimen195
\TX@cols=\count310
\TX@ftn=\toks39
)
(C:\Users\suri\AppData\Local\Programs\MiKTeX\tex/latex/tools\longtable.sty
Package: longtable 2021-09-01 v4.17 Multi-page Table package (DPC)
\LTleft=\skip68
\LTright=\skip69
\LTpre=\skip70
\LTpost=\skip71
\LTchunksize=\count311
\LTcapwidth=\dimen196
\LT@head=\box60
\LT@firsthead=\box61
\LT@foot=\box62
\LT@lastfoot=\box63
\LT@gbox=\box64
\LT@cols=\count312
\LT@rows=\count313
\c@LT@tables=\count314
\c@LT@chunks=\count315
\LT@p@ftn=\toks40
)
(Draft_sage.aux

LaTeX Warning: Label `eq1' multiply defined.


LaTeX Warning: Label `LastPage' multiply defined.

)
\openout1 = `Draft_sage.aux'.

LaTeX Font Info:    Checking defaults for OML/cmm/m/it on input line 46.
LaTeX Font Info:    ... okay on input line 46.
LaTeX Font Info:    Checking defaults for OMS/cmsy/m/n on input line 46.
LaTeX Font Info:    ... okay on input line 46.
LaTeX Font Info:    Checking defaults for OT1/cmr/m/n on input line 46.
LaTeX Font Info:    ... okay on input line 46.
LaTeX Font Info:    Checking defaults for T1/cmr/m/n on input line 46.
LaTeX Font Info:    ... okay on input line 46.
LaTeX Font Info:    Checking defaults for TS1/cmr/m/n on input line 46.
LaTeX Font Info:    ... okay on input line 46.
LaTeX Font Info:    Checking defaults for OMX/cmex/m/n on input line 46.
LaTeX Font Info:    ... okay on input line 46.
LaTeX Font Info:    Checking defaults for U/cmr/m/n on input line 46.
LaTeX Font Info:    ... okay on input line 46.
LaTeX Font Info:    Checking defaults for PD1/pdf/m/n on input line 46.
LaTeX Font Info:    ... okay on input line 46.
LaTeX Font Info:    Checking defaults for PU/pdf/m/n on input line 46.
LaTeX Font Info:    ... okay on input line 46.

(C:\Users\suri\AppData\Local\Programs\MiKTeX\tex/context/base/mkii\supp-pdf.mki
i
[Loading MPS to PDF converter (version 2006.09.02).]
\scratchcounter=\count316
\scratchdimen=\dimen197
\scratchbox=\box65
\nofMPsegments=\count317
\nofMParguments=\count318
\everyMPshowfont=\toks41
\MPscratchCnt=\count319
\MPscratchDim=\dimen198
\MPnumerator=\count320
\makeMPintoPDFobject=\count321
\everyMPtoPDFconversion=\toks42
)
*geometry* driver: auto-detecting
*geometry* detected driver: pdftex
*geometry* verbose mode - [ preamble ] result:
* driver: pdftex
* paper: custom
* layout: <same size as paper>
* layoutoffset:(h,v)=(0.0pt,0.0pt)
* hratio: 1:1
* vratio: 1:1
* modes: twoside asymmetric 
* h-part:(L,W,R)=(51.21497pt, 495.07794pt, 51.21497pt)
* v-part:(T,H,B)=(55.48286pt, 734.0811pt, 55.48288pt)
* \paperwidth=597.50787pt
* \paperheight=845.04684pt
* \textwidth=495.07794pt
* \textheight=734.0811pt
* \oddsidemargin=-21.05502pt
* \evensidemargin=-21.05502pt
* \topmargin=-49.78712pt
* \headheight=12.0pt
* \headsep=21.0pt
* \topskip=10.0pt
* \footskip=30.0pt
* \marginparwidth=65.0pt
* \marginparsep=11.0pt
* \columnsep=12.0pt
* \skip\footins=20.0pt plus 8.0pt
* \hoffset=0.0pt
* \voffset=0.0pt
* \mag=1000
* \@twocolumntrue
* \@twosidetrue
* \@mparswitchfalse
* \@reversemarginfalse
* (1in=72.27pt=25.4mm, 1cm=28.453pt)

Package caption Info: Begin \AtBeginDocument code.
Package caption Info: float package is loaded.
Package caption Info: hyperref package is loaded.
Package caption Info: longtable package is loaded.
(C:\Users\suri\AppData\Local\Programs\MiKTeX\tex/latex/caption\ltcaption.sty
Package: ltcaption 2021/01/08 v1.4c longtable captions (AR)
)
Package caption Info: End \AtBeginDocument code.
Package hyperref Info: Link coloring ON on input line 46.

(Draft_sage.out) (Draft_sage.out)
\@outlinefile=\write4
\openout4 = `Draft_sage.out'.

Package lastpage Info: Please have a look at the pageslts package at
(lastpage)             https://www.ctan.org/pkg/pageslts
(lastpage)             ! on input line 46.
LaTeX Font Info:    Trying to load font information for T1+phv on input line 63
.

(C:\Users\suri\AppData\Local\Programs\MiKTeX\tex/latex/psnfss\t1phv.fd
File: t1phv.fd 2020/03/25 scalable font definitions for T1/phv.
)
LaTeX Font Info:    Font shape `T1/phv/m/n' will be
(Font)              scaled to size 9.49997pt on input line 63.
LaTeX Font Info:    Font shape `T1/phv/m/n' will be
(Font)              scaled to size 11.39996pt on input line 63.
LaTeX Font Info:    Font shape `T1/phv/b/n' will be
(Font)              scaled to size 11.39996pt on input line 63.
LaTeX Font Info:    Font shape `T1/phv/b/n' will be
(Font)              scaled to size 9.49997pt on input line 63.
LaTeX Font Info:    Font shape `T1/phv/m/it' in size <10> not available
(Font)              Font shape `T1/phv/m/sl' tried instead on input line 64.
LaTeX Font Info:    Font shape `T1/phv/m/sl' will be
(Font)              scaled to size 9.49997pt on input line 64.
LaTeX Font Info:    Trying to load font information for U+lasy on input line 64
.

(C:\Users\suri\AppData\Local\Programs\MiKTeX\tex/latex/base\ulasy.fd
File: ulasy.fd 1998/08/17 v2.2e LaTeX symbol font definitions
)
LaTeX Font Info:    Trying to load font information for U+msa on input line 64.


(C:\Users\suri\AppData\Local\Programs\MiKTeX\tex/latex/amsfonts\umsa.fd
File: umsa.fd 2013/01/14 v3.01 AMS symbols A
)
LaTeX Font Info:    Trying to load font information for U+msb on input line 64.


(C:\Users\suri\AppData\Local\Programs\MiKTeX\tex/latex/amsfonts\umsb.fd
File: umsb.fd 2013/01/14 v3.01 AMS symbols B
)
LaTeX Font Info:    Font shape `T1/phv/m/n' will be
(Font)              scaled to size 17.09995pt on input line 69.
LaTeX Font Info:    Font shape `T1/phv/b/n' will be
(Font)              scaled to size 17.09995pt on input line 69.
LaTeX Font Info:    Font shape `T1/phv/m/n' will be
(Font)              scaled to size 6.64998pt on input line 69.
LaTeX Font Info:    Trying to load font information for TS1+phv on input line 6
9.

(C:\Users\suri\AppData\Local\Programs\MiKTeX\tex/latex/psnfss\ts1phv.fd
File: ts1phv.fd 2020/03/25 scalable font definitions for TS1/phv.
)
LaTeX Font Info:    Font shape `TS1/phv/m/n' will be
(Font)              scaled to size 6.64998pt on input line 69.
LaTeX Font Info:    Font shape `T1/phv/m/n' will be
(Font)              scaled to size 7.59998pt on input line 69.
LaTeX Font Info:    Font shape `T1/phv/b/n' will be
(Font)              scaled to size 7.59998pt on input line 69.
<twin jet flow field.png, id=88, 382.42876pt x 224.33812pt>
File: twin jet flow field.png Graphic file (type png)
<use twin jet flow field.png>
Package pdftex.def Info: twin jet flow field.png  used on input line 77.
(pdftex.def)             Requested size: 245.71754pt x 144.14072pt.

Overfull \hbox (4.17857pt too wide) in paragraph at lines 77--78
 [][] 
 []

LaTeX Font Info:    Font shape `T1/phv/m/n' will be
(Font)              scaled to size 8.54997pt on input line 78.
LaTeX Font Info:    Font shape `T1/phv/b/n' will be
(Font)              scaled to size 8.54997pt on input line 78.

Underfull \vbox (badness 10000) has occurred while \output is active []


Overfull \vbox (0.90909pt too high) has occurred while \output is active []

LaTeX Font Info:    Font shape `T1/phv/m/it' in size <7> not available
(Font)              Font shape `T1/phv/m/sl' tried instead on input line 85.
LaTeX Font Info:    Font shape `T1/phv/m/sl' will be
(Font)              scaled to size 6.64998pt on input line 85.

[1{C:/Users/suri/AppData/Local/MiKTeX/fonts/map/pdftex/pdftex.map}



 <./twin jet flow field.png>]
<geometrical models.png, id=126, 432.11438pt x 224.33812pt>
File: geometrical models.png Graphic file (type png)
<use geometrical models.png>
Package pdftex.def Info: geometrical models.png  used on input line 102.
(pdftex.def)             Requested size: 245.71754pt x 127.56596pt.

Overfull \hbox (4.17857pt too wide) in paragraph at lines 102--103
 [][] 
 []

LaTeX Font Info:    Font shape `T1/phv/m/it' in size <12> not available
(Font)              Font shape `T1/phv/m/sl' tried instead on input line 109.
LaTeX Font Info:    Font shape `T1/phv/m/sl' will be
(Font)              scaled to size 11.39996pt on input line 109.
[2 <./geometrical models.png>]
Overfull \hbox (9.33385pt too wide) detected at line 119
[][][] [] [][] [] [][] [] [][][]\OML/cmm/m/it/10 Y[][]D[][]S[]
 []

LaTeX Font Info:    Trying to load font information for TS1+ptm on input line 1
22.
(C:\Users\suri\AppData\Local\Programs\MiKTeX\tex/latex/psnfss\ts1ptm.fd
File: ts1ptm.fd 2001/06/04 font definitions for TS1/ptm.
)
Overfull \hbox (6.0079pt too wide) detected at line 196
\OML/cmm/m/it/10 ^^[[][]^^[[][]^^[[][]^^[[][]a[][]
 []

<domain.png, id=152, 824.07875pt x 376.40625pt>
File: domain.png Graphic file (type png)
<use domain.png>
Package pdftex.def Info: domain.png  used on input line 207.
(pdftex.def)             Requested size: 245.71754pt x 112.23352pt.

Overfull \hbox (4.17857pt too wide) in paragraph at lines 207--208
 [][] 
 []

<mesh view.png, id=153, 1124.2pt x 502.87875pt>
File: mesh view.png Graphic file (type png)
<use mesh view.png>
Package pdftex.def Info: mesh view.png  used on input line 214.
(pdftex.def)             Requested size: 245.71754pt x 109.91237pt.

Overfull \hbox (4.17857pt too wide) in paragraph at lines 214--215
 [][] 
 []

[3]
Underfull \hbox (badness 10000) in paragraph at lines 235--235
[]|\T1/ptm/b/it/10 Element
 []


Underfull \hbox (badness 10000) in paragraph at lines 235--235
[]|\T1/ptm/b/it/10 Mesh Size
 []

LaTeX Font Info:    Font shape `U/lasy/b/n' in size <7> not available
(Font)              Font shape `U/lasy/m/n' tried instead on input line 235.
LaTeX Font Info:    Font shape `U/lasy/b/n' in size <5> not available
(Font)              Font shape `U/lasy/m/n' tried instead on input line 235.

Underfull \hbox (badness 10000) in paragraph at lines 235--235
[]|\T1/ptm/b/it/10 Percentage Error =
 []


Package natbib Warning: Citation `wu2017target' on page 4 undefined on input li
ne 250.


Package natbib Warning: Citation `ma2010adaptive' on page 4 undefined on input 
line 250.


Package natbib Warning: Citation `park2016circling' on page 4 undefined on inpu
t line 250.


Package natbib Warning: Citation `quigley2005target' on page 4 undefined on inp
ut line 250.


Package natbib Warning: Citation `lawrence2003lyapunov' on page 4 undefined on 
input line 252.


Package natbib Warning: Citation `frew2008coordinated' on page 4 undefined on i
nput line 252.


Package natbib Warning: Citation `chen2009tracking' on page 4 undefined on inpu
t line 252.


Package natbib Warning: Citation `lawrence2003lyapunov' on page 4 undefined on 
input line 252.


Package natbib Warning: Citation `pothen2017curvature' on page 4 undefined on i
nput line 252.


Package natbib Warning: Citation `lawrence2003lyapunov' on page 4 undefined on 
input line 252.


Package natbib Warning: Citation `oh2014decentralised' on page 4 undefined on i
nput line 252.


Package natbib Warning: Citation `sun2019fast' on page 4 undefined on input lin
e 252.

[4 <./domain.png> <./mesh view.png>]

Package natbib Warning: Citation `wilhelm2019vector' on page 5 undefined on inp
ut line 254.


Package natbib Warning: Citation `zhu2019evaluation' on page 5 undefined on inp
ut line 254.


Package natbib Warning: Citation `hota2009modified' on page 5 undefined on inpu
t line 254.


Package natbib Warning: Citation `ranjanatime' on page 5 undefined on input lin
e 254.


Package natbib Warning: Citation `ranjanatime' on page 5 undefined on input lin
e 254.


Package natbib Warning: Citation `nelson2007vector' on page 5 undefined on inpu
t line 278.


Package natbib Warning: Citation `liang2015combined' on page 5 undefined on inp
ut line 278.


Package natbib Warning: Citation `frew2008coordinated' on page 5 undefined on i
nput line 278.


Package natbib Warning: Citation `frew2008coordinated' on page 5 undefined on i
nput line 305.


Package natbib Warning: Citation `lawrence2007lyapunov' on page 5 undefined on 
input line 323.

[5]

Package natbib Warning: Citation `lawrence2003lyapunov' on page 6 undefined on 
input line 359.


Package natbib Warning: Citation `pothen2017curvature' on page 6 undefined on i
nput line 371.


Overfull \hbox (7.75424pt too wide) detected at line 382
[][][] \OT1/cmr/m/n/10 = [] []
 []

[6]
Overfull \hbox (13.33347pt too wide) detected at line 470
[][]\OML/cmm/m/it/10 ^^T \OT1/cmr/m/n/10 = [] []
 []


Package natbib Warning: Citation `ranjanatime' on page 7 undefined on input lin
e 473.

[7]

Package natbib Warning: Citation `pothen2017curvature' on page 8 undefined on i
nput line 661.


Package natbib Warning: Citation `pothen2017curvature' on page 8 undefined on i
nput line 661.


Package natbib Warning: Citation `lawrence2003lyapunov' on page 8 undefined on 
input line 661.


Underfull \hbox (badness 10000) detected at line 677
 []$[]  [][]$ [][][]  
 []

[8]

Package natbib Warning: Citation `Aviones:UAVFlightSimulator' on page 9 undefin
ed on input line 687.


Package natbib Warning: Citation `hota2014optimal' on page 9 undefined on input
 line 687.


Package natbib Warning: Citation `lawrence2003lyapunov' on page 9 undefined on 
input line 693.


Package natbib Warning: Citation `pothen2017curvature' on page 9 undefined on i
nput line 693.


Overfull \hbox (6.0pt too wide) in paragraph at lines 697--715
[][]
 []


Overfull \hbox (6.0pt too wide) in paragraph at lines 697--715
[]
 []


Overfull \hbox (6.0pt too wide) in paragraph at lines 697--715
[] 
 []


Package natbib Warning: Citation `lawrence2003lyapunov' on page 9 undefined on 
input line 722.


Package natbib Warning: Citation `pothen2017curvature' on page 9 undefined on i
nput line 722.


Package natbib Warning: Citation `lawrence2003lyapunov' on page 9 undefined on 
input line 722.


Package natbib Warning: Citation `pothen2017curvature' on page 9 undefined on i
nput line 722.


Package natbib Warning: Citation `pothen2017curvature' on page 9 undefined on i
nput line 722.


Package natbib Warning: Citation `lawrence2003lyapunov' on page 9 undefined on 
input line 722.


Overfull \hbox (6.0pt too wide) in paragraph at lines 730--750
[][]
 []


Overfull \hbox (6.0pt too wide) in paragraph at lines 730--750
[]
 []


Overfull \hbox (6.0pt too wide) in paragraph at lines 730--750
[] 
 []


Package natbib Warning: Citation `pothen2017curvature' on page 9 undefined on i
nput line 756.


Overfull \hbox (6.0pt too wide) in paragraph at lines 773--786
[][]
 []


Overfull \hbox (6.0pt too wide) in paragraph at lines 773--786
[] 
 []


Package natbib Warning: Citation `hota2014time' on page 9 undefined on input li
ne 793.

[9]
Overfull \hbox (6.0pt too wide) in paragraph at lines 816--834
[][]
 []


Overfull \hbox (6.0pt too wide) in paragraph at lines 816--834
[]
 []


Overfull \hbox (6.0pt too wide) in paragraph at lines 816--834
[] 
 []

(Draft_sage.bbl)

Package natbib Warning: There were undefined citations.


AED: lastpage setting LastPage
[10] (Draft_sage.aux)

LaTeX Warning: There were multiply-defined labels.


Package rerunfilecheck Warning: File `Draft_sage.out' has changed.
(rerunfilecheck)                Rerun to get outlines right
(rerunfilecheck)                or use package `bookmark'.

Package rerunfilecheck Info: Checksums for `Draft_sage.out':
(rerunfilecheck)             Before: B9362A1F36FEA8FD7DC957AC7BB69308;2978
(rerunfilecheck)             After:  F8E1C98E035D057E75BACFD4E2C0ACE9;2978.
 ) 
Here is how much of TeX's memory you used:
 14007 strings out of 478354
 229971 string characters out of 2837590
 547889 words of memory out of 3000000
 31970 multiletter control sequences out of 15000+600000
 548265 words of font info for 119 fonts, out of 8000000 for 9000
 1141 hyphenation exceptions out of 8191
 70i,22n,77p,2923b,554s stack positions out of 10000i,1000n,20000p,200000b,80000s

pdfTeX warning (dest): name{figure.caption.36} has been referenced but does not
 exist, replaced by a fixed one


pdfTeX warning (dest): name{figure.caption.34} has been referenced but does not
 exist, replaced by a fixed one


pdfTeX warning (dest): name{figure.caption.24} has been referenced but does not
 exist, replaced by a fixed one


pdfTeX warning (dest): name{figure.caption.21} has been referenced but does not
 exist, replaced by a fixed one


pdfTeX warning (dest): name{figure.caption.16} has been referenced but does not
 exist, replaced by a fixed one


pdfTeX warning (dest): name{page.11} has been referenced but does not exist, re
placed by a fixed one


pdfTeX warning (dest): name{section*.35} has been referenced but does not exist
, replaced by a fixed one


pdfTeX warning (dest): name{section*.29} has been referenced but does not exist
, replaced by a fixed one


pdfTeX warning (dest): name{section*.22} has been referenced but does not exist
, replaced by a fixed one


pdfTeX warning (dest): name{section*.19} has been referenced but does not exist
, replaced by a fixed one


pdfTeX warning (dest): name{section*.14} has been referenced but does not exist
, replaced by a fixed one

{C:/Users/suri/AppData/Local/Programs/MiKTeX/fonts/enc/dvips/base/8r.enc}<C:/Us
ers/suri/AppData/Local/Programs/MiKTeX/fonts/type1/public/amsfonts/cm/cmbsy10.p
fb><C:/Users/suri/AppData/Local/Programs/MiKTeX/fonts/type1/public/amsfonts/cme
xtra/cmbsy5.pfb><C:/Users/suri/AppData/Local/Programs/MiKTeX/fonts/type1/public
/amsfonts/cm/cmbx10.pfb><C:/Users/suri/AppData/Local/Programs/MiKTeX/fonts/type
1/public/amsfonts/cm/cmex10.pfb><C:/Users/suri/AppData/Local/Programs/MiKTeX/fo
nts/type1/public/amsfonts/cm/cmmi10.pfb><C:/Users/suri/AppData/Local/Programs/M
iKTeX/fonts/type1/public/amsfonts/cm/cmmi5.pfb><C:/Users/suri/AppData/Local/Pro
grams/MiKTeX/fonts/type1/public/amsfonts/cm/cmmi6.pfb><C:/Users/suri/AppData/Lo
cal/Programs/MiKTeX/fonts/type1/public/amsfonts/cm/cmmi7.pfb><C:/Users/suri/App
Data/Local/Programs/MiKTeX/fonts/type1/public/amsfonts/cm/cmmi8.pfb><C:/Users/s
uri/AppData/Local/Programs/MiKTeX/fonts/type1/public/amsfonts/cm/cmmib10.pfb><C
:/Users/suri/AppData/Local/Programs/MiKTeX/fonts/type1/public/amsfonts/cmextra/
cmmib5.pfb><C:/Users/suri/AppData/Local/Programs/MiKTeX/fonts/type1/public/amsf
onts/cmextra/cmmib7.pfb><C:/Users/suri/AppData/Local/Programs/MiKTeX/fonts/type
1/public/amsfonts/cm/cmr10.pfb><C:/Users/suri/AppData/Local/Programs/MiKTeX/fon
ts/type1/public/amsfonts/cm/cmr5.pfb><C:/Users/suri/AppData/Local/Programs/MiKT
eX/fonts/type1/public/amsfonts/cm/cmr7.pfb><C:/Users/suri/AppData/Local/Program
s/MiKTeX/fonts/type1/public/amsfonts/cm/cmr8.pfb><C:/Users/suri/AppData/Local/P
rograms/MiKTeX/fonts/type1/public/amsfonts/cm/cmsy10.pfb><C:/Users/suri/AppData
/Local/Programs/MiKTeX/fonts/type1/public/amsfonts/cm/cmsy5.pfb><C:/Users/suri/
AppData/Local/Programs/MiKTeX/fonts/type1/public/amsfonts/cm/cmsy6.pfb><C:/User
s/suri/AppData/Local/Programs/MiKTeX/fonts/type1/public/amsfonts/cm/cmsy7.pfb><
C:/Users/suri/AppData/Local/Programs/MiKTeX/fonts/type1/public/amsfonts/cm/cmsy
8.pfb><C:/Users/suri/AppData/Local/Programs/MiKTeX/fonts/type1/public/amsfonts/
cm/cmti10.pfb><C:/Users/suri/AppData/Local/Programs/MiKTeX/fonts/type1/public/a
msfonts/symbols/msam10.pfb><C:/Users/suri/AppData/Local/Programs/MiKTeX/fonts/t
ype1/urw/helvetic/uhvb8a.pfb><C:/Users/suri/AppData/Local/Programs/MiKTeX/fonts
/type1/urw/helvetic/uhvr8a.pfb><C:/Users/suri/AppData/Local/Programs/MiKTeX/fon
ts/type1/urw/helvetic/uhvro8a.pfb><C:/Users/suri/AppData/Local/Programs/MiKTeX/
fonts/type1/urw/times/utmb8a.pfb><C:/Users/suri/AppData/Local/Programs/MiKTeX/f
onts/type1/urw/times/utmbi8a.pfb><C:/Users/suri/AppData/Local/Programs/MiKTeX/f
onts/type1/urw/times/utmr8a.pfb><C:/Users/suri/AppData/Local/Programs/MiKTeX/fo
nts/type1/urw/times/utmri8a.pfb>
Output written on Draft_sage.pdf (10 pages, 620998 bytes).
PDF statistics:
 520 PDF objects out of 1000 (max. 8388607)
 150 named destinations out of 1000 (max. 500000)
 165 words of extra memory for PDF output out of 10000 (max. 10000000)

