This is pdfTeX, Version 3.14159265-2.6-1.40.20 (MiKTeX 2.9.7050 64-bit) (preloaded format=pdflatex 2019.7.21)  22 JUL 2019 21:11
entering extended mode
**./Manuscript_COMP_PartB_Dec_2018.tex
(Manuscript_COMP_PartB_Dec_2018.tex
LaTeX2e <2018-12-01>

("C:\Users\dd10sverma\AppData\Local\Programs\MiKTeX 2.9\tex/latex/elsarticle\el
sarticle.cls"
Document Class: elsarticle 2019/02/25, 3.2: Elsevier Ltd
\@bls=\dimen102

("C:\Users\dd10sverma\AppData\Local\Programs\MiKTeX 2.9\tex/latex/base\article.
cls"
Document Class: article 2018/09/03 v1.4i Standard LaTeX document class

("C:\Users\dd10sverma\AppData\Local\Programs\MiKTeX 2.9\tex/latex/base\size12.c
lo"
File: size12.clo 2018/09/03 v1.4i Standard LaTeX file (size option)
)
\c@part=\count80
\c@section=\count81
\c@subsection=\count82
\c@subsubsection=\count83
\c@paragraph=\count84
\c@subparagraph=\count85
\c@figure=\count86
\c@table=\count87
\abovecaptionskip=\skip41
\belowcaptionskip=\skip42
\bibindent=\dimen103
)
("C:\Users\dd10sverma\AppData\Local\Programs\MiKTeX 2.9\tex/latex/graphics\grap
hicx.sty"
Package: graphicx 2017/06/01 v1.1a Enhanced LaTeX Graphics (DPC,SPQR)

("C:\Users\dd10sverma\AppData\Local\Programs\MiKTeX 2.9\tex/latex/graphics\keyv
al.sty"
Package: keyval 2014/10/28 v1.15 key=value parser (DPC)
\KV@toks@=\toks14
)
("C:\Users\dd10sverma\AppData\Local\Programs\MiKTeX 2.9\tex/latex/graphics\grap
hics.sty"
Package: graphics 2017/06/25 v1.2c Standard LaTeX Graphics (DPC,SPQR)

("C:\Users\dd10sverma\AppData\Local\Programs\MiKTeX 2.9\tex/latex/graphics\trig
.sty"
Package: trig 2016/01/03 v1.10 sin cos tan (DPC)
)
("C:\Users\dd10sverma\AppData\Local\Programs\MiKTeX 2.9\tex/latex/graphics-cfg\
graphics.cfg"
File: graphics.cfg 2016/06/04 v1.11 sample graphics configuration
)
Package graphics Info: Driver file: pdftex.def on input line 99.

("C:\Users\dd10sverma\AppData\Local\Programs\MiKTeX 2.9\tex/latex/graphics-def\
pdftex.def"
File: pdftex.def 2018/01/08 v1.0l Graphics/color driver for pdftex
))
\Gin@req@height=\dimen104
\Gin@req@width=\dimen105
)
\c@tnote=\count88
\c@fnote=\count89
\c@cnote=\count90
\c@ead=\count91
\c@author=\count92
\@eadauthor=\toks15
\c@affn=\count93
\absbox=\box27
\elsarticlehighlightsbox=\box28
\elsarticlegrabsbox=\box29
\keybox=\box30
\Columnwidth=\dimen106
\space@left=\dimen107
\els@boxa=\box31
\els@boxb=\box32
\leftMargin=\dimen108
\@enLab=\toks16
\@sep=\skip43
\@@sep=\skip44
 (Manuscript_COMP_PartB_Dec_2018.spl)
("C:\Users\dd10sverma\AppData\Local\Programs\MiKTeX 2.9\tex/latex/natbib\natbib
.sty"
Package: natbib 2010/09/13 8.31b (PWD, AO)
\bibhang=\skip45
\bibsep=\skip46
LaTeX Info: Redefining \cite on input line 694.
\c@NAT@ctr=\count94
)
\splwrite=\write3
\openout3 = `Manuscript_COMP_PartB_Dec_2018.spl'.


("C:\Users\dd10sverma\AppData\Local\Programs\MiKTeX 2.9\tex/latex/geometry\geom
etry.sty"
Package: geometry 2018/04/16 v5.8 Page Geometry

("C:\Users\dd10sverma\AppData\Local\Programs\MiKTeX 2.9\tex/generic/oberdiek\if
pdf.sty"
Package: ifpdf 2018/09/07 v3.3 Provides the ifpdf switch
)
("C:\Users\dd10sverma\AppData\Local\Programs\MiKTeX 2.9\tex/generic/oberdiek\if
vtex.sty"
Package: ifvtex 2016/05/16 v1.6 Detect VTeX and its facilities (HO)
Package ifvtex Info: VTeX not detected.
)
("C:\Users\dd10sverma\AppData\Local\Programs\MiKTeX 2.9\tex/generic/ifxetex\ifx
etex.sty"
Package: ifxetex 2010/09/12 v0.6 Provides ifxetex conditional
)
\Gm@cnth=\count95
\Gm@cntv=\count96
\c@Gm@tempcnt=\count97
\Gm@bindingoffset=\dimen109
\Gm@wd@mp=\dimen110
\Gm@odd@mp=\dimen111
\Gm@even@mp=\dimen112
\Gm@layoutwidth=\dimen113
\Gm@layoutheight=\dimen114
\Gm@layouthoffset=\dimen115
\Gm@layoutvoffset=\dimen116
\Gm@dimlist=\toks17

("C:\Users\dd10sverma\AppData\Local\Programs\MiKTeX 2.9\tex/latex/geometry\geom
etry.cfg"))
\appnamewidth=\dimen117
) (numcompress.sty
Package: numcompress 2012/08/18 187 numcompress (CVR)


Package numcompress Warning: ****************************************
(numcompress)                Package numcompress v,187 loaded
(numcompress)                [Compress numbers (CVR)]
(numcompress)                ****************************************.

)
("C:\Users\dd10sverma\AppData\Local\Programs\MiKTeX 2.9\tex/latex/tabulary\tabu
lary.sty"
Package: tabulary 2014/06/11 v0.10 tabulary package (DPC)

("C:\Users\dd10sverma\AppData\Local\Programs\MiKTeX 2.9\tex/latex/tools\array.s
ty"
Package: array 2018/12/30 v2.4k Tabular extension package (FMi)
\col@sep=\dimen118
\ar@mcellbox=\box33
\extrarowheight=\dimen119
\NC@list=\toks18
\extratabsurround=\skip47
\backup@length=\skip48
\ar@cellbox=\box34
)
\TY@count=\count98
\TY@linewidth=\dimen120
\tymin=\dimen121
\tymax=\dimen122
\TY@tablewidth=\dimen123
)
("C:\Users\dd10sverma\AppData\Local\Programs\MiKTeX 2.9\tex/latex/xcolor\xcolor
.sty"
Package: xcolor 2016/05/11 v2.12 LaTeX color extensions (UK)

("C:\Users\dd10sverma\AppData\Local\Programs\MiKTeX 2.9\tex/latex/graphics-cfg\
color.cfg"
File: color.cfg 2016/01/02 v1.6 sample color configuration
)
Package xcolor Info: Driver file: pdftex.def on input line 225.
Package xcolor Info: Model `cmy' substituted by `cmy0' on input line 1348.
Package xcolor Info: Model `hsb' substituted by `rgb' on input line 1352.
Package xcolor Info: Model `RGB' extended on input line 1364.
Package xcolor Info: Model `HTML' substituted by `rgb' on input line 1366.
Package xcolor Info: Model `Hsb' substituted by `hsb' on input line 1367.
Package xcolor Info: Model `tHsb' substituted by `hsb' on input line 1368.
Package xcolor Info: Model `HSB' substituted by `hsb' on input line 1369.
Package xcolor Info: Model `Gray' substituted by `gray' on input line 1370.
Package xcolor Info: Model `wave' substituted by `hsb' on input line 1371.
)
("C:\Users\dd10sverma\AppData\Local\Programs\MiKTeX 2.9\tex/latex/amsfonts\amsf
onts.sty"
Package: amsfonts 2013/01/14 v3.01 Basic AMSFonts support
\@emptytoks=\toks19
\symAMSa=\mathgroup4
\symAMSb=\mathgroup5
LaTeX Font Info:    Overwriting math alphabet `\mathfrak' in version `bold'
(Font)                  U/euf/m/n --> U/euf/b/n on input line 106.
)
("C:\Users\dd10sverma\AppData\Local\Programs\MiKTeX 2.9\tex/latex/amsmath\amsma
th.sty"
Package: amsmath 2018/12/01 v2.17b AMS math features
\@mathmargin=\skip49

For additional information on amsmath, use the `?' option.

("C:\Users\dd10sverma\AppData\Local\Programs\MiKTeX 2.9\tex/latex/amsmath\amste
xt.sty"
Package: amstext 2000/06/29 v2.01 AMS text

("C:\Users\dd10sverma\AppData\Local\Programs\MiKTeX 2.9\tex/latex/amsmath\amsge
n.sty"
File: amsgen.sty 1999/11/30 v2.0 generic functions
\@emptytoks=\toks20
\ex@=\dimen124
))
("C:\Users\dd10sverma\AppData\Local\Programs\MiKTeX 2.9\tex/latex/amsmath\amsbs
y.sty"
Package: amsbsy 1999/11/29 v1.2d Bold Symbols
\pmbraise@=\dimen125
)
("C:\Users\dd10sverma\AppData\Local\Programs\MiKTeX 2.9\tex/latex/amsmath\amsop
n.sty"
Package: amsopn 2016/03/08 v2.02 operator names
)
\inf@bad=\count99
LaTeX Info: Redefining \frac on input line 223.
\uproot@=\count100
\leftroot@=\count101
LaTeX Info: Redefining \overline on input line 385.
\classnum@=\count102
\DOTSCASE@=\count103
LaTeX Info: Redefining \ldots on input line 482.
LaTeX Info: Redefining \dots on input line 485.
LaTeX Info: Redefining \cdots on input line 606.
\Mathstrutbox@=\box35
\strutbox@=\box36
\big@size=\dimen126
LaTeX Font Info:    Redeclaring font encoding OML on input line 729.
LaTeX Font Info:    Redeclaring font encoding OMS on input line 730.
\macc@depth=\count104
\c@MaxMatrixCols=\count105
\dotsspace@=\muskip10
\c@parentequation=\count106
\dspbrk@lvl=\count107
\tag@help=\toks21
\row@=\count108
\column@=\count109
\maxfields@=\count110
\andhelp@=\toks22
\eqnshift@=\dimen127
\alignsep@=\dimen128
\tagshift@=\dimen129
\tagwidth@=\dimen130
\totwidth@=\dimen131
\lineht@=\dimen132
\@envbody=\toks23
\multlinegap=\skip50
\multlinetaggap=\skip51
\mathdisplay@stack=\toks24
LaTeX Info: Redefining \[ on input line 2844.
LaTeX Info: Redefining \] on input line 2845.
)
("C:\Users\dd10sverma\AppData\Local\Programs\MiKTeX 2.9\tex/latex/amsfonts\amss
ymb.sty"
Package: amssymb 2013/01/14 v3.01 AMS font symbols
)
("C:\Users\dd10sverma\AppData\Local\Programs\MiKTeX 2.9\tex/latex/url\url.sty"
\Urlmuskip=\muskip11
Package: url 2013/09/16  ver 3.4  Verb mode for urls, etc.
)
("C:\Users\dd10sverma\AppData\Local\Programs\MiKTeX 2.9\tex/latex/multirow\mult
irow.sty"
Package: multirow 2019/05/31 v2.5 Span multiple rows of a table
\multirow@colwidth=\skip52
\multirow@cntb=\count111
\multirow@dima=\skip53
\bigstrutjot=\dimen133
)
("C:\Users\dd10sverma\AppData\Local\Programs\MiKTeX 2.9\tex/latex/morefloats\mo
refloats.sty"
Package: morefloats 2015/07/22 v1.0h Raise limit of unprocessed floats (HMM)

("C:\Users\dd10sverma\AppData\Local\Programs\MiKTeX 2.9\tex/latex/oberdiek\kvop
tions.sty"
Package: kvoptions 2016/05/16 v3.12 Key value format for package options (HO)

("C:\Users\dd10sverma\AppData\Local\Programs\MiKTeX 2.9\tex/generic/oberdiek\lt
xcmds.sty"
Package: ltxcmds 2016/05/16 v1.23 LaTeX kernel commands for general use (HO)
)
("C:\Users\dd10sverma\AppData\Local\Programs\MiKTeX 2.9\tex/generic/oberdiek\kv
setkeys.sty"
Package: kvsetkeys 2016/05/16 v1.17 Key value parser (HO)

("C:\Users\dd10sverma\AppData\Local\Programs\MiKTeX 2.9\tex/generic/oberdiek\in
fwarerr.sty"
Package: infwarerr 2016/05/16 v1.4 Providing info/warning/error messages (HO)
)
("C:\Users\dd10sverma\AppData\Local\Programs\MiKTeX 2.9\tex/generic/oberdiek\et
excmds.sty"
Package: etexcmds 2016/05/16 v1.6 Avoid name clashes with e-TeX commands (HO)

("C:\Users\dd10sverma\AppData\Local\Programs\MiKTeX 2.9\tex/generic/oberdiek\if
luatex.sty"
Package: ifluatex 2016/05/16 v1.4 Provides the ifluatex switch (HO)
Package ifluatex Info: LuaTeX not detected.
))))
Package morefloats Info: Maximum number of possible floats asked for: 36
(morefloats)             (i.e. 18 more floats).
(morefloats)             LaTeX might run out of memory before this
(morefloats)             (in which case it will notify you).
)
("C:\Users\dd10sverma\AppData\Local\Programs\MiKTeX 2.9\tex/latex/floatflt\floa
tflt.sty"
Package: floatflt 1997/07/16 v. 1.31
\c@OptionTest=\count112
\figbox=\box37
\tabbox=\box38
\pagebox=\box39
\ffigcount=\count113
\ftabcount=\count114
\fftest=\count115
\hangcount=\count116
\nosuccesstryfig=\count117
\nosuccesstrytab=\count118
\figgutter=\dimen134
\tabgutter=\dimen135
\htdone=\dimen136
\pageht=\dimen137
\startpageht=\dimen138
\tabbredd=\dimen139
\floatfltwidth=\dimen140
\fltitemwidth=\dimen141
\outputpretest=\toks25
)
("C:\Users\dd10sverma\AppData\Local\Programs\MiKTeX 2.9\tex/latex/cancel\cancel
.sty"
Package: cancel 2013/04/12 v2.2 Cancel math terms
)
("C:\Users\dd10sverma\AppData\Local\Programs\MiKTeX 2.9\tex/latex/tfrupee\tfrup
ee.sty"
Package: tfrupee 2010/12/15 LaTeX Support for the TechFat Rupee symbols by Tech
Fat (http://techfat.blogspot.com/2010/07/new-open-source-india-rupee-font.html)
. Adapted for use with TeX by Palle Jorgensen, hamselv(a)pallej.dk
)
("C:\Users\dd10sverma\AppData\Local\Programs\MiKTeX 2.9\tex/latex/colortbl\colo
rtbl.sty"
Package: colortbl 2018/12/12 v1.0d Color table columns (DPC)
\everycr=\toks26
\minrowclearance=\skip54
)
("C:\Users\dd10sverma\AppData\Local\Programs\MiKTeX 2.9\tex/latex/psnfss\pifont
.sty"
Package: pifont 2005/04/12 PSNFSS-v9.2a Pi font support (SPQR) 
LaTeX Font Info:    Try loading font information for U+pzd on input line 63.

("C:\Users\dd10sverma\AppData\Local\Programs\MiKTeX 2.9\tex/latex/psnfss\upzd.f
d"
File: upzd.fd 2001/06/04 font definitions for U/pzd.
)
LaTeX Font Info:    Try loading font information for U+psy on input line 64.

("C:\Users\dd10sverma\AppData\Local\Programs\MiKTeX 2.9\tex/latex/psnfss\upsy.f
d"
File: upsy.fd 2001/06/04 font definitions for U/psy.
))
("C:\Users\dd10sverma\AppData\Local\Programs\MiKTeX 2.9\tex/latex/wasysym\wasys
ym.sty"
Package: wasysym 2003/10/30 v2.0 Wasy-2 symbol support package
\symwasy=\mathgroup6
LaTeX Font Info:    Overwriting symbol font `wasy' in version `bold'
(Font)                  U/wasy/m/n --> U/wasy/b/n on input line 90.
)
("C:\Users\dd10sverma\AppData\Local\Programs\MiKTeX 2.9\tex/latex/endfloat\endf
loat.sty"
Package: endfloat 2019/04/15 v2.7 LaTeX2e package puts figures and tables at en
d (jdm)
\c@postfigure=\count119
\efloat@postfff=\write4
\@ef@fffopen=\count120
\c@posttable=\count121
\efloat@postttt=\write5
\@ef@tttopen=\count122
)
("C:\Users\dd10sverma\AppData\Local\Programs\MiKTeX 2.9\tex/latex/lineno\lineno
.sty"
Package: lineno 2005/11/02 line numbers on paragraphs v4.41
\linenopenalty=\count123
\output=\toks27
\linenoprevgraf=\count124
\linenumbersep=\dimen142
\linenumberwidth=\dimen143
\c@linenumber=\count125
\c@pagewiselinenumber=\count126
\c@LN@truepage=\count127
\c@internallinenumber=\count128
\c@internallinenumbers=\count129
\quotelinenumbersep=\dimen144
\bframerule=\dimen145
\bframesep=\dimen146
\bframebox=\box40
LaTeX Info: Redefining \\ on input line 3056.
)
("C:\Users\dd10sverma\AppData\Local\Programs\MiKTeX 2.9\tex/latex/hyperref\hype
rref.sty"
Package: hyperref 2018/11/30 v6.88e Hypertext links for LaTeX

("C:\Users\dd10sverma\AppData\Local\Programs\MiKTeX 2.9\tex/generic/oberdiek\ho
bsub-hyperref.sty"
Package: hobsub-hyperref 2016/05/16 v1.14 Bundle oberdiek, subset hyperref (HO)


("C:\Users\dd10sverma\AppData\Local\Programs\MiKTeX 2.9\tex/generic/oberdiek\ho
bsub-generic.sty"
Package: hobsub-generic 2016/05/16 v1.14 Bundle oberdiek, subset generic (HO)
Package: hobsub 2016/05/16 v1.14 Construct package bundles (HO)
Package hobsub Info: Skipping package `infwarerr' (already loaded).
Package hobsub Info: Skipping package `ltxcmds' (already loaded).
Package hobsub Info: Skipping package `ifluatex' (already loaded).
Package hobsub Info: Skipping package `ifvtex' (already loaded).
Package: intcalc 2016/05/16 v1.2 Expandable calculations with integers (HO)
Package hobsub Info: Skipping package `ifpdf' (already loaded).
Package hobsub Info: Skipping package `etexcmds' (already loaded).
Package hobsub Info: Skipping package `kvsetkeys' (already loaded).
Package: kvdefinekeys 2016/05/16 v1.4 Define keys (HO)
Package: pdftexcmds 2018/09/10 v0.29 Utility functions of pdfTeX for LuaTeX (HO
)
Package pdftexcmds Info: LuaTeX not detected.
Package pdftexcmds Info: \pdf@primitive is available.
Package pdftexcmds Info: \pdf@ifprimitive is available.
Package pdftexcmds Info: \pdfdraftmode found.
Package: pdfescape 2016/05/16 v1.14 Implements pdfTeX's escape features (HO)
Package: bigintcalc 2016/05/16 v1.4 Expandable calculations on big integers (HO
)
Package: bitset 2016/05/16 v1.2 Handle bit-vector datatype (HO)
Package: uniquecounter 2016/05/16 v1.3 Provide unlimited unique counter (HO)
)
Package hobsub Info: Skipping package `hobsub' (already loaded).
Package: letltxmacro 2016/05/16 v1.5 Let assignment for LaTeX macros (HO)
Package: hopatch 2016/05/16 v1.3 Wrapper for package hooks (HO)
Package: xcolor-patch 2016/05/16 xcolor patch
Package: atveryend 2016/05/16 v1.9 Hooks at the very end of document (HO)
Package atveryend Info: \enddocument detected (standard20110627).
Package: atbegshi 2016/06/09 v1.18 At begin shipout hook (HO)
Package: refcount 2016/05/16 v3.5 Data extraction from label references (HO)
Package: hycolor 2016/05/16 v1.8 Color options for hyperref/bookmark (HO)
)
("C:\Users\dd10sverma\AppData\Local\Programs\MiKTeX 2.9\tex/latex/oberdiek\auxh
ook.sty"
Package: auxhook 2016/05/16 v1.4 Hooks for auxiliary files (HO)
)
\@linkdim=\dimen147
\Hy@linkcounter=\count130
\Hy@pagecounter=\count131

("C:\Users\dd10sverma\AppData\Local\Programs\MiKTeX 2.9\tex/latex/hyperref\pd1e
nc.def"
File: pd1enc.def 2018/11/30 v6.88e Hyperref: PDFDocEncoding definition (HO)
Now handling font encoding PD1 ...
... no UTF-8 mapping file for font encoding PD1
)
\Hy@SavedSpaceFactor=\count132

("C:\Users\dd10sverma\AppData\Local\Programs\MiKTeX 2.9\tex/latex/00miktex\hype
rref.cfg"
File: hyperref.cfg 2002/06/06 v1.2 hyperref configuration of TeXLive
)
Package hyperref Info: Hyper figures OFF on input line 4519.
Package hyperref Info: Link nesting OFF on input line 4524.
Package hyperref Info: Hyper index ON on input line 4527.
Package hyperref Info: Plain pages OFF on input line 4534.
Package hyperref Info: Backreferencing OFF on input line 4539.
Package hyperref Info: Implicit mode ON; LaTeX internals redefined.
Package hyperref Info: Bookmarks ON on input line 4772.
\c@Hy@tempcnt=\count133
LaTeX Info: Redefining \url on input line 5125.
\XeTeXLinkMargin=\dimen148
\Fld@menulength=\count134
\Field@Width=\dimen149
\Fld@charsize=\dimen150
Package hyperref Info: Hyper figures OFF on input line 6380.
Package hyperref Info: Link nesting OFF on input line 6385.
Package hyperref Info: Hyper index ON on input line 6388.
Package hyperref Info: backreferencing OFF on input line 6395.
Package hyperref Info: Link coloring OFF on input line 6400.
Package hyperref Info: Link coloring with OCG OFF on input line 6405.
Package hyperref Info: PDF/A mode OFF on input line 6410.
LaTeX Info: Redefining \ref on input line 6450.
LaTeX Info: Redefining \pageref on input line 6454.
\Hy@abspage=\count135
\c@Item=\count136
\c@Hfootnote=\count137
)
Package hyperref Info: Driver (autodetected): hpdftex.

("C:\Users\dd10sverma\AppData\Local\Programs\MiKTeX 2.9\tex/latex/hyperref\hpdf
tex.def"
File: hpdftex.def 2018/11/30 v6.88e Hyperref driver for pdfTeX
\Fld@listcount=\count138
\c@bookmark@seq@number=\count139

("C:\Users\dd10sverma\AppData\Local\Programs\MiKTeX 2.9\tex/latex/oberdiek\reru
nfilecheck.sty"
Package: rerunfilecheck 2016/05/16 v1.8 Rerun checks for auxiliary files (HO)
Package uniquecounter Info: New unique counter `rerunfilecheck' on input line 2
82.
)
\Hy@SectionHShift=\skip55
)
Package hyperref Info: Option `colorlinks' set `true' on input line 259.

("C:\Users\dd10sverma\AppData\Local\Programs\MiKTeX 2.9\tex/latex/cleveref\clev
eref.sty"
Package: cleveref 2018/03/27 v0.21.4 Intelligent cross-referencing
Package cleveref Info: `hyperref' support loaded on input line 2370.
LaTeX Info: Redefining \cref on input line 2370.
LaTeX Info: Redefining \Cref on input line 2370.
LaTeX Info: Redefining \crefrange on input line 2370.
LaTeX Info: Redefining \Crefrange on input line 2370.
LaTeX Info: Redefining \cpageref on input line 2370.
LaTeX Info: Redefining \Cpageref on input line 2370.
LaTeX Info: Redefining \cpagerefrange on input line 2370.
LaTeX Info: Redefining \Cpagerefrange on input line 2370.
LaTeX Info: Redefining \labelcref on input line 2370.
LaTeX Info: Redefining \labelcpageref on input line 2370.
)
("C:\Users\dd10sverma\AppData\Local\Programs\MiKTeX 2.9\tex/latex/breqn\breqn.s
ty"
("C:\Users\dd10sverma\AppData\Local\Programs\MiKTeX 2.9\tex/latex/l3kernel\expl
3.sty"
Package: expl3 2019-07-01 L3 programming layer (loader) 

("C:\Users\dd10sverma\AppData\Local\Programs\MiKTeX 2.9\tex/latex/l3kernel\expl
3-code.tex"
Package: expl3 2019-07-01 L3 programming layer (code)
\c_max_int=\count140
\l_tmpa_int=\count141
\l_tmpb_int=\count142
\g_tmpa_int=\count143
\g_tmpb_int=\count144
\g__kernel_prg_map_int=\count145
\c__ior_term_ior=\count146
\c_log_iow=\count147
\l_iow_line_count_int=\count148
\l__iow_line_target_int=\count149
\l__iow_one_indent_int=\count150
\l__iow_indent_int=\count151
\c_zero_dim=\dimen151
\c_max_dim=\dimen152
\l_tmpa_dim=\dimen153
\l_tmpb_dim=\dimen154
\g_tmpa_dim=\dimen155
\g_tmpb_dim=\dimen156
\c_zero_skip=\skip56
\c_max_skip=\skip57
\l_tmpa_skip=\skip58
\l_tmpb_skip=\skip59
\g_tmpa_skip=\skip60
\g_tmpb_skip=\skip61
\c_zero_muskip=\muskip12
\c_max_muskip=\muskip13
\l_tmpa_muskip=\muskip14
\l_tmpb_muskip=\muskip15
\g_tmpa_muskip=\muskip16
\g_tmpb_muskip=\muskip17
\l_keys_choice_int=\count152
\l__intarray_loop_int=\count153
\c__intarray_sp_dim=\dimen157
\g__intarray_font_int=\count154
\c__fp_leading_shift_int=\count155
\c__fp_middle_shift_int=\count156
\c__fp_trailing_shift_int=\count157
\c__fp_big_leading_shift_int=\count158
\c__fp_big_middle_shift_int=\count159
\c__fp_big_trailing_shift_int=\count160
\c__fp_Bigg_leading_shift_int=\count161
\c__fp_Bigg_middle_shift_int=\count162
\c__fp_Bigg_trailing_shift_int=\count163
\c__kernel_randint_max_int=\count164
\g__fp_array_int=\count165
\l__fp_array_loop_int=\count166
\l__sort_length_int=\count167
\l__sort_min_int=\count168
\l__sort_top_int=\count169
\l__sort_max_int=\count170
\l__sort_true_max_int=\count171
\l__sort_block_int=\count172
\l__sort_begin_int=\count173
\l__sort_end_int=\count174
\l__sort_A_int=\count175
\l__sort_B_int=\count176
\l__sort_C_int=\count177
\l__str_internal_int=\count178
\c__str_replacement_char_int=\count179
\l__tl_analysis_normal_int=\count180
\l__tl_analysis_index_int=\count181
\l__tl_analysis_nesting_int=\count182
\l__tl_analysis_type_int=\count183
\l__regex_internal_a_int=\count184
\l__regex_internal_b_int=\count185
\l__regex_internal_c_int=\count186
\l__regex_balance_int=\count187
\l__regex_group_level_int=\count188
\l__regex_mode_int=\count189
\c__regex_cs_in_class_mode_int=\count190
\c__regex_cs_mode_int=\count191
\l__regex_catcodes_int=\count192
\l__regex_default_catcodes_int=\count193
\c__regex_catcode_D_int=\count194
\c__regex_catcode_S_int=\count195
\c__regex_catcode_L_int=\count196
\c__regex_catcode_O_int=\count197
\c__regex_catcode_A_int=\count198
\c__regex_all_catcodes_int=\count199
\l__regex_show_lines_int=\count266
\l__regex_min_state_int=\count267
\l__regex_max_state_int=\count268
\l__regex_left_state_int=\count269
\l__regex_right_state_int=\count270
\l__regex_capturing_group_int=\count271
\l__regex_min_pos_int=\count272
\l__regex_max_pos_int=\count273
\l__regex_curr_pos_int=\count274
\l__regex_start_pos_int=\count275
\l__regex_success_pos_int=\count276
\l__regex_curr_char_int=\count277
\l__regex_curr_catcode_int=\count278
\l__regex_last_char_int=\count279
\l__regex_case_changed_char_int=\count280
\l__regex_curr_state_int=\count281
\l__regex_step_int=\count282
\l__regex_min_active_int=\count283
\l__regex_max_active_int=\count284
\l__regex_replacement_csnames_int=\count285
\l__regex_match_count_int=\count286
\l__regex_min_submatch_int=\count287
\l__regex_submatch_int=\count288
\l__regex_zeroth_submatch_int=\count289
\g__regex_trace_regex_int=\count290
\c_empty_box=\box41
\l_tmpa_box=\box42
\l_tmpb_box=\box43
\g_tmpa_box=\box44
\g_tmpb_box=\box45
\l__box_top_dim=\dimen158
\l__box_bottom_dim=\dimen159
\l__box_left_dim=\dimen160
\l__box_right_dim=\dimen161
\l__box_top_new_dim=\dimen162
\l__box_bottom_new_dim=\dimen163
\l__box_left_new_dim=\dimen164
\l__box_right_new_dim=\dimen165
\l__box_internal_box=\box46
\l__coffin_internal_box=\box47
\l__coffin_internal_dim=\dimen166
\l__coffin_offset_x_dim=\dimen167
\l__coffin_offset_y_dim=\dimen168
\l__coffin_x_dim=\dimen169
\l__coffin_y_dim=\dimen170
\l__coffin_x_prime_dim=\dimen171
\l__coffin_y_prime_dim=\dimen172
\c_empty_coffin=\box48
\l__coffin_aligned_coffin=\box49
\l__coffin_aligned_internal_coffin=\box50
\l_tmpa_coffin=\box51
\l_tmpb_coffin=\box52
\g_tmpa_coffin=\box53
\g_tmpb_coffin=\box54
\l__coffin_bounding_shift_dim=\dimen173
\l__coffin_left_corner_dim=\dimen174
\l__coffin_right_corner_dim=\dimen175
\l__coffin_bottom_corner_dim=\dimen176
\l__coffin_top_corner_dim=\dimen177
\l__coffin_scaled_total_height_dim=\dimen178
\l__coffin_scaled_width_dim=\dimen179
\c__coffin_empty_coffin=\box55
\l__coffin_display_coffin=\box56
\l__coffin_display_coord_coffin=\box57
\l__coffin_display_pole_coffin=\box58
\l__coffin_display_offset_dim=\dimen180
\l__coffin_display_x_dim=\dimen181
\l__coffin_display_y_dim=\dimen182
\g__file_internal_ior=\read1
\l__seq_internal_a_int=\count291
\l__seq_internal_b_int=\count292
\c__deprecation_minus_one=\count293
)
("C:\Users\dd10sverma\AppData\Local\Programs\MiKTeX 2.9\tex/latex/l3backend\l3b
ackend-pdfmode.def"
File: l3backend-pdfmode.def 2019-04-06 v L3 Experimental backend support: PDF m
ode
\l__kernel_color_stack_int=\count294
\l__pdf_internal_box=\box59
))
Package: breqn 2018/09/14 v0.98f Breaking equations

("C:\Users\dd10sverma\AppData\Local\Programs\MiKTeX 2.9\tex/latex/breqn\flexisy
m.sty"
Package: flexisym 2017/01/27 v0.98e Make math characters macros
LaTeX Info: Redefining \textprime on input line 300.
LaTeX Info: Redefining \not on input line 358.

("C:\Users\dd10sverma\AppData\Local\Programs\MiKTeX 2.9\tex/latex/breqn\cmbase.
sym"
File: cmbase.sym 2007/12/19 v0.92
LaTeX Info: Redefining \hbar on input line 325.
LaTeX Info: Redefining \surd on input line 327.
LaTeX Info: Redefining \angle on input line 335.
LaTeX Info: Redefining \neq on input line 336.
LaTeX Info: Redefining \mapsto on input line 337.
LaTeX Info: Redefining \cong on input line 338.
LaTeX Info: Redefining \notin on input line 341.
LaTeX Info: Redefining \rightleftharpoons on input line 342.
LaTeX Info: Redefining \doteq on input line 343.
LaTeX Info: Redefining \hookrightarrow on input line 344.
LaTeX Info: Redefining \hookleftarrow on input line 345.
LaTeX Info: Redefining \bowtie on input line 346.
LaTeX Info: Redefining \models on input line 347.
LaTeX Info: Redefining \Longrightarrow on input line 348.
LaTeX Info: Redefining \longrightarrow on input line 349.
LaTeX Info: Redefining \Longleftarrow on input line 350.
LaTeX Info: Redefining \longleftarrow on input line 351.
LaTeX Info: Redefining \longmapsto on input line 352.
LaTeX Info: Redefining \longleftrightarrow on input line 353.
LaTeX Info: Redefining \Longleftrightarrow on input line 354.
LaTeX Info: Redefining \cdots on input line 358.
LaTeX Info: Redefining \vdots on input line 361.
LaTeX Info: Redefining \ddots on input line 366.
)
("C:\Users\dd10sverma\AppData\Local\Programs\MiKTeX 2.9\tex/latex/breqn\mathsty
le.sty"
Package: mathstyle 2017/01/27 0.98e Tracking mathstyle implicitly
LaTeX Info: Redefining \displaystyle on input line 93.
LaTeX Info: Redefining \textstyle on input line 95.
LaTeX Info: Redefining \scriptstyle on input line 97.
LaTeX Info: Redefining \scriptscriptstyle on input line 99.
LaTeX Info: Redefining \genfrac on input line 145.
))
("C:\Users\dd10sverma\AppData\Local\Programs\MiKTeX 2.9\tex/latex/tools\calc.st
y"
Package: calc 2017/05/25 v4.3 Infix arithmetic (KKT,FJ)
\calc@Acount=\count295
\calc@Bcount=\count296
\calc@Adimen=\dimen183
\calc@Bdimen=\dimen184
\calc@Askip=\skip62
\calc@Bskip=\skip63
LaTeX Info: Redefining \setlength on input line 80.
LaTeX Info: Redefining \addtolength on input line 81.
\calc@Ccount=\count297
\calc@Cskip=\skip64
)
\inf@bad=\count298
\maxint=\count299
\listwidth=\dimen185
\eqnumsep=\dimen186
\eqmargin=\dimen187
\eqlinespacing=\skip65
\eqlineskip=\skip66
\eqlineskiplimit=\dimen188
\eqbinoffset=\muskip18
\eqdelimoffset=\muskip19
\eqindentstep=\dimen189
\eqstyle=\toks28
\eqbreakdepth=\count300
\eqinterlinepenalty=\count301
\intereqpenalty=\count302
\intereqskip=\skip67
\prerelpenalty=\count303
\prebinoppenalty=\count304
\Dmedmuskip=\muskip20
\Dthickmuskip=\muskip21
\eqleftskip=\skip68
\eqrightskip=\skip69
\eq@vspan=\skip70
\eq@binoffset=\muskip22
\EQ@box=\box60
\EQ@copy=\box61
\EQ@numbox=\box62
\eq@wdNum=\dimen190
\GRP@numbox=\box63
\grp@wdNum=\dimen191
\eq@lines=\count305
\eq@curline=\count306
\eq@badness=\count307
\EQ@vims=\count308
\eq@dp=\dimen192
\eq@wdL=\dimen193
\eq@wdT=\dimen194
\eq@wdMin=\dimen195
\grp@wdL=\dimen196
\grp@wdR=\dimen197
\grp@wdT=\dimen198
\eq@wdRmax=\dimen199
\eq@firstht=\dimen256
\eq@wdCond=\dimen257
\eq@indentstep=\dimen258
\eq@linewidth=\dimen259
\grp@linewidth=\dimen260
\eq@hshift=\dimen261
\eq@given@sidespace=\dimen262
\mathindent=\dimen263
\eq@final@linecount=\count309
\eq@wdR=\dimen264
\EQ@continue=\toks29
\lr@level=\count310
\GRP@queue=\toks30
\GRP@box=\box64
\GRP@wholebox=\box65
\darraycolsep=\skip71
\cur@row=\count311
\cur@col=\count312
\conditionsep=\skip72
)
("C:\Users\dd10sverma\AppData\Local\Programs\MiKTeX 2.9\tex/latex/csquotes\csqu
otes.sty"
Package: csquotes 2019/05/10 v5.2e context-sensitive quotations (JAW)

("C:\Users\dd10sverma\AppData\Local\Programs\MiKTeX 2.9\tex/latex/etoolbox\etoo
lbox.sty"
Package: etoolbox 2018/08/19 v2.5f e-TeX tools for LaTeX (JAW)
\etb@tempcnta=\count313


Package etoolbox Warning: Patching '\end' failed!
(etoolbox)                '\AfterEndEnvironment' will not work.

)
\csq@reset=\count314
\csq@gtype=\count315
\csq@glevel=\count316
\csq@qlevel=\count317
\csq@maxlvl=\count318
\csq@tshold=\count319
\csq@ltx@everypar=\toks31

("C:\Users\dd10sverma\AppData\Local\Programs\MiKTeX 2.9\tex/latex/csquotes\csqu
otes.def"
File: csquotes.def 2019/05/10 v5.2e csquotes generic definitions (JAW)
)
Package csquotes Info: Trying to load configuration file 'csquotes.cfg'...
Package csquotes Info: ... configuration file loaded successfully.

("C:\Users\dd10sverma\AppData\Local\Programs\MiKTeX 2.9\tex/latex/csquotes\csqu
otes.cfg"
File: csquotes.cfg 
))
("C:\Users\dd10sverma\AppData\Local\Programs\MiKTeX 2.9\tex/latex/caption\subca
ption.sty"
Package: subcaption 2018/05/01 v1.1-162 Sub-captions (AR)

("C:\Users\dd10sverma\AppData\Local\Programs\MiKTeX 2.9\tex/latex/caption\capti
on.sty"
Package: caption 2018/10/06 v3.3-154 Customizing captions (AR)

("C:\Users\dd10sverma\AppData\Local\Programs\MiKTeX 2.9\tex/latex/caption\capti
on3.sty"
Package: caption3 2018/09/12 v1.8c caption3 kernel (AR)
Package caption3 Info: TeX engine: e-TeX on input line 64.
\captionmargin=\dimen265
\captionmargin@=\dimen266
\captionwidth=\dimen267
\caption@tempdima=\dimen268
\caption@indent=\dimen269
\caption@parindent=\dimen270
\caption@hangindent=\dimen271
)
\c@caption@flags=\count320
\c@ContinuedFloat=\count321
Package caption Info: floatflt package is loaded.
Package caption Info: hyperref package is loaded.
)
\c@subfigure=\count322
\c@subtable=\count323
)
Package caption Info: We need package `newfloat' on input line 271.

("C:\Users\dd10sverma\AppData\Local\Programs\MiKTeX 2.9\tex/latex/caption\newfl
oat.sty"
Package: newfloat 2018/03/04 v1.1a Defining new floating environments (AR)
)
("C:\Users\dd10sverma\AppData\Local\Programs\MiKTeX 2.9\tex/latex/booktabs\book
tabs.sty"
Package: booktabs 2005/04/14 v1.61803 publication quality tables
\heavyrulewidth=\dimen272
\lightrulewidth=\dimen273
\cmidrulewidth=\dimen274
\belowrulesep=\dimen275
\belowbottomsep=\dimen276
\aboverulesep=\dimen277
\abovetopsep=\dimen278
\cmidrulesep=\dimen279
\cmidrulekern=\dimen280
\defaultaddspace=\dimen281
\@cmidla=\count324
\@cmidlb=\count325
\@aboverulesep=\dimen282
\@belowrulesep=\dimen283
\@thisruleclass=\count326
\@lastruleclass=\count327
\@thisrulewidth=\dimen284
)
Package csquotes Info: Checking for multilingual support...
Package csquotes Info: ... none found.
 (Manuscript_COMP_PartB_Dec_2018.aux)
\openout1 = `Manuscript_COMP_PartB_Dec_2018.aux'.

LaTeX Font Info:    Checking defaults for OML/cmm/m/it on input line 281.
LaTeX Font Info:    ... okay on input line 281.
LaTeX Font Info:    Checking defaults for T1/cmr/m/n on input line 281.
LaTeX Font Info:    ... okay on input line 281.
LaTeX Font Info:    Checking defaults for OT1/cmr/m/n on input line 281.
LaTeX Font Info:    ... okay on input line 281.
LaTeX Font Info:    Checking defaults for OMS/cmsy/m/n on input line 281.
LaTeX Font Info:    ... okay on input line 281.
LaTeX Font Info:    Checking defaults for OMX/cmex/m/n on input line 281.
LaTeX Font Info:    ... okay on input line 281.
LaTeX Font Info:    Checking defaults for U/cmr/m/n on input line 281.
LaTeX Font Info:    ... okay on input line 281.
LaTeX Font Info:    Checking defaults for PD1/pdf/m/n on input line 281.
LaTeX Font Info:    ... okay on input line 281.

("C:\Users\dd10sverma\AppData\Local\Programs\MiKTeX 2.9\tex/context/base/mkii\s
upp-pdf.mkii"
[Loading MPS to PDF converter (version 2006.09.02).]
\scratchcounter=\count328
\scratchdimen=\dimen285
\scratchbox=\box66
\nofMPsegments=\count329
\nofMParguments=\count330
\everyMPshowfont=\toks32
\MPscratchCnt=\count331
\MPscratchDim=\dimen286
\MPnumerator=\count332
\makeMPintoPDFobject=\count333
\everyMPtoPDFconversion=\toks33
)
("C:\Users\dd10sverma\AppData\Local\Programs\MiKTeX 2.9\tex/latex/oberdiek\epst
opdf-base.sty"
Package: epstopdf-base 2016/05/15 v2.6 Base part for package epstopdf

("C:\Users\dd10sverma\AppData\Local\Programs\MiKTeX 2.9\tex/latex/oberdiek\grfe
xt.sty"
Package: grfext 2016/05/16 v1.2 Manage graphics extensions (HO)
)
Package epstopdf-base Info: Redefining graphics rule for `.eps' on input line 4
38.
Package grfext Info: Graphics extension search list:
(grfext)             [.pdf,.png,.jpg,.mps,.jpeg,.jbig2,.jb2,.PDF,.PNG,.JPG,.JPE
G,.JBIG2,.JB2,.eps]
(grfext)             \AppendGraphicsExtensions on input line 456.
)
*geometry* driver: auto-detecting
*geometry* detected driver: pdftex
*geometry* verbose mode - [ preamble ] result:
* driver: pdftex
* paper: custom
* layout: <same size as paper>
* layoutoffset:(h,v)=(0.0pt,0.0pt)
* hratio: 1:1
* vratio: 1:1
* modes: 
* h-part:(L,W,R)=(64.75394pt, 468.0pt, 64.75394pt)
* v-part:(T,H,B)=(111.52342pt, 622.0pt, 111.52342pt)
* \paperwidth=597.50787pt
* \paperheight=845.04684pt
* \textwidth=468.0pt
* \textheight=622.0pt
* \oddsidemargin=-7.51605pt
* \evensidemargin=-7.51605pt
* \topmargin=-22.74657pt
* \headheight=50.0pt
* \headsep=12.0pt
* \topskip=12.0pt
* \footskip=18.0pt
* \marginparwidth=44.0pt
* \marginparsep=10.0pt
* \columnsep=24.0pt
* \skip\footins=24.0pt plus 2.0pt minus 12.0pt
* \hoffset=0.0pt
* \voffset=0.0pt
* \mag=1000
* \@twocolumnfalse
* \@twosidefalse
* \@mparswitchfalse
* \@reversemarginfalse
* (1in=72.27pt=25.4mm, 1cm=28.453pt)


("C:\Users\dd10sverma\AppData\Local\Programs\MiKTeX 2.9\tex/latex/base\textcomp
.sty"
Package: textcomp 2018/08/11 v2.0j Standard LaTeX package
Package textcomp Info: Sub-encoding information:
(textcomp)               5 = only ISO-Adobe without \textcurrency
(textcomp)               4 = 5 + \texteuro
(textcomp)               3 = 4 + \textohm
(textcomp)               2 = 3 + \textestimated + \textcurrency
(textcomp)               1 = TS1 - \textcircled - \t
(textcomp)               0 = TS1 (full)
(textcomp)             Font families with sub-encoding setting implement
(textcomp)             only a restricted character set as indicated.
(textcomp)             Family '?' is the default used for unknown fonts.
(textcomp)             See the documentation for details.
Package textcomp Info: Setting ? sub-encoding to TS1/1 on input line 79.

("C:\Users\dd10sverma\AppData\Local\Programs\MiKTeX 2.9\tex/latex/base\ts1enc.d
ef"
File: ts1enc.def 2001/06/05 v3.0e (jk/car/fm) Standard LaTeX file
Now handling font encoding TS1 ...
... processing UTF-8 mapping file for font encoding TS1

("C:\Users\dd10sverma\AppData\Local\Programs\MiKTeX 2.9\tex/latex/base\ts1enc.d
fu"
File: ts1enc.dfu 2018/10/05 v1.2f UTF-8 support for inputenc
   defining Unicode char U+00A2 (decimal 162)
   defining Unicode char U+00A3 (decimal 163)
   defining Unicode char U+00A4 (decimal 164)
   defining Unicode char U+00A5 (decimal 165)
   defining Unicode char U+00A6 (decimal 166)
   defining Unicode char U+00A7 (decimal 167)
   defining Unicode char U+00A8 (decimal 168)
   defining Unicode char U+00A9 (decimal 169)
   defining Unicode char U+00AA (decimal 170)
   defining Unicode char U+00AC (decimal 172)
   defining Unicode char U+00AE (decimal 174)
   defining Unicode char U+00AF (decimal 175)
   defining Unicode char U+00B0 (decimal 176)
   defining Unicode char U+00B1 (decimal 177)
   defining Unicode char U+00B2 (decimal 178)
   defining Unicode char U+00B3 (decimal 179)
   defining Unicode char U+00B4 (decimal 180)
   defining Unicode char U+00B5 (decimal 181)
   defining Unicode char U+00B6 (decimal 182)
   defining Unicode char U+00B7 (decimal 183)
   defining Unicode char U+00B9 (decimal 185)
   defining Unicode char U+00BA (decimal 186)
   defining Unicode char U+00BC (decimal 188)
   defining Unicode char U+00BD (decimal 189)
   defining Unicode char U+00BE (decimal 190)
   defining Unicode char U+00D7 (decimal 215)
   defining Unicode char U+00F7 (decimal 247)
   defining Unicode char U+0192 (decimal 402)
   defining Unicode char U+02C7 (decimal 711)
   defining Unicode char U+02D8 (decimal 728)
   defining Unicode char U+02DD (decimal 733)
   defining Unicode char U+0E3F (decimal 3647)
   defining Unicode char U+2016 (decimal 8214)
   defining Unicode char U+2020 (decimal 8224)
   defining Unicode char U+2021 (decimal 8225)
   defining Unicode char U+2022 (decimal 8226)
   defining Unicode char U+2030 (decimal 8240)
   defining Unicode char U+2031 (decimal 8241)
   defining Unicode char U+203B (decimal 8251)
   defining Unicode char U+203D (decimal 8253)
   defining Unicode char U+2044 (decimal 8260)
   defining Unicode char U+204E (decimal 8270)
   defining Unicode char U+2052 (decimal 8274)
   defining Unicode char U+20A1 (decimal 8353)
   defining Unicode char U+20A4 (decimal 8356)
   defining Unicode char U+20A6 (decimal 8358)
   defining Unicode char U+20A9 (decimal 8361)
   defining Unicode char U+20AB (decimal 8363)
   defining Unicode char U+20AC (decimal 8364)
   defining Unicode char U+20B1 (decimal 8369)
   defining Unicode char U+2103 (decimal 8451)
   defining Unicode char U+2116 (decimal 8470)
   defining Unicode char U+2117 (decimal 8471)
   defining Unicode char U+211E (decimal 8478)
   defining Unicode char U+2120 (decimal 8480)
   defining Unicode char U+2122 (decimal 8482)
   defining Unicode char U+2126 (decimal 8486)
   defining Unicode char U+2127 (decimal 8487)
   defining Unicode char U+212E (decimal 8494)
   defining Unicode char U+2190 (decimal 8592)
   defining Unicode char U+2191 (decimal 8593)
   defining Unicode char U+2192 (decimal 8594)
   defining Unicode char U+2193 (decimal 8595)
   defining Unicode char U+2329 (decimal 9001)
   defining Unicode char U+232A (decimal 9002)
   defining Unicode char U+2422 (decimal 9250)
   defining Unicode char U+25E6 (decimal 9702)
   defining Unicode char U+25EF (decimal 9711)
   defining Unicode char U+266A (decimal 9834)
   defining Unicode char U+FEFF (decimal 65279)
))
LaTeX Info: Redefining \oldstylenums on input line 334.
Package textcomp Info: Setting cmr sub-encoding to TS1/0 on input line 349.
Package textcomp Info: Setting cmss sub-encoding to TS1/0 on input line 350.
Package textcomp Info: Setting cmtt sub-encoding to TS1/0 on input line 351.
Package textcomp Info: Setting cmvtt sub-encoding to TS1/0 on input line 352.
Package textcomp Info: Setting cmbr sub-encoding to TS1/0 on input line 353.
Package textcomp Info: Setting cmtl sub-encoding to TS1/0 on input line 354.
Package textcomp Info: Setting ccr sub-encoding to TS1/0 on input line 355.
Package textcomp Info: Setting ptm sub-encoding to TS1/4 on input line 356.
Package textcomp Info: Setting pcr sub-encoding to TS1/4 on input line 357.
Package textcomp Info: Setting phv sub-encoding to TS1/4 on input line 358.
Package textcomp Info: Setting ppl sub-encoding to TS1/3 on input line 359.
Package textcomp Info: Setting pag sub-encoding to TS1/4 on input line 360.
Package textcomp Info: Setting pbk sub-encoding to TS1/4 on input line 361.
Package textcomp Info: Setting pnc sub-encoding to TS1/4 on input line 362.
Package textcomp Info: Setting pzc sub-encoding to TS1/4 on input line 363.
Package textcomp Info: Setting bch sub-encoding to TS1/4 on input line 364.
Package textcomp Info: Setting put sub-encoding to TS1/5 on input line 365.
Package textcomp Info: Setting uag sub-encoding to TS1/5 on input line 366.
Package textcomp Info: Setting ugq sub-encoding to TS1/5 on input line 367.
Package textcomp Info: Setting ul8 sub-encoding to TS1/4 on input line 368.
Package textcomp Info: Setting ul9 sub-encoding to TS1/4 on input line 369.
Package textcomp Info: Setting augie sub-encoding to TS1/5 on input line 370.
Package textcomp Info: Setting dayrom sub-encoding to TS1/3 on input line 371.
Package textcomp Info: Setting dayroms sub-encoding to TS1/3 on input line 372.

Package textcomp Info: Setting pxr sub-encoding to TS1/0 on input line 373.
Package textcomp Info: Setting pxss sub-encoding to TS1/0 on input line 374.
Package textcomp Info: Setting pxtt sub-encoding to TS1/0 on input line 375.
Package textcomp Info: Setting txr sub-encoding to TS1/0 on input line 376.
Package textcomp Info: Setting txss sub-encoding to TS1/0 on input line 377.
Package textcomp Info: Setting txtt sub-encoding to TS1/0 on input line 378.
Package textcomp Info: Setting lmr sub-encoding to TS1/0 on input line 379.
Package textcomp Info: Setting lmdh sub-encoding to TS1/0 on input line 380.
Package textcomp Info: Setting lmss sub-encoding to TS1/0 on input line 381.
Package textcomp Info: Setting lmssq sub-encoding to TS1/0 on input line 382.
Package textcomp Info: Setting lmvtt sub-encoding to TS1/0 on input line 383.
Package textcomp Info: Setting lmtt sub-encoding to TS1/0 on input line 384.
Package textcomp Info: Setting qhv sub-encoding to TS1/0 on input line 385.
Package textcomp Info: Setting qag sub-encoding to TS1/0 on input line 386.
Package textcomp Info: Setting qbk sub-encoding to TS1/0 on input line 387.
Package textcomp Info: Setting qcr sub-encoding to TS1/0 on input line 388.
Package textcomp Info: Setting qcs sub-encoding to TS1/0 on input line 389.
Package textcomp Info: Setting qpl sub-encoding to TS1/0 on input line 390.
Package textcomp Info: Setting qtm sub-encoding to TS1/0 on input line 391.
Package textcomp Info: Setting qzc sub-encoding to TS1/0 on input line 392.
Package textcomp Info: Setting qhvc sub-encoding to TS1/0 on input line 393.
Package textcomp Info: Setting futs sub-encoding to TS1/4 on input line 394.
Package textcomp Info: Setting futx sub-encoding to TS1/4 on input line 395.
Package textcomp Info: Setting futj sub-encoding to TS1/4 on input line 396.
Package textcomp Info: Setting hlh sub-encoding to TS1/3 on input line 397.
Package textcomp Info: Setting hls sub-encoding to TS1/3 on input line 398.
Package textcomp Info: Setting hlst sub-encoding to TS1/3 on input line 399.
Package textcomp Info: Setting hlct sub-encoding to TS1/5 on input line 400.
Package textcomp Info: Setting hlx sub-encoding to TS1/5 on input line 401.
Package textcomp Info: Setting hlce sub-encoding to TS1/5 on input line 402.
Package textcomp Info: Setting hlcn sub-encoding to TS1/5 on input line 403.
Package textcomp Info: Setting hlcw sub-encoding to TS1/5 on input line 404.
Package textcomp Info: Setting hlcf sub-encoding to TS1/5 on input line 405.
Package textcomp Info: Setting pplx sub-encoding to TS1/3 on input line 406.
Package textcomp Info: Setting pplj sub-encoding to TS1/3 on input line 407.
Package textcomp Info: Setting ptmx sub-encoding to TS1/4 on input line 408.
Package textcomp Info: Setting ptmj sub-encoding to TS1/4 on input line 409.
)
\AtBeginShipoutBox=\box67
Package hyperref Info: Link coloring ON on input line 281.

("C:\Users\dd10sverma\AppData\Local\Programs\MiKTeX 2.9\tex/latex/hyperref\name
ref.sty"
Package: nameref 2016/05/21 v2.44 Cross-referencing by name of section

("C:\Users\dd10sverma\AppData\Local\Programs\MiKTeX 2.9\tex/generic/oberdiek\ge
ttitlestring.sty"
Package: gettitlestring 2016/05/16 v1.5 Cleanup title references (HO)
)
\c@section@level=\count334
)
LaTeX Info: Redefining \ref on input line 281.
LaTeX Info: Redefining \pageref on input line 281.
LaTeX Info: Redefining \nameref on input line 281.
 (Manuscript_COMP_PartB_Dec_2018.out)
(Manuscript_COMP_PartB_Dec_2018.out)
\@outlinefile=\write6
\openout6 = `Manuscript_COMP_PartB_Dec_2018.out'.

Package caption Info: Begin \AtBeginDocument code.
Package caption Info: End \AtBeginDocument code.
LaTeX Font Info:    Try loading font information for U+msa on input line 303.

("C:\Users\dd10sverma\AppData\Local\Programs\MiKTeX 2.9\tex/latex/amsfonts\umsa
.fd"
File: umsa.fd 2013/01/14 v3.01 AMS symbols A
)
LaTeX Font Info:    Try loading font information for U+msb on input line 303.

("C:\Users\dd10sverma\AppData\Local\Programs\MiKTeX 2.9\tex/latex/amsfonts\umsb
.fd"
File: umsb.fd 2013/01/14 v3.01 AMS symbols B
)
LaTeX Font Info:    Try loading font information for U+wasy on input line 303.

("C:\Users\dd10sverma\AppData\Local\Programs\MiKTeX 2.9\tex/latex/wasysym\uwasy
.fd"
File: uwasy.fd 2003/10/30 v2.0 Wasy-2 symbol font definitions
)
Overfull \hbox (2.61108pt too wide) has occurred while \output is active
[] 
 []


Package hyperref Warning: Token not allowed in a PDF string (PDFDocEncoding):
(hyperref)                removing `\<let>-command' on input line 315.


Package hyperref Warning: Token not allowed in a PDF string (PDFDocEncoding):
(hyperref)                removing `\comma' on input line 315.


Package hyperref Warning: Token not allowed in a PDF string (PDFDocEncoding):
(hyperref)                removing `\<def>-command' on input line 315.


Package hyperref Warning: Token not allowed in a PDF string (PDFDocEncoding):
(hyperref)                removing `\@fnmark' on input line 315.


Package hyperref Warning: Token not allowed in a PDF string (PDFDocEncoding):
(hyperref)                removing `\<def>-command' on input line 315.


Package hyperref Warning: Token not allowed in a PDF string (PDFDocEncoding):
(hyperref)                removing `\cnotenum' on input line 315.


Package hyperref Warning: Token not allowed in a PDF string (PDFDocEncoding):
(hyperref)                removing `\<def>-command' on input line 315.


Package hyperref Warning: Token not allowed in a PDF string (PDFDocEncoding):
(hyperref)                removing `\@corref' on input line 315.


Package hyperref Warning: Token not allowed in a PDF string (PDFDocEncoding):
(hyperref)                removing `\<let>-command' on input line 315.


Package hyperref Warning: Token not allowed in a PDF string (PDFDocEncoding):
(hyperref)                removing `\comma' on input line 315.


Package hyperref Warning: Token not allowed in a PDF string (PDFDocEncoding):
(hyperref)                removing `\<def>-command' on input line 315.


Package hyperref Warning: Token not allowed in a PDF string (PDFDocEncoding):
(hyperref)                removing `\@fnmark' on input line 315.

[1

{C:/Users/dd10sverma/AppData/Local/MiKTeX/2.9/pdftex/config/pdftex.map}]
[2] [3] [4] [5]
\openout4 = `Manuscript_COMP_PartB_Dec_2018.fff'.

 (Manuscript_COMP_PartB_Dec_2018.fff) [6]

LaTeX Font Warning: Font shape `U/wasy/b/n' in size <8> not available
(Font)              Font shape `U/wasy/m/n' tried instead on input line 380.


LaTeX Font Warning: Font shape `U/wasy/b/n' in size <6> not available
(Font)              Font shape `U/wasy/m/n' tried instead on input line 380.

[7] [8]
Overfull \hbox (58.081pt too wide) detected at line 581
[][]
 []

[9] [10] [11] [12] [13]
Overfull \hbox (52.52956pt too wide) in paragraph at lines 809--810
[]\OT1/cmr/m/n/12 where $[] \OMS/cmsy/m/n/12  []$ \OT1/cmr/m/n/12 is the num-b
er of ba-sis func-tions and $\OML/cmm/m/it/12 R[] \OT1/cmr/m/n/12 (\OML/cmm/m/i
t/12 ; \OT1/cmr/m/n/12 )$ and $[][] = [][]$
 []

[14]
Overfull \hbox (65.24971pt too wide) detected at line 872
[] \OT1/cmr/m/n/12 = \OML/cmm/m/it/12 w[] []
 []

[15] [16]
LaTeX Font Info:    Try loading font information for TS1+cmr on input line 965.


("C:\Users\dd10sverma\AppData\Local\Programs\MiKTeX 2.9\tex/latex/base\ts1cmr.f
d"
File: ts1cmr.fd 2014/09/29 v2.5h Standard LaTeX font definitions
) [17]
Overfull \hbox (35.80586pt too wide) in paragraph at lines 1004--1008
\OML/cmm/m/it/12 E[] \OT1/cmr/m/n/12 = 172\OML/cmm/m/it/12 :\OT1/cmr/m/n/12 369
  \OML/cmm/m/it/12 GPa;     E[] \OT1/cmr/m/n/12 = 6\OML/cmm/m/it/12 :\OT1/cmr/m
/n/12 895  \OML/cmm/m/it/12 GPa;     G[] \OT1/cmr/m/n/12 = \OML/cmm/m/it/12 G[]
 \OT1/cmr/m/n/12 = 3\OML/cmm/m/it/12 :\OT1/cmr/m/n/12 448  \OML/cmm/m/it/12 GPa
;     G[] \OT1/cmr/m/n/12 = 1\OML/cmm/m/it/12 :\OT1/cmr/m/n/12 379  \OML/cmm/m/
it/12 GPa;     [] \OT1/cmr/m/n/12 =
 []

[18] [19] [20] [21] [22]
\openout5 = `Manuscript_COMP_PartB_Dec_2018.ttt'.

 (Manuscript_COMP_PartB_Dec_2018.ttt)

Package hyperref Warning: Token not allowed in a PDF string (PDFDocEncoding):
(hyperref)                removing `\@ifnextchar' on input line 1220.

[23] [24]
Overfull \hbox (22.16377pt too wide) in paragraph at lines 1342--1343
[]\OT1/cmr/m/n/12 A five-layered sim-ply sup-ported sand-wich plate with sym-me
t-ric face sheets $(0[]\OML/cmm/m/it/12 =\OT1/cmr/m/n/12 90[]\OML/cmm/m/it/12 =
C=\OT1/cmr/m/n/12 90[]\OML/cmm/m/it/12 =\OT1/cmr/m/n/12 0[])$
 []

[25] [26] [27] [28]
Overfull \hbox (3.82137pt too wide) in paragraph at lines 1540--1543
\OT1/cmr/m/n/12 plate is in-ves-ti-gated against the var-i-ous span-to-thicknes
s ra-tios, $(\OML/cmm/m/it/12 a=h \OT1/cmr/m/n/12 = 5\OML/cmm/m/it/12 ;  \OT1/c
mr/m/n/12 10\OML/cmm/m/it/12 ;  \OT1/cmr/m/n/12 15\OML/cmm/m/it/12 ;  \OT1/cmr/
m/n/12 20\OML/cmm/m/it/12 ;  [] \OT1/cmr/m/n/12 25)$
 []

[29]
Overfull \hbox (22.94652pt too wide) in paragraph at lines 1579--1580
[]\OT1/cmr/m/n/12 Furthermore, the ef-fect of fiber ori-en-ta-tion on the tran-
sient re-sponse of angle-ply $(\OML/cmm/m/it/12 =\OMS/cmsy/m/n/12  \OML/cmm/m/
it/12 ==\OMS/cmsy/m/n/12  \OML/cmm/m/it/12 \OT1/cmr/m/n/12 )$
 []

[30] (Manuscript_COMP_PartB_Dec_2018.bbl [31] [32] [33] [34] [35] [36] [37])
AED endfloat: Processing end Figures and Tables [38]
(Manuscript_COMP_PartB_Dec_2018.lof
Overfull \hbox (37.54109pt too wide) in paragraph at lines 12--12
 [][] [][][]\OT1/cmr/m/n/12 Effect of span-to-thickness ra-tio on the tran-sien
t re-sponse of cross-ply $(0[]\OML/cmm/m/it/12 =\OT1/cmr/m/n/12 90[]\OML/cmm/m/
it/12 =\OT1/cmr/m/n/12 90[]\OML/cmm/m/it/12 =\OT1/cmr/m/n/12 0[])$ 
 []


Overfull \hbox (13.58139pt too wide) in paragraph at lines 15--15
 [][] [][][]\OT1/cmr/m/n/12 The ef-fect of fiber ori-en-ta-tion on the tran-sie
nt re-sponse of angle-ply $(\OML/cmm/m/it/12 =\OMS/cmsy/m/n/12  \OML/cmm/m/it/
12 ==\OMS/cmsy/m/n/12  \OML/cmm/m/it/12 \OT1/cmr/m/n/12 )$ 
 []

)
\tf@lof=\write7
\openout7 = `Manuscript_COMP_PartB_Dec_2018.lof'.

 [39


] (Manuscript_COMP_PartB_Dec_2018.fff
Package epstopdf Info: Source file: <./All_Images/Laminated_Plate_Final.eps>
(epstopdf)                    date: 2018-11-05 20:32:01
(epstopdf)                    size: 86295 bytes
(epstopdf)             Output file: <./All_Images/Laminated_Plate_Final-eps-con
verted-to.pdf>
(epstopdf)                    date: 2019-07-19 18:47:24
(epstopdf)                    size: 30715 bytes
(epstopdf)             Command: <epstopdf --outfile=./All_Images/Laminated_Plat
e_Final-eps-converted-to.pdf ./All_Images/Laminated_Plate_Final.eps>
(epstopdf)             \includegraphics on input line 6.
Package epstopdf Info: Output file is already uptodate.


pdfTeX warning: pdflatex.exe (file ./All_Images/Laminated_Plate_Final-eps-conve
rted-to.pdf): PDF inclusion: found PDF version <1.7>, but at most version <1.5>
 allowed
<./All_Images/Laminated_Plate_Final-eps-converted-to.pdf, id=684, 519.9425pt x 
169.63374pt>
File: ./All_Images/Laminated_Plate_Final-eps-converted-to.pdf Graphic file (typ
e pdf)
<use ./All_Images/Laminated_Plate_Final-eps-converted-to.pdf>
Package pdftex.def Info: ./All_Images/Laminated_Plate_Final-eps-converted-to.pd
f  used on input line 6.
(pdftex.def)             Requested size: 468.0pt x 152.68706pt.
[40 <./All_Images/Laminated_Plate_Final-eps-converted-to.pdf>]
Package epstopdf Info: Source file: <./All_Images/Quadratic.eps>
(epstopdf)                    date: 2018-11-16 17:43:19
(epstopdf)                    size: 20521 bytes
(epstopdf)             Output file: <./All_Images/Quadratic-eps-converted-to.pd
f>
(epstopdf)                    date: 2019-07-19 18:47:25
(epstopdf)                    size: 6145 bytes
(epstopdf)             Command: <epstopdf --outfile=./All_Images/Quadratic-eps-
converted-to.pdf ./All_Images/Quadratic.eps>
(epstopdf)             \includegraphics on input line 18.
Package epstopdf Info: Output file is already uptodate.


pdfTeX warning: pdflatex.exe (file ./All_Images/Quadratic-eps-converted-to.pdf)
: PDF inclusion: found PDF version <1.7>, but at most version <1.5> allowed
<./All_Images/Quadratic-eps-converted-to.pdf, id=692, 798.985pt x 612.2875pt>
File: ./All_Images/Quadratic-eps-converted-to.pdf Graphic file (type pdf)
<use ./All_Images/Quadratic-eps-converted-to.pdf>
Package pdftex.def Info: ./All_Images/Quadratic-eps-converted-to.pdf  used on i
nput line 18.
(pdftex.def)             Requested size: 210.59857pt x 161.38654pt.
Package epstopdf Info: Source file: <./All_Images/Cubic.eps>
(epstopdf)                    date: 2018-11-16 17:43:35
(epstopdf)                    size: 22487 bytes
(epstopdf)             Output file: <./All_Images/Cubic-eps-converted-to.pdf>
(epstopdf)                    date: 2019-07-19 18:47:26
(epstopdf)                    size: 6657 bytes
(epstopdf)             Command: <epstopdf --outfile=./All_Images/Cubic-eps-conv
erted-to.pdf ./All_Images/Cubic.eps>
(epstopdf)             \includegraphics on input line 24.
Package epstopdf Info: Output file is already uptodate.


pdfTeX warning: pdflatex.exe (file ./All_Images/Cubic-eps-converted-to.pdf): PD
F inclusion: found PDF version <1.7>, but at most version <1.5> allowed
<./All_Images/Cubic-eps-converted-to.pdf, id=693, 798.985pt x 612.2875pt>
File: ./All_Images/Cubic-eps-converted-to.pdf Graphic file (type pdf)
<use ./All_Images/Cubic-eps-converted-to.pdf>
Package pdftex.def Info: ./All_Images/Cubic-eps-converted-to.pdf  used on input
 line 24.
(pdftex.def)             Requested size: 210.59857pt x 161.38654pt.
Package epstopdf Info: Source file: <./All_Images/Quartic.eps>
(epstopdf)                    date: 2018-11-16 17:43:46
(epstopdf)                    size: 24443 bytes
(epstopdf)             Output file: <./All_Images/Quartic-eps-converted-to.pdf>

(epstopdf)                    date: 2019-07-19 18:47:27
(epstopdf)                    size: 7162 bytes
(epstopdf)             Command: <epstopdf --outfile=./All_Images/Quartic-eps-co
nverted-to.pdf ./All_Images/Quartic.eps>
(epstopdf)             \includegraphics on input line 30.
Package epstopdf Info: Output file is already uptodate.


pdfTeX warning: pdflatex.exe (file ./All_Images/Quartic-eps-converted-to.pdf): 
PDF inclusion: found PDF version <1.7>, but at most version <1.5> allowed
<./All_Images/Quartic-eps-converted-to.pdf, id=694, 798.985pt x 612.2875pt>
File: ./All_Images/Quartic-eps-converted-to.pdf Graphic file (type pdf)
<use ./All_Images/Quartic-eps-converted-to.pdf>
Package pdftex.def Info: ./All_Images/Quartic-eps-converted-to.pdf  used on inp
ut line 30.
(pdftex.def)             Requested size: 210.59857pt x 161.38654pt.
[41 <./All_Images/Quadratic-eps-converted-to.pdf> <./All_Images/Cubic-eps-conve
rted-to.pdf> <./All_Images/Quartic-eps-converted-to.pdf>]
Package epstopdf Info: Source file: <./All_Images/Control_Mesh.eps>
(epstopdf)                    date: 2018-11-10 19:04:17
(epstopdf)                    size: 366173 bytes
(epstopdf)             Output file: <./All_Images/Control_Mesh-eps-converted-to
.pdf>
(epstopdf)                    date: 2019-07-19 18:47:28
(epstopdf)                    size: 15884 bytes
(epstopdf)             Command: <epstopdf --outfile=./All_Images/Control_Mesh-e
ps-converted-to.pdf ./All_Images/Control_Mesh.eps>
(epstopdf)             \includegraphics on input line 41.
Package epstopdf Info: Output file is already uptodate.


pdfTeX warning: pdflatex.exe (file ./All_Images/Control_Mesh-eps-converted-to.p
df): PDF inclusion: found PDF version <1.7>, but at most version <1.5> allowed
<./All_Images/Control_Mesh-eps-converted-to.pdf, id=715, 1392.20125pt x 716.677
5pt>
File: ./All_Images/Control_Mesh-eps-converted-to.pdf Graphic file (type pdf)
<use ./All_Images/Control_Mesh-eps-converted-to.pdf>
Package pdftex.def Info: ./All_Images/Control_Mesh-eps-converted-to.pdf  used o
n input line 41.
(pdftex.def)             Requested size: 468.0pt x 240.91136pt.
[42 <./All_Images/Control_Mesh-eps-converted-to.pdf>]
Package epstopdf Info: Source file: <./All_Images/4Layer_Sigma_xx_IGA_NPSDT_Ben
ding_h_By_a_1_10.eps>
(epstopdf)                    date: 2018-07-06 01:50:56
(epstopdf)                    size: 192886 bytes
(epstopdf)             Output file: <./All_Images/4Layer_Sigma_xx_IGA_NPSDT_Ben
ding_h_By_a_1_10-eps-converted-to.pdf>
(epstopdf)                    date: 2019-07-19 18:47:29
(epstopdf)                    size: 12575 bytes
(epstopdf)             Command: <epstopdf --outfile=./All_Images/4Layer_Sigma_x
x_IGA_NPSDT_Bending_h_By_a_1_10-eps-converted-to.pdf ./All_Images/4Layer_Sigma_
xx_IGA_NPSDT_Bending_h_By_a_1_10.eps>
(epstopdf)             \includegraphics on input line 52.
Package epstopdf Info: Output file is already uptodate.


pdfTeX warning: pdflatex.exe (file ./All_Images/4Layer_Sigma_xx_IGA_NPSDT_Bendi
ng_h_By_a_1_10-eps-converted-to.pdf): PDF inclusion: found PDF version <1.7>, b
ut at most version <1.5> allowed
<./All_Images/4Layer_Sigma_xx_IGA_NPSDT_Bending_h_By_a_1_10-eps-converted-to.pd
f, id=735, 913.4125pt x 727.71875pt>
File: ./All_Images/4Layer_Sigma_xx_IGA_NPSDT_Bending_h_By_a_1_10-eps-converted-
to.pdf Graphic file (type pdf)
<use ./All_Images/4Layer_Sigma_xx_IGA_NPSDT_Bending_h_By_a_1_10-eps-converted-t
o.pdf>
Package pdftex.def Info: ./All_Images/4Layer_Sigma_xx_IGA_NPSDT_Bending_h_By_a_
1_10-eps-converted-to.pdf  used on input line 52.
(pdftex.def)             Requested size: 301.42706pt x 240.14792pt.
Package epstopdf Info: Source file: <./All_Images/4Layer_Sigma_yz_IGA_NPSDT_Ben
ding_h_By_a_1_10.eps>
(epstopdf)                    date: 2018-07-06 01:51:43
(epstopdf)                    size: 199917 bytes
(epstopdf)             Output file: <./All_Images/4Layer_Sigma_yz_IGA_NPSDT_Ben
ding_h_By_a_1_10-eps-converted-to.pdf>
(epstopdf)                    date: 2019-07-19 18:47:29
(epstopdf)                    size: 14173 bytes
(epstopdf)             Command: <epstopdf --outfile=./All_Images/4Layer_Sigma_y
z_IGA_NPSDT_Bending_h_By_a_1_10-eps-converted-to.pdf ./All_Images/4Layer_Sigma_
yz_IGA_NPSDT_Bending_h_By_a_1_10.eps>
(epstopdf)             \includegraphics on input line 57.
Package epstopdf Info: Output file is already uptodate.


pdfTeX warning: pdflatex.exe (file ./All_Images/4Layer_Sigma_yz_IGA_NPSDT_Bendi
ng_h_By_a_1_10-eps-converted-to.pdf): PDF inclusion: found PDF version <1.7>, b
ut at most version <1.5> allowed
<./All_Images/4Layer_Sigma_yz_IGA_NPSDT_Bending_h_By_a_1_10-eps-converted-to.pd
f, id=736, 913.4125pt x 727.71875pt>
File: ./All_Images/4Layer_Sigma_yz_IGA_NPSDT_Bending_h_By_a_1_10-eps-converted-
to.pdf Graphic file (type pdf)
<use ./All_Images/4Layer_Sigma_yz_IGA_NPSDT_Bending_h_By_a_1_10-eps-converted-t
o.pdf>
Package pdftex.def Info: ./All_Images/4Layer_Sigma_yz_IGA_NPSDT_Bending_h_By_a_
1_10-eps-converted-to.pdf  used on input line 57.
(pdftex.def)             Requested size: 301.42706pt x 240.14792pt.
[43 <./All_Images/4Layer_Sigma_xx_IGA_NPSDT_Bending_h_By_a_1_10-eps-converted-t
o.pdf> <./All_Images/4Layer_Sigma_yz_IGA_NPSDT_Bending_h_By_a_1_10-eps-converte
d-to.pdf>]
<./All_Images/sandwichplate.jpg, id=775, 1413.78188pt x 657.2053pt>
File: ./All_Images/sandwichplate.jpg Graphic file (type jpg)
<use ./All_Images/sandwichplate.jpg>
Package pdftex.def Info: ./All_Images/sandwichplate.jpg  used on input line 69.

(pdftex.def)             Requested size: 325.163pt x 151.15404pt.
 [44 <./All_Images/sandwichplate.jpg>]
Package epstopdf Info: Source file: <./All_Images/IGA_NPSDT_Transient_h_By_a_1_
50.eps>
(epstopdf)                    date: 2018-07-06 02:19:05
(epstopdf)                    size: 280534 bytes
(epstopdf)             Output file: <./All_Images/IGA_NPSDT_Transient_h_By_a_1_
50-eps-converted-to.pdf>
(epstopdf)                    date: 2019-07-19 18:47:30
(epstopdf)                    size: 17937 bytes
(epstopdf)             Command: <epstopdf --outfile=./All_Images/IGA_NPSDT_Tran
sient_h_By_a_1_50-eps-converted-to.pdf ./All_Images/IGA_NPSDT_Transient_h_By_a_
1_50.eps>
(epstopdf)             \includegraphics on input line 78.
Package epstopdf Info: Output file is already uptodate.


pdfTeX warning: pdflatex.exe (file ./All_Images/IGA_NPSDT_Transient_h_By_a_1_50
-eps-converted-to.pdf): PDF inclusion: found PDF version <1.7>, but at most ver
sion <1.5> allowed
<./All_Images/IGA_NPSDT_Transient_h_By_a_1_50-eps-converted-to.pdf, id=780, 132
5.95375pt x 744.7825pt>
File: ./All_Images/IGA_NPSDT_Transient_h_By_a_1_50-eps-converted-to.pdf Graphic
 file (type pdf)
<use ./All_Images/IGA_NPSDT_Transient_h_By_a_1_50-eps-converted-to.pdf>
Package pdftex.def Info: ./All_Images/IGA_NPSDT_Transient_h_By_a_1_50-eps-conve
rted-to.pdf  used on input line 78.
(pdftex.def)             Requested size: 397.7892pt x 223.43648pt.
[45 <./All_Images/IGA_NPSDT_Transient_h_By_a_1_50-eps-converted-to.pdf>]
Package epstopdf Info: Source file: <./All_Images/Computational_Efficiency_Tran
sient_IGA_FEM.eps>
(epstopdf)                    date: 2019-07-19 18:39:11
(epstopdf)                    size: 190282 bytes
(epstopdf)             Output file: <./All_Images/Computational_Efficiency_Tran
sient_IGA_FEM-eps-converted-to.pdf>
(epstopdf)                    date: 2019-07-19 18:47:30
(epstopdf)                    size: 13030 bytes
(epstopdf)             Command: <epstopdf --outfile=./All_Images/Computational_
Efficiency_Transient_IGA_FEM-eps-converted-to.pdf ./All_Images/Computational_Ef
ficiency_Transient_IGA_FEM.eps>
(epstopdf)             \includegraphics on input line 86.
Package epstopdf Info: Output file is already uptodate.


pdfTeX warning: pdflatex.exe (file ./All_Images/Computational_Efficiency_Transi
ent_IGA_FEM-eps-converted-to.pdf): PDF inclusion: found PDF version <1.7>, but 
at most version <1.5> allowed
<./All_Images/Computational_Efficiency_Transient_IGA_FEM-eps-converted-to.pdf, 
id=804, 696.6025pt x 658.46pt>
File: ./All_Images/Computational_Efficiency_Transient_IGA_FEM-eps-converted-to.
pdf Graphic file (type pdf)
<use ./All_Images/Computational_Efficiency_Transient_IGA_FEM-eps-converted-to.p
df>
Package pdftex.def Info: ./All_Images/Computational_Efficiency_Transient_IGA_FE
M-eps-converted-to.pdf  used on input line 86.
(pdftex.def)             Requested size: 348.3004pt x 329.2292pt.
[46 <./All_Images/Computational_Efficiency_Transient_IGA_FEM-eps-converted-to.p
df>]
Package epstopdf Info: Source file: <./All_Images/Tran_Step_NPSDT_Transient_h_B
y_a_1_5.eps>
(epstopdf)                    date: 2018-07-06 03:02:58
(epstopdf)                    size: 306870 bytes
(epstopdf)             Output file: <./All_Images/Tran_Step_NPSDT_Transient_h_B
y_a_1_5-eps-converted-to.pdf>
(epstopdf)                    date: 2019-07-19 18:47:31
(epstopdf)                    size: 24341 bytes
(epstopdf)             Command: <epstopdf --outfile=./All_Images/Tran_Step_NPSD
T_Transient_h_By_a_1_5-eps-converted-to.pdf ./All_Images/Tran_Step_NPSDT_Transi
ent_h_By_a_1_5.eps>
(epstopdf)             \includegraphics on input line 96.
Package epstopdf Info: Output file is already uptodate.


pdfTeX warning: pdflatex.exe (file ./All_Images/Tran_Step_NPSDT_Transient_h_By_
a_1_5-eps-converted-to.pdf): PDF inclusion: found PDF version <1.7>, but at mos
t version <1.5> allowed
<./All_Images/Tran_Step_NPSDT_Transient_h_By_a_1_5-eps-converted-to.pdf, id=820
, 1325.95375pt x 744.7825pt>
File: ./All_Images/Tran_Step_NPSDT_Transient_h_By_a_1_5-eps-converted-to.pdf Gr
aphic file (type pdf)
<use ./All_Images/Tran_Step_NPSDT_Transient_h_By_a_1_5-eps-converted-to.pdf>
Package pdftex.def Info: ./All_Images/Tran_Step_NPSDT_Transient_h_By_a_1_5-eps-
converted-to.pdf  used on input line 96.
(pdftex.def)             Requested size: 241.01971pt x 135.37334pt.
Package epstopdf Info: Source file: <./All_Images/Tran_Tri_NPSDT_Transient_h_By
_a_1_5.eps>
(epstopdf)                    date: 2018-07-06 03:05:52
(epstopdf)                    size: 287184 bytes
(epstopdf)             Output file: <./All_Images/Tran_Tri_NPSDT_Transient_h_By
_a_1_5-eps-converted-to.pdf>
(epstopdf)                    date: 2019-07-19 18:47:32
(epstopdf)                    size: 21912 bytes
(epstopdf)             Command: <epstopdf --outfile=./All_Images/Tran_Tri_NPSDT
_Transient_h_By_a_1_5-eps-converted-to.pdf ./All_Images/Tran_Tri_NPSDT_Transien
t_h_By_a_1_5.eps>
(epstopdf)             \includegraphics on input line 102.
Package epstopdf Info: Output file is already uptodate.


pdfTeX warning: pdflatex.exe (file ./All_Images/Tran_Tri_NPSDT_Transient_h_By_a
_1_5-eps-converted-to.pdf): PDF inclusion: found PDF version <1.7>, but at most
 version <1.5> allowed
<./All_Images/Tran_Tri_NPSDT_Transient_h_By_a_1_5-eps-converted-to.pdf, id=821,
 1325.95375pt x 744.7825pt>
File: ./All_Images/Tran_Tri_NPSDT_Transient_h_By_a_1_5-eps-converted-to.pdf Gra
phic file (type pdf)
<use ./All_Images/Tran_Tri_NPSDT_Transient_h_By_a_1_5-eps-converted-to.pdf>
Package pdftex.def Info: ./All_Images/Tran_Tri_NPSDT_Transient_h_By_a_1_5-eps-c
onverted-to.pdf  used on input line 102.
(pdftex.def)             Requested size: 241.01971pt x 135.37334pt.
Package epstopdf Info: Source file: <./All_Images/Tran_Sin_NPSDT_Transient_h_By
_a_1_5.eps>
(epstopdf)                    date: 2018-07-06 03:09:02
(epstopdf)                    size: 274791 bytes
(epstopdf)             Output file: <./All_Images/Tran_Sin_NPSDT_Transient_h_By
_a_1_5-eps-converted-to.pdf>
(epstopdf)                    date: 2019-07-19 18:47:32
(epstopdf)                    size: 20095 bytes
(epstopdf)             Command: <epstopdf --outfile=./All_Images/Tran_Sin_NPSDT
_Transient_h_By_a_1_5-eps-converted-to.pdf ./All_Images/Tran_Sin_NPSDT_Transien
t_h_By_a_1_5.eps>
(epstopdf)             \includegraphics on input line 108.
Package epstopdf Info: Output file is already uptodate.


pdfTeX warning: pdflatex.exe (file ./All_Images/Tran_Sin_NPSDT_Transient_h_By_a
_1_5-eps-converted-to.pdf): PDF inclusion: found PDF version <1.7>, but at most
 version <1.5> allowed
<./All_Images/Tran_Sin_NPSDT_Transient_h_By_a_1_5-eps-converted-to.pdf, id=822,
 1325.95375pt x 744.7825pt>
File: ./All_Images/Tran_Sin_NPSDT_Transient_h_By_a_1_5-eps-converted-to.pdf Gra
phic file (type pdf)
<use ./All_Images/Tran_Sin_NPSDT_Transient_h_By_a_1_5-eps-converted-to.pdf>
Package pdftex.def Info: ./All_Images/Tran_Sin_NPSDT_Transient_h_By_a_1_5-eps-c
onverted-to.pdf  used on input line 108.
(pdftex.def)             Requested size: 241.01971pt x 135.37334pt.
Package epstopdf Info: Source file: <./All_Images/Tran_Exp_NPSDT_Transient_h_By
_a_1_5.eps>
(epstopdf)                    date: 2018-07-06 03:10:25
(epstopdf)                    size: 289213 bytes
(epstopdf)             Output file: <./All_Images/Tran_Exp_NPSDT_Transient_h_By
_a_1_5-eps-converted-to.pdf>
(epstopdf)                    date: 2019-07-19 18:47:33
(epstopdf)                    size: 22175 bytes
(epstopdf)             Command: <epstopdf --outfile=./All_Images/Tran_Exp_NPSDT
_Transient_h_By_a_1_5-eps-converted-to.pdf ./All_Images/Tran_Exp_NPSDT_Transien
t_h_By_a_1_5.eps>
(epstopdf)             \includegraphics on input line 114.
Package epstopdf Info: Output file is already uptodate.


pdfTeX warning: pdflatex.exe (file ./All_Images/Tran_Exp_NPSDT_Transient_h_By_a
_1_5-eps-converted-to.pdf): PDF inclusion: found PDF version <1.7>, but at most
 version <1.5> allowed
<./All_Images/Tran_Exp_NPSDT_Transient_h_By_a_1_5-eps-converted-to.pdf, id=823,
 1325.95375pt x 744.7825pt>
File: ./All_Images/Tran_Exp_NPSDT_Transient_h_By_a_1_5-eps-converted-to.pdf Gra
phic file (type pdf)
<use ./All_Images/Tran_Exp_NPSDT_Transient_h_By_a_1_5-eps-converted-to.pdf>
Package pdftex.def Info: ./All_Images/Tran_Exp_NPSDT_Transient_h_By_a_1_5-eps-c
onverted-to.pdf  used on input line 114.
(pdftex.def)             Requested size: 241.01971pt x 135.37334pt.

LaTeX Warning: Float too large for page by 18.49329pt on input line 119.

[47 <./All_Images/Tran_Step_NPSDT_Transient_h_By_a_1_5-eps-converted-to.pdf> <.
/All_Images/Tran_Tri_NPSDT_Transient_h_By_a_1_5-eps-converted-to.pdf> <./All_Im
ages/Tran_Sin_NPSDT_Transient_h_By_a_1_5-eps-converted-to.pdf> <./All_Images/Tr
an_Exp_NPSDT_Transient_h_By_a_1_5-eps-converted-to.pdf>]
Package epstopdf Info: Source file: <./All_Images./Step_SSL_Sandwich_IGA_NPSDT_
Transient_h_By_a_1_10.eps>
(epstopdf)                    date: 2018-07-06 02:54:32
(epstopdf)                    size: 254840 bytes
(epstopdf)             Output file: <./All_Images./Step_SSL_Sandwich_IGA_NPSDT_
Transient_h_By_a_1_10-eps-converted-to.pdf>
(epstopdf)                    date: 2019-07-19 18:47:34
(epstopdf)                    size: 27229 bytes
(epstopdf)             Command: <epstopdf --outfile=./All_Images./Step_SSL_Sand
wich_IGA_NPSDT_Transient_h_By_a_1_10-eps-converted-to.pdf ./All_Images./Step_SS
L_Sandwich_IGA_NPSDT_Transient_h_By_a_1_10.eps>
(epstopdf)             \includegraphics on input line 127.
Package epstopdf Info: Output file is already uptodate.


pdfTeX warning: pdflatex.exe (file ./All_Images./Step_SSL_Sandwich_IGA_NPSDT_Tr
ansient_h_By_a_1_10-eps-converted-to.pdf): PDF inclusion: found PDF version <1.
7>, but at most version <1.5> allowed
<./All_Images./Step_SSL_Sandwich_IGA_NPSDT_Transient_h_By_a_1_10-eps-converted-
to.pdf, id=904, 1308.89pt x 723.70375pt>
File: ./All_Images./Step_SSL_Sandwich_IGA_NPSDT_Transient_h_By_a_1_10-eps-conve
rted-to.pdf Graphic file (type pdf)
<use ./All_Images./Step_SSL_Sandwich_IGA_NPSDT_Transient_h_By_a_1_10-eps-conver
ted-to.pdf>
Package pdftex.def Info: ./All_Images./Step_SSL_Sandwich_IGA_NPSDT_Transient_h_
By_a_1_10-eps-converted-to.pdf  used on input line 127.
(pdftex.def)             Requested size: 392.67003pt x 217.1128pt.
Package epstopdf Info: Source file: <./All_Images./Step_UDL_Sandwich_IGA_NPSDT_
Transient_h_By_a_1_10.eps>
(epstopdf)                    date: 2018-07-06 02:55:08
(epstopdf)                    size: 254572 bytes
(epstopdf)             Output file: <./All_Images./Step_UDL_Sandwich_IGA_NPSDT_
Transient_h_By_a_1_10-eps-converted-to.pdf>
(epstopdf)                    date: 2019-07-19 18:47:34
(epstopdf)                    size: 26909 bytes
(epstopdf)             Command: <epstopdf --outfile=./All_Images./Step_UDL_Sand
wich_IGA_NPSDT_Transient_h_By_a_1_10-eps-converted-to.pdf ./All_Images./Step_UD
L_Sandwich_IGA_NPSDT_Transient_h_By_a_1_10.eps>
(epstopdf)             \includegraphics on input line 133.
Package epstopdf Info: Output file is already uptodate.


pdfTeX warning: pdflatex.exe (file ./All_Images./Step_UDL_Sandwich_IGA_NPSDT_Tr
ansient_h_By_a_1_10-eps-converted-to.pdf): PDF inclusion: found PDF version <1.
7>, but at most version <1.5> allowed
<./All_Images./Step_UDL_Sandwich_IGA_NPSDT_Transient_h_By_a_1_10-eps-converted-
to.pdf, id=905, 1308.89pt x 723.70375pt>
File: ./All_Images./Step_UDL_Sandwich_IGA_NPSDT_Transient_h_By_a_1_10-eps-conve
rted-to.pdf Graphic file (type pdf)
<use ./All_Images./Step_UDL_Sandwich_IGA_NPSDT_Transient_h_By_a_1_10-eps-conver
ted-to.pdf>
Package pdftex.def Info: ./All_Images./Step_UDL_Sandwich_IGA_NPSDT_Transient_h_
By_a_1_10-eps-converted-to.pdf  used on input line 133.
(pdftex.def)             Requested size: 392.67003pt x 217.1128pt.
[48 <./All_Images./Step_SSL_Sandwich_IGA_NPSDT_Transient_h_By_a_1_10-eps-conver
ted-to.pdf> <./All_Images./Step_UDL_Sandwich_IGA_NPSDT_Transient_h_By_a_1_10-ep
s-converted-to.pdf>]
Package epstopdf Info: Source file: <./All_Images./Structure_b_2_Tri_IGA_NPSDT_
Transient_h_By_a_1_20.eps>
(epstopdf)                    date: 2018-07-06 02:50:57
(epstopdf)                    size: 209729 bytes
(epstopdf)             Output file: <./All_Images./Structure_b_2_Tri_IGA_NPSDT_
Transient_h_By_a_1_20-eps-converted-to.pdf>
(epstopdf)                    date: 2019-07-19 18:47:35
(epstopdf)                    size: 16634 bytes
(epstopdf)             Command: <epstopdf --outfile=./All_Images./Structure_b_2
_Tri_IGA_NPSDT_Transient_h_By_a_1_20-eps-converted-to.pdf ./All_Images./Structu
re_b_2_Tri_IGA_NPSDT_Transient_h_By_a_1_20.eps>
(epstopdf)             \includegraphics on input line 146.
Package epstopdf Info: Output file is already uptodate.


pdfTeX warning: pdflatex.exe (file ./All_Images./Structure_b_2_Tri_IGA_NPSDT_Tr
ansient_h_By_a_1_20-eps-converted-to.pdf): PDF inclusion: found PDF version <1.
7>, but at most version <1.5> allowed
<./All_Images./Structure_b_2_Tri_IGA_NPSDT_Transient_h_By_a_1_20-eps-converted-
to.pdf, id=940, 1361.085pt x 723.70375pt>
File: ./All_Images./Structure_b_2_Tri_IGA_NPSDT_Transient_h_By_a_1_20-eps-conve
rted-to.pdf Graphic file (type pdf)
<use ./All_Images./Structure_b_2_Tri_IGA_NPSDT_Transient_h_By_a_1_20-eps-conver
ted-to.pdf>
Package pdftex.def Info: ./All_Images./Structure_b_2_Tri_IGA_NPSDT_Transient_h_
By_a_1_20-eps-converted-to.pdf  used on input line 146.
(pdftex.def)             Requested size: 408.32866pt x 217.1128pt.
Package epstopdf Info: Source file: <./All_Images./Structure_b_2_5_Tri_IGA_NPSD
T_Transient_h_By_a_1_20.eps>
(epstopdf)                    date: 2018-07-06 02:51:30
(epstopdf)                    size: 209606 bytes
(epstopdf)             Output file: <./All_Images./Structure_b_2_5_Tri_IGA_NPSD
T_Transient_h_By_a_1_20-eps-converted-to.pdf>
(epstopdf)                    date: 2019-07-19 18:47:36
(epstopdf)                    size: 16071 bytes
(epstopdf)             Command: <epstopdf --outfile=./All_Images./Structure_b_2
_5_Tri_IGA_NPSDT_Transient_h_By_a_1_20-eps-converted-to.pdf ./All_Images./Struc
ture_b_2_5_Tri_IGA_NPSDT_Transient_h_By_a_1_20.eps>
(epstopdf)             \includegraphics on input line 152.
Package epstopdf Info: Output file is already uptodate.


pdfTeX warning: pdflatex.exe (file ./All_Images./Structure_b_2_5_Tri_IGA_NPSDT_
Transient_h_By_a_1_20-eps-converted-to.pdf): PDF inclusion: found PDF version <
1.7>, but at most version <1.5> allowed
<./All_Images./Structure_b_2_5_Tri_IGA_NPSDT_Transient_h_By_a_1_20-eps-converte
d-to.pdf, id=941, 1361.085pt x 723.70375pt>
File: ./All_Images./Structure_b_2_5_Tri_IGA_NPSDT_Transient_h_By_a_1_20-eps-con
verted-to.pdf Graphic file (type pdf)
<use ./All_Images./Structure_b_2_5_Tri_IGA_NPSDT_Transient_h_By_a_1_20-eps-conv
erted-to.pdf>
Package pdftex.def Info: ./All_Images./Structure_b_2_5_Tri_IGA_NPSDT_Transient_
h_By_a_1_20-eps-converted-to.pdf  used on input line 152.
(pdftex.def)             Requested size: 408.32866pt x 217.1128pt.
[49 <./All_Images./Structure_b_2_Tri_IGA_NPSDT_Transient_h_By_a_1_20-eps-conver
ted-to.pdf> <./All_Images./Structure_b_2_5_Tri_IGA_NPSDT_Transient_h_By_a_1_20-
eps-converted-to.pdf>]
Package epstopdf Info: Source file: <./All_Images./For_FFT_h_a_Time_Response.ep
s>
(epstopdf)                    date: 2018-11-05 19:58:24
(epstopdf)                    size: 640035 bytes
(epstopdf)             Output file: <./All_Images./For_FFT_h_a_Time_Response-ep
s-converted-to.pdf>
(epstopdf)                    date: 2019-07-19 18:47:36
(epstopdf)                    size: 116856 bytes
(epstopdf)             Command: <epstopdf --outfile=./All_Images./For_FFT_h_a_T
ime_Response-eps-converted-to.pdf ./All_Images./For_FFT_h_a_Time_Response.eps>
(epstopdf)             \includegraphics on input line 165.
Package epstopdf Info: Output file is already uptodate.


pdfTeX warning: pdflatex.exe (file ./All_Images./For_FFT_h_a_Time_Response-eps-
converted-to.pdf): PDF inclusion: found PDF version <1.7>, but at most version 
<1.5> allowed
<./All_Images./For_FFT_h_a_Time_Response-eps-converted-to.pdf, id=977, 1275.766
25pt x 706.64pt>
File: ./All_Images./For_FFT_h_a_Time_Response-eps-converted-to.pdf Graphic file
 (type pdf)
<use ./All_Images./For_FFT_h_a_Time_Response-eps-converted-to.pdf>
Package pdftex.def Info: ./All_Images./For_FFT_h_a_Time_Response-eps-converted-
to.pdf  used on input line 165.
(pdftex.def)             Requested size: 382.73283pt x 211.99364pt.
Package epstopdf Info: Source file: <./All_Images./For_FFT_h_a.eps>
(epstopdf)                    date: 2018-11-05 19:58:23
(epstopdf)                    size: 414118 bytes
(epstopdf)             Output file: <./All_Images./For_FFT_h_a-eps-converted-to
.pdf>
(epstopdf)                    date: 2019-07-19 18:47:37
(epstopdf)                    size: 41455 bytes
(epstopdf)             Command: <epstopdf --outfile=./All_Images./For_FFT_h_a-e
ps-converted-to.pdf ./All_Images./For_FFT_h_a.eps>
(epstopdf)             \includegraphics on input line 171.
Package epstopdf Info: Output file is already uptodate.


pdfTeX warning: pdflatex.exe (file ./All_Images./For_FFT_h_a-eps-converted-to.p
df): PDF inclusion: found PDF version <1.7>, but at most version <1.5> allowed
<./All_Images./For_FFT_h_a-eps-converted-to.pdf, id=978, 1287.81125pt x 689.576
25pt>
File: ./All_Images./For_FFT_h_a-eps-converted-to.pdf Graphic file (type pdf)
<use ./All_Images./For_FFT_h_a-eps-converted-to.pdf>
Package pdftex.def Info: ./All_Images./For_FFT_h_a-eps-converted-to.pdf  used o
n input line 171.
(pdftex.def)             Requested size: 386.34636pt x 206.87447pt.
[50 <./All_Images./For_FFT_h_a_Time_Response-eps-converted-to.pdf> <./All_Image
s./For_FFT_h_a-eps-converted-to.pdf>]
Package epstopdf Info: Source file: <./All_Images/4_Layered_Sym_Cross_Ply_h_a.e
ps>
(epstopdf)                    date: 2019-05-16 01:17:00
(epstopdf)                    size: 652255 bytes
(epstopdf)             Output file: <./All_Images/4_Layered_Sym_Cross_Ply_h_a-e
ps-converted-to.pdf>
(epstopdf)                    date: 2019-07-19 18:47:38
(epstopdf)                    size: 132859 bytes
(epstopdf)             Command: <epstopdf --outfile=./All_Images/4_Layered_Sym_
Cross_Ply_h_a-eps-converted-to.pdf ./All_Images/4_Layered_Sym_Cross_Ply_h_a.eps
>
(epstopdf)             \includegraphics on input line 182.
Package epstopdf Info: Output file is already uptodate.


pdfTeX warning: pdflatex.exe (file ./All_Images/4_Layered_Sym_Cross_Ply_h_a-eps
-converted-to.pdf): PDF inclusion: found PDF version <1.7>, but at most version
 <1.5> allowed
<./All_Images/4_Layered_Sym_Cross_Ply_h_a-eps-converted-to.pdf, id=1029, 1264.7
25pt x 706.64pt>
File: ./All_Images/4_Layered_Sym_Cross_Ply_h_a-eps-converted-to.pdf Graphic fil
e (type pdf)
<use ./All_Images/4_Layered_Sym_Cross_Ply_h_a-eps-converted-to.pdf>
Package pdftex.def Info: ./All_Images/4_Layered_Sym_Cross_Ply_h_a-eps-converted
-to.pdf  used on input line 182.
(pdftex.def)             Requested size: 379.42043pt x 211.99364pt.
[51 <./All_Images/4_Layered_Sym_Cross_Ply_h_a-eps-converted-to.pdf>]
Package epstopdf Info: Source file: <./All_Images/4_Layered_Sym_Cross_Ply_E1_E2
.eps>
(epstopdf)                    date: 2019-05-16 01:16:54
(epstopdf)                    size: 641570 bytes
(epstopdf)             Output file: <./All_Images/4_Layered_Sym_Cross_Ply_E1_E2
-eps-converted-to.pdf>
(epstopdf)                    date: 2019-07-19 18:47:38
(epstopdf)                    size: 143634 bytes
(epstopdf)             Command: <epstopdf --outfile=./All_Images/4_Layered_Sym_
Cross_Ply_E1_E2-eps-converted-to.pdf ./All_Images/4_Layered_Sym_Cross_Ply_E1_E2
.eps>
(epstopdf)             \includegraphics on input line 193.
Package epstopdf Info: Output file is already uptodate.


pdfTeX warning: pdflatex.exe (file ./All_Images/4_Layered_Sym_Cross_Ply_E1_E2-e
ps-converted-to.pdf): PDF inclusion: found PDF version <1.7>, but at most versi
on <1.5> allowed
<./All_Images/4_Layered_Sym_Cross_Ply_E1_E2-eps-converted-to.pdf, id=1053, 1289
.81876pt x 706.64pt>
File: ./All_Images/4_Layered_Sym_Cross_Ply_E1_E2-eps-converted-to.pdf Graphic f
ile (type pdf)
<use ./All_Images/4_Layered_Sym_Cross_Ply_E1_E2-eps-converted-to.pdf>
Package pdftex.def Info: ./All_Images/4_Layered_Sym_Cross_Ply_E1_E2-eps-convert
ed-to.pdf  used on input line 193.
(pdftex.def)             Requested size: 386.94861pt x 211.99364pt.
[52 <./All_Images/4_Layered_Sym_Cross_Ply_E1_E2-eps-converted-to.pdf>]
Package epstopdf Info: Source file: <./All_Images/Number_Layered_Angle_Ply.eps>

(epstopdf)                    date: 2019-05-16 01:21:06
(epstopdf)                    size: 641587 bytes
(epstopdf)             Output file: <./All_Images/Number_Layered_Angle_Ply-eps-
converted-to.pdf>
(epstopdf)                    date: 2019-07-19 18:47:39
(epstopdf)                    size: 145082 bytes
(epstopdf)             Command: <epstopdf --outfile=./All_Images/Number_Layered
_Angle_Ply-eps-converted-to.pdf ./All_Images/Number_Layered_Angle_Ply.eps>
(epstopdf)             \includegraphics on input line 204.
Package epstopdf Info: Output file is already uptodate.


pdfTeX warning: pdflatex.exe (file ./All_Images/Number_Layered_Angle_Ply-eps-co
nverted-to.pdf): PDF inclusion: found PDF version <1.7>, but at most version <1
.5> allowed
<./All_Images/Number_Layered_Angle_Ply-eps-converted-to.pdf, id=1077, 1289.8187
6pt x 706.64pt>
File: ./All_Images/Number_Layered_Angle_Ply-eps-converted-to.pdf Graphic file (
type pdf)
<use ./All_Images/Number_Layered_Angle_Ply-eps-converted-to.pdf>
Package pdftex.def Info: ./All_Images/Number_Layered_Angle_Ply-eps-converted-to
.pdf  used on input line 204.
(pdftex.def)             Requested size: 386.94861pt x 211.99364pt.
[53 <./All_Images/Number_Layered_Angle_Ply-eps-converted-to.pdf>]
Package epstopdf Info: Source file: <./All_Images/4_Layered_Anti_Angle_Ply_Angl
e.eps>
(epstopdf)                    date: 2018-08-24 23:08:05
(epstopdf)                    size: 639969 bytes
(epstopdf)             Output file: <./All_Images/4_Layered_Anti_Angle_Ply_Angl
e-eps-converted-to.pdf>
(epstopdf)                    date: 2019-07-19 18:47:40
(epstopdf)                    size: 144620 bytes
(epstopdf)             Command: <epstopdf --outfile=./All_Images/4_Layered_Anti
_Angle_Ply_Angle-eps-converted-to.pdf ./All_Images/4_Layered_Anti_Angle_Ply_Ang
le.eps>
(epstopdf)             \includegraphics on input line 215.
Package epstopdf Info: Output file is already uptodate.


pdfTeX warning: pdflatex.exe (file ./All_Images/4_Layered_Anti_Angle_Ply_Angle-
eps-converted-to.pdf): PDF inclusion: found PDF version <1.7>, but at most vers
ion <1.5> allowed
<./All_Images/4_Layered_Anti_Angle_Ply_Angle-eps-converted-to.pdf, id=1101, 128
9.81876pt x 706.64pt>
File: ./All_Images/4_Layered_Anti_Angle_Ply_Angle-eps-converted-to.pdf Graphic 
file (type pdf)
<use ./All_Images/4_Layered_Anti_Angle_Ply_Angle-eps-converted-to.pdf>
Package pdftex.def Info: ./All_Images/4_Layered_Anti_Angle_Ply_Angle-eps-conver
ted-to.pdf  used on input line 215.
(pdftex.def)             Requested size: 386.94861pt x 211.99364pt.
) [54 <./All_Images/4_Layered_Anti_Angle_Ply_Angle-eps-converted-to.pdf>]
(Manuscript_COMP_PartB_Dec_2018.lot
Overfull \hbox (3.66228pt too wide) in paragraph at lines 5--5
 [][] [][][]\OT1/cmr/m/n/12 First six nat-u-ral fre-quen-cies of anti-symmetric
 lam-i-nated plate $[]$ 
 []

)
\tf@lot=\write8
\openout8 = `Manuscript_COMP_PartB_Dec_2018.lot'.

 [55

















] (Manuscript_COMP_PartB_Dec_2018.ttt
Underfull \hbox (badness 6125) in paragraph at lines 2--2
|[][]\OT1/cmr/m/n/12 Non-dimensional de-flec-tion and stresses for sim-ply sup-
ported square lam-i-nated
 []

[56] [57] [58]
Underfull \hbox (badness 4582) in paragraph at lines 106--106
|[][]\OT1/cmr/m/n/12 A non-dimensional nat-u-ral fre-quency pa-ram-e-ter $[] = 
(100\OML/cmm/m/it/12 !a\OT1/cmr/m/n/12 )(\OML/cmm/m/it/12 []=E[]\OT1/cmr/m/n/1
2 )[]$ of a
 []

[59] [60]) [61]
Package atveryend Info: Empty hook `BeforeClearDocument' on input line 1602.
Package atveryend Info: Empty hook `AfterLastShipout' on input line 1602.
 (Manuscript_COMP_PartB_Dec_2018.aux)
Package atveryend Info: Executing hook `AtVeryEndDocument' on input line 1602.
Package atveryend Info: Executing hook `AtEndAfterFileList' on input line 1602.

Package rerunfilecheck Info: File `Manuscript_COMP_PartB_Dec_2018.out' has not 
changed.
(rerunfilecheck)             Checksum: A50D1BB14D08D15B6D0F108019CABA62;2658.


LaTeX Warning: Label(s) may have changed. Rerun to get cross-references right.

Package atveryend Info: Empty hook `AtVeryVeryEnd' on input line 1602.
 ) 
Here is how much of TeX's memory you used:
 23915 strings out of 492895
 423864 string characters out of 3121400
 509427 words of memory out of 3000000
 27286 multiletter control sequences out of 15000+200000
 546101 words of font info for 76 fonts, out of 3000000 for 9000
 1141 hyphenation exceptions out of 8191
 42i,17n,63p,2483b,2878s stack positions out of 5000i,500n,10000p,200000b,50000s
 <C:\Users\dd10sverma\AppData\Local\MiKTeX\2.9\fonts/pk/ljfour/jknappen/ec/dp
i600\tcrm1200.pk><C:/Users/dd10sverma/AppData/Local/Programs/MiKTeX 2.9/fonts/t
ype1/public/amsfonts/cm/cmbx10.pfb><C:/Users/dd10sverma/AppData/Local/Programs/
MiKTeX 2.9/fonts/type1/public/amsfonts/cm/cmbx12.pfb><C:/Users/dd10sverma/AppDa
ta/Local/Programs/MiKTeX 2.9/fonts/type1/public/amsfonts/cm/cmbx8.pfb><C:/Users
/dd10sverma/AppData/Local/Programs/MiKTeX 2.9/fonts/type1/public/amsfonts/cm/cm
bxti10.pfb><C:/Users/dd10sverma/AppData/Local/Programs/MiKTeX 2.9/fonts/type1/p
ublic/amsfonts/cm/cmex10.pfb><C:/Users/dd10sverma/AppData/Local/Programs/MiKTeX
 2.9/fonts/type1/public/amsfonts/cm/cmmi10.pfb><C:/Users/dd10sverma/AppData/Loc
al/Programs/MiKTeX 2.9/fonts/type1/public/amsfonts/cm/cmmi12.pfb><C:/Users/dd10
sverma/AppData/Local/Programs/MiKTeX 2.9/fonts/type1/public/amsfonts/cm/cmmi6.p
fb><C:/Users/dd10sverma/AppData/Local/Programs/MiKTeX 2.9/fonts/type1/public/am
sfonts/cm/cmmi7.pfb><C:/Users/dd10sverma/AppData/Local/Programs/MiKTeX 2.9/font
s/type1/public/amsfonts/cm/cmmi8.pfb><C:/Users/dd10sverma/AppData/Local/Program
s/MiKTeX 2.9/fonts/type1/public/amsfonts/cm/cmmib10.pfb><C:/Users/dd10sverma/Ap
pData/Local/Programs/MiKTeX 2.9/fonts/type1/public/amsfonts/cmextra/cmmib8.pfb>
<C:/Users/dd10sverma/AppData/Local/Programs/MiKTeX 2.9/fonts/type1/public/amsfo
nts/cm/cmr10.pfb><C:/Users/dd10sverma/AppData/Local/Programs/MiKTeX 2.9/fonts/t
ype1/public/amsfonts/cm/cmr12.pfb><C:/Users/dd10sverma/AppData/Local/Programs/M
iKTeX 2.9/fonts/type1/public/amsfonts/cm/cmr17.pfb><C:/Users/dd10sverma/AppData
/Local/Programs/MiKTeX 2.9/fonts/type1/public/amsfonts/cm/cmr6.pfb><C:/Users/dd
10sverma/AppData/Local/Programs/MiKTeX 2.9/fonts/type1/public/amsfonts/cm/cmr7.
pfb><C:/Users/dd10sverma/AppData/Local/Programs/MiKTeX 2.9/fonts/type1/public/a
msfonts/cm/cmr8.pfb><C:/Users/dd10sverma/AppData/Local/Programs/MiKTeX 2.9/font
s/type1/public/amsfonts/cm/cmss8.pfb><C:/Users/dd10sverma/AppData/Local/Program
s/MiKTeX 2.9/fonts/type1/public/amsfonts/cm/cmsy10.pfb><C:/Users/dd10sverma/App
Data/Local/Programs/MiKTeX 2.9/fonts/type1/public/amsfonts/cm/cmsy7.pfb><C:/Use
rs/dd10sverma/AppData/Local/Programs/MiKTeX 2.9/fonts/type1/public/amsfonts/cm/
cmsy8.pfb><C:/Users/dd10sverma/AppData/Local/Programs/MiKTeX 2.9/fonts/type1/pu
blic/amsfonts/cm/cmti10.pfb><C:/Users/dd10sverma/AppData/Local/Programs/MiKTeX 
2.9/fonts/type1/public/amsfonts/cm/cmti12.pfb><C:/Users/dd10sverma/AppData/Loca
l/Programs/MiKTeX 2.9/fonts/type1/public/amsfonts/cm/cmtt10.pfb><C:/Users/dd10s
verma/AppData/Local/Programs/MiKTeX 2.9/fonts/type1/public/amsfonts/symbols/msb
m10.pfb>
Output written on Manuscript_COMP_PartB_Dec_2018.pdf (61 pages, 1743667 bytes).

PDF statistics:
 1373 PDF objects out of 1440 (max. 8388607)
 249 named destinations out of 1000 (max. 500000)
 353 words of extra memory for PDF output out of 10000 (max. 10000000)

